11-Nov-2019 00:05:49.259 WARNING [http-nio-8080-exec-38] org.apache.catalina.realm.LockOutRealm.filterLockedAccounts An attempt was made to authenticate the locked user [admin]
11-Nov-2019 00:05:50.479 WARNING [http-nio-8080-exec-39] org.apache.catalina.realm.LockOutRealm.filterLockedAccounts An attempt was made to authenticate the locked user [admin]
11-Nov-2019 00:05:51.118 WARNING [http-nio-8080-exec-41] org.apache.catalina.realm.LockOutRealm.filterLockedAccounts An attempt was made to authenticate the locked user [admin]
11-Nov-2019 00:05:52.650 WARNING [http-nio-8080-exec-43] org.apache.catalina.realm.LockOutRealm.filterLockedAccounts An attempt was made to authenticate the locked user [tomcat]
11-Nov-2019 00:05:52.950 WARNING [http-nio-8080-exec-44] org.apache.catalina.realm.LockOutRealm.filterLockedAccounts An attempt was made to authenticate the locked user [tomcat]
11-Nov-2019 00:05:53.244 WARNING [http-nio-8080-exec-35] org.apache.catalina.realm.LockOutRealm.filterLockedAccounts An attempt was made to authenticate the locked user [tomcat]
11-Nov-2019 00:05:56.354 WARNING [http-nio-8080-exec-40] org.apache.catalina.realm.LockOutRealm.filterLockedAccounts An attempt was made to authenticate the locked user [root]
11-Nov-2019 00:05:56.650 WARNING [http-nio-8080-exec-42] org.apache.catalina.realm.LockOutRealm.filterLockedAccounts An attempt was made to authenticate the locked user [root]
11-Nov-2019 00:05:56.932 WARNING [http-nio-8080-exec-36] org.apache.catalina.realm.LockOutRealm.filterLockedAccounts An attempt was made to authenticate the locked user [root]
11-Nov-2019 01:11:53.408 WARNING [http-nio-8080-exec-41] org.apache.catalina.realm.LockOutRealm.filterLockedAccounts An attempt was made to authenticate the locked user [tomcat]
11-Nov-2019 01:11:53.882 WARNING [http-nio-8080-exec-43] org.apache.catalina.realm.LockOutRealm.filterLockedAccounts An attempt was made to authenticate the locked user [manager]
11-Nov-2019 01:11:54.363 WARNING [http-nio-8080-exec-41] org.apache.catalina.realm.LockOutRealm.filterLockedAccounts An attempt was made to authenticate the locked user [admin]
11-Nov-2019 01:11:54.837 WARNING [http-nio-8080-exec-43] org.apache.catalina.realm.LockOutRealm.filterLockedAccounts An attempt was made to authenticate the locked user [root]
11-Nov-2019 01:11:55.311 WARNING [http-nio-8080-exec-41] org.apache.catalina.realm.LockOutRealm.filterLockedAccounts An attempt was made to authenticate the locked user [role1]
11-Nov-2019 01:11:55.807 WARNING [http-nio-8080-exec-43] org.apache.catalina.realm.LockOutRealm.filterLockedAccounts An attempt was made to authenticate the locked user [pluto]
11-Nov-2019 01:11:56.281 WARNING [http-nio-8080-exec-41] org.apache.catalina.realm.LockOutRealm.filterLockedAccounts An attempt was made to authenticate the locked user [both]
11-Nov-2019 01:11:56.756 WARNING [http-nio-8080-exec-43] org.apache.catalina.realm.LockOutRealm.filterLockedAccounts An attempt was made to authenticate the locked user [test]
11-Nov-2019 01:11:57.239 WARNING [http-nio-8080-exec-41] org.apache.catalina.realm.LockOutRealm.filterLockedAccounts An attempt was made to authenticate the locked user [administrator]
11-Nov-2019 04:01:29.411 WARNING [http-nio-8080-exec-42] org.apache.catalina.realm.LockOutRealm.filterLockedAccounts An attempt was made to authenticate the locked user [tomcat]
11-Nov-2019 04:01:29.881 WARNING [http-nio-8080-exec-38] org.apache.catalina.realm.LockOutRealm.filterLockedAccounts An attempt was made to authenticate the locked user [manager]
11-Nov-2019 04:01:30.351 WARNING [http-nio-8080-exec-42] org.apache.catalina.realm.LockOutRealm.filterLockedAccounts An attempt was made to authenticate the locked user [admin]
11-Nov-2019 04:01:30.811 WARNING [http-nio-8080-exec-38] org.apache.catalina.realm.LockOutRealm.filterLockedAccounts An attempt was made to authenticate the locked user [root]
11-Nov-2019 04:01:31.291 WARNING [http-nio-8080-exec-42] org.apache.catalina.realm.LockOutRealm.filterLockedAccounts An attempt was made to authenticate the locked user [role1]
11-Nov-2019 04:01:31.760 WARNING [http-nio-8080-exec-38] org.apache.catalina.realm.LockOutRealm.filterLockedAccounts An attempt was made to authenticate the locked user [pluto]
11-Nov-2019 04:01:32.221 WARNING [http-nio-8080-exec-42] org.apache.catalina.realm.LockOutRealm.filterLockedAccounts An attempt was made to authenticate the locked user [both]
11-Nov-2019 04:01:32.702 WARNING [http-nio-8080-exec-38] org.apache.catalina.realm.LockOutRealm.filterLockedAccounts An attempt was made to authenticate the locked user [test]
11-Nov-2019 04:01:33.172 WARNING [http-nio-8080-exec-42] org.apache.catalina.realm.LockOutRealm.filterLockedAccounts An attempt was made to authenticate the locked user [administrator]
11-Nov-2019 06:55:11.533 WARNING [http-nio-8080-exec-35] org.apache.catalina.realm.LockOutRealm.filterLockedAccounts An attempt was made to authenticate the locked user [tomcat]
11-Nov-2019 06:55:12.007 WARNING [http-nio-8080-exec-40] org.apache.catalina.realm.LockOutRealm.filterLockedAccounts An attempt was made to authenticate the locked user [manager]
11-Nov-2019 06:55:12.496 WARNING [http-nio-8080-exec-35] org.apache.catalina.realm.LockOutRealm.filterLockedAccounts An attempt was made to authenticate the locked user [admin]
11-Nov-2019 06:55:12.966 WARNING [http-nio-8080-exec-40] org.apache.catalina.realm.LockOutRealm.filterLockedAccounts An attempt was made to authenticate the locked user [root]
11-Nov-2019 06:55:13.437 WARNING [http-nio-8080-exec-35] org.apache.catalina.realm.LockOutRealm.filterLockedAccounts An attempt was made to authenticate the locked user [role1]
11-Nov-2019 06:55:13.910 WARNING [http-nio-8080-exec-40] org.apache.catalina.realm.LockOutRealm.filterLockedAccounts An attempt was made to authenticate the locked user [pluto]
11-Nov-2019 06:55:14.385 WARNING [http-nio-8080-exec-35] org.apache.catalina.realm.LockOutRealm.filterLockedAccounts An attempt was made to authenticate the locked user [both]
11-Nov-2019 06:55:14.852 WARNING [http-nio-8080-exec-40] org.apache.catalina.realm.LockOutRealm.filterLockedAccounts An attempt was made to authenticate the locked user [test]
11-Nov-2019 06:55:15.315 WARNING [http-nio-8080-exec-35] org.apache.catalina.realm.LockOutRealm.filterLockedAccounts An attempt was made to authenticate the locked user [administrator]
11-Nov-2019 07:58:31.949 WARNING [http-nio-8080-exec-39] org.apache.catalina.realm.LockOutRealm.filterLockedAccounts An attempt was made to authenticate the locked user [admin]
11-Nov-2019 07:58:32.217 WARNING [http-nio-8080-exec-41] org.apache.catalina.realm.LockOutRealm.filterLockedAccounts An attempt was made to authenticate the locked user [admin]
11-Nov-2019 07:58:32.454 WARNING [http-nio-8080-exec-37] org.apache.catalina.realm.LockOutRealm.filterLockedAccounts An attempt was made to authenticate the locked user [admin]
11-Nov-2019 07:58:36.221 WARNING [http-nio-8080-exec-44] org.apache.catalina.realm.LockOutRealm.filterLockedAccounts An attempt was made to authenticate the locked user [tomcat]
11-Nov-2019 07:58:36.494 WARNING [http-nio-8080-exec-35] org.apache.catalina.realm.LockOutRealm.filterLockedAccounts An attempt was made to authenticate the locked user [tomcat]
11-Nov-2019 07:58:37.711 WARNING [http-nio-8080-exec-38] org.apache.catalina.realm.LockOutRealm.filterLockedAccounts An attempt was made to authenticate the locked user [tomcat]
11-Nov-2019 07:58:41.710 WARNING [http-nio-8080-exec-42] org.apache.catalina.realm.LockOutRealm.filterLockedAccounts An attempt was made to authenticate the locked user [root]
11-Nov-2019 07:58:42.257 WARNING [http-nio-8080-exec-36] org.apache.catalina.realm.LockOutRealm.filterLockedAccounts An attempt was made to authenticate the locked user [root]
11-Nov-2019 07:58:43.731 WARNING [http-nio-8080-exec-44] org.apache.catalina.realm.LockOutRealm.filterLockedAccounts An attempt was made to authenticate the locked user [root]
11-Nov-2019 10:00:12.267 WARNING [http-nio-8080-exec-44] org.apache.catalina.realm.LockOutRealm.filterLockedAccounts An attempt was made to authenticate the locked user [tomcat]
11-Nov-2019 10:00:12.751 WARNING [http-nio-8080-exec-37] org.apache.catalina.realm.LockOutRealm.filterLockedAccounts An attempt was made to authenticate the locked user [manager]
11-Nov-2019 10:00:13.218 WARNING [http-nio-8080-exec-44] org.apache.catalina.realm.LockOutRealm.filterLockedAccounts An attempt was made to authenticate the locked user [admin]
11-Nov-2019 10:00:13.696 WARNING [http-nio-8080-exec-37] org.apache.catalina.realm.LockOutRealm.filterLockedAccounts An attempt was made to authenticate the locked user [root]
11-Nov-2019 10:00:14.153 WARNING [http-nio-8080-exec-44] org.apache.catalina.realm.LockOutRealm.filterLockedAccounts An attempt was made to authenticate the locked user [role1]
11-Nov-2019 10:00:14.622 WARNING [http-nio-8080-exec-37] org.apache.catalina.realm.LockOutRealm.filterLockedAccounts An attempt was made to authenticate the locked user [pluto]
11-Nov-2019 10:00:15.082 WARNING [http-nio-8080-exec-44] org.apache.catalina.realm.LockOutRealm.filterLockedAccounts An attempt was made to authenticate the locked user [both]
11-Nov-2019 10:00:15.535 WARNING [http-nio-8080-exec-37] org.apache.catalina.realm.LockOutRealm.filterLockedAccounts An attempt was made to authenticate the locked user [test]
11-Nov-2019 10:00:15.993 WARNING [http-nio-8080-exec-44] org.apache.catalina.realm.LockOutRealm.filterLockedAccounts An attempt was made to authenticate the locked user [administrator]
11-Nov-2019 12:53:37.206 WARNING [http-nio-8080-exec-43] org.apache.catalina.realm.LockOutRealm.filterLockedAccounts An attempt was made to authenticate the locked user [tomcat]
11-Nov-2019 12:53:37.698 WARNING [http-nio-8080-exec-41] org.apache.catalina.realm.LockOutRealm.filterLockedAccounts An attempt was made to authenticate the locked user [manager]
11-Nov-2019 12:53:38.166 WARNING [http-nio-8080-exec-43] org.apache.catalina.realm.LockOutRealm.filterLockedAccounts An attempt was made to authenticate the locked user [admin]
11-Nov-2019 12:53:38.627 WARNING [http-nio-8080-exec-41] org.apache.catalina.realm.LockOutRealm.filterLockedAccounts An attempt was made to authenticate the locked user [root]
11-Nov-2019 12:53:39.094 WARNING [http-nio-8080-exec-43] org.apache.catalina.realm.LockOutRealm.filterLockedAccounts An attempt was made to authenticate the locked user [role1]
11-Nov-2019 12:53:39.567 WARNING [http-nio-8080-exec-41] org.apache.catalina.realm.LockOutRealm.filterLockedAccounts An attempt was made to authenticate the locked user [pluto]
11-Nov-2019 12:53:40.031 WARNING [http-nio-8080-exec-43] org.apache.catalina.realm.LockOutRealm.filterLockedAccounts An attempt was made to authenticate the locked user [both]
11-Nov-2019 12:53:40.494 WARNING [http-nio-8080-exec-41] org.apache.catalina.realm.LockOutRealm.filterLockedAccounts An attempt was made to authenticate the locked user [test]
11-Nov-2019 12:53:40.951 WARNING [http-nio-8080-exec-43] org.apache.catalina.realm.LockOutRealm.filterLockedAccounts An attempt was made to authenticate the locked user [administrator]
11-Nov-2019 16:03:10.959 WARNING [http-nio-8080-exec-42] org.apache.catalina.realm.LockOutRealm.filterLockedAccounts An attempt was made to authenticate the locked user [tomcat]
11-Nov-2019 16:03:11.461 WARNING [http-nio-8080-exec-38] org.apache.catalina.realm.LockOutRealm.filterLockedAccounts An attempt was made to authenticate the locked user [manager]
11-Nov-2019 16:03:11.926 WARNING [http-nio-8080-exec-42] org.apache.catalina.realm.LockOutRealm.filterLockedAccounts An attempt was made to authenticate the locked user [admin]
11-Nov-2019 16:03:12.415 WARNING [http-nio-8080-exec-38] org.apache.catalina.realm.LockOutRealm.filterLockedAccounts An attempt was made to authenticate the locked user [root]
11-Nov-2019 16:03:12.883 WARNING [http-nio-8080-exec-42] org.apache.catalina.realm.LockOutRealm.filterLockedAccounts An attempt was made to authenticate the locked user [role1]
11-Nov-2019 16:03:13.356 WARNING [http-nio-8080-exec-38] org.apache.catalina.realm.LockOutRealm.filterLockedAccounts An attempt was made to authenticate the locked user [pluto]
11-Nov-2019 16:03:13.820 WARNING [http-nio-8080-exec-42] org.apache.catalina.realm.LockOutRealm.filterLockedAccounts An attempt was made to authenticate the locked user [both]
11-Nov-2019 16:03:14.285 WARNING [http-nio-8080-exec-38] org.apache.catalina.realm.LockOutRealm.filterLockedAccounts An attempt was made to authenticate the locked user [test]
11-Nov-2019 16:03:14.745 WARNING [http-nio-8080-exec-42] org.apache.catalina.realm.LockOutRealm.filterLockedAccounts An attempt was made to authenticate the locked user [administrator]
11-Nov-2019 17:15:32.048 SEVERE [ajp-nio-8009-exec-21] org.apache.coyote.ajp.AjpMessage.processHeader Invalid message received with signature [18245]
11-Nov-2019 17:15:32.082 SEVERE [ajp-nio-8009-exec-22] org.apache.coyote.ajp.AjpMessage.processHeader Invalid message received with signature [0]
11-Nov-2019 19:18:12.849 WARNING [http-nio-8080-exec-41] org.apache.catalina.realm.LockOutRealm.filterLockedAccounts An attempt was made to authenticate the locked user [tomcat]
11-Nov-2019 19:18:13.326 WARNING [http-nio-8080-exec-43] org.apache.catalina.realm.LockOutRealm.filterLockedAccounts An attempt was made to authenticate the locked user [manager]
11-Nov-2019 19:18:13.806 WARNING [http-nio-8080-exec-41] org.apache.catalina.realm.LockOutRealm.filterLockedAccounts An attempt was made to authenticate the locked user [admin]
11-Nov-2019 19:18:14.278 WARNING [http-nio-8080-exec-43] org.apache.catalina.realm.LockOutRealm.filterLockedAccounts An attempt was made to authenticate the locked user [root]
11-Nov-2019 19:18:14.764 WARNING [http-nio-8080-exec-41] org.apache.catalina.realm.LockOutRealm.filterLockedAccounts An attempt was made to authenticate the locked user [role1]
11-Nov-2019 19:18:15.242 WARNING [http-nio-8080-exec-43] org.apache.catalina.realm.LockOutRealm.filterLockedAccounts An attempt was made to authenticate the locked user [pluto]
11-Nov-2019 19:18:15.705 WARNING [http-nio-8080-exec-41] org.apache.catalina.realm.LockOutRealm.filterLockedAccounts An attempt was made to authenticate the locked user [both]
11-Nov-2019 19:18:16.186 WARNING [http-nio-8080-exec-43] org.apache.catalina.realm.LockOutRealm.filterLockedAccounts An attempt was made to authenticate the locked user [test]
11-Nov-2019 19:18:16.666 WARNING [http-nio-8080-exec-41] org.apache.catalina.realm.LockOutRealm.filterLockedAccounts An attempt was made to authenticate the locked user [administrator]
11-Nov-2019 22:04:51.398 WARNING [http-nio-8080-exec-42] org.apache.catalina.realm.LockOutRealm.filterLockedAccounts An attempt was made to authenticate the locked user [tomcat]
11-Nov-2019 22:04:51.871 WARNING [http-nio-8080-exec-38] org.apache.catalina.realm.LockOutRealm.filterLockedAccounts An attempt was made to authenticate the locked user [manager]
11-Nov-2019 22:04:52.408 WARNING [http-nio-8080-exec-42] org.apache.catalina.realm.LockOutRealm.filterLockedAccounts An attempt was made to authenticate the locked user [admin]
11-Nov-2019 22:04:52.893 WARNING [http-nio-8080-exec-38] org.apache.catalina.realm.LockOutRealm.filterLockedAccounts An attempt was made to authenticate the locked user [root]
11-Nov-2019 22:04:53.367 WARNING [http-nio-8080-exec-42] org.apache.catalina.realm.LockOutRealm.filterLockedAccounts An attempt was made to authenticate the locked user [role1]
11-Nov-2019 22:04:53.869 WARNING [http-nio-8080-exec-38] org.apache.catalina.realm.LockOutRealm.filterLockedAccounts An attempt was made to authenticate the locked user [pluto]
11-Nov-2019 22:04:54.350 WARNING [http-nio-8080-exec-42] org.apache.catalina.realm.LockOutRealm.filterLockedAccounts An attempt was made to authenticate the locked user [both]
11-Nov-2019 22:04:54.844 WARNING [http-nio-8080-exec-38] org.apache.catalina.realm.LockOutRealm.filterLockedAccounts An attempt was made to authenticate the locked user [test]
11-Nov-2019 22:04:55.340 WARNING [http-nio-8080-exec-42] org.apache.catalina.realm.LockOutRealm.filterLockedAccounts An attempt was made to authenticate the locked user [administrator]
