26-Oct-2019 13:24:16.927 INFO [Catalina-utility-1] org.apache.catalina.startup.HostConfig.deployDirectory Deploying web application directory [/opt/tomcat/webapps/temp_save]
26-Oct-2019 13:24:17.235 INFO [Catalina-utility-1] org.apache.catalina.startup.HostConfig.deployDirectory Deployment of web application directory [/opt/tomcat/webapps/temp_save] has finished in [302] ms
26-Oct-2019 13:34:03.818 INFO [main] org.apache.catalina.core.StandardServer.await A valid shutdown command was received via the shutdown port. Stopping the Server instance.
26-Oct-2019 13:34:03.821 INFO [main] org.apache.coyote.AbstractProtocol.pause Pausing ProtocolHandler ["http-nio-8080"]
26-Oct-2019 13:34:03.839 INFO [main] org.apache.coyote.AbstractProtocol.pause Pausing ProtocolHandler ["ajp-nio-8009"]
26-Oct-2019 13:34:03.900 INFO [main] org.apache.catalina.core.StandardService.stopInternal Stopping service [Catalina]
26-Oct-2019 13:34:04.231 INFO [main] org.apache.coyote.AbstractProtocol.stop Stopping ProtocolHandler ["http-nio-8080"]
26-Oct-2019 13:34:04.256 INFO [main] org.apache.coyote.AbstractProtocol.stop Stopping ProtocolHandler ["ajp-nio-8009"]
26-Oct-2019 13:34:04.272 INFO [main] org.apache.coyote.AbstractProtocol.destroy Destroying ProtocolHandler ["http-nio-8080"]
26-Oct-2019 13:34:04.288 INFO [main] org.apache.coyote.AbstractProtocol.destroy Destroying ProtocolHandler ["ajp-nio-8009"]
26-Oct-2019 13:34:08.898 INFO [main] org.apache.catalina.startup.VersionLoggerListener.log Server version name:   Apache Tomcat/9.0.27
26-Oct-2019 13:34:08.908 INFO [main] org.apache.catalina.startup.VersionLoggerListener.log Server built:          Oct 7 2019 09:57:22 UTC
26-Oct-2019 13:34:08.909 INFO [main] org.apache.catalina.startup.VersionLoggerListener.log Server version number: 9.0.27.0
26-Oct-2019 13:34:08.909 INFO [main] org.apache.catalina.startup.VersionLoggerListener.log OS Name:               Linux
26-Oct-2019 13:34:08.910 INFO [main] org.apache.catalina.startup.VersionLoggerListener.log OS Version:            4.4.0-66-generic
26-Oct-2019 13:34:08.910 INFO [main] org.apache.catalina.startup.VersionLoggerListener.log Architecture:          amd64
26-Oct-2019 13:34:08.911 INFO [main] org.apache.catalina.startup.VersionLoggerListener.log Java Home:             /usr/lib/jvm/java-8-openjdk-amd64/jre
26-Oct-2019 13:34:08.911 INFO [main] org.apache.catalina.startup.VersionLoggerListener.log JVM Version:           1.8.0_222-8u222-b10-1ubuntu1~16.04.1-b10
26-Oct-2019 13:34:08.912 INFO [main] org.apache.catalina.startup.VersionLoggerListener.log JVM Vendor:            Private Build
26-Oct-2019 13:34:08.912 INFO [main] org.apache.catalina.startup.VersionLoggerListener.log CATALINA_BASE:         /opt/tomcat
26-Oct-2019 13:34:08.912 INFO [main] org.apache.catalina.startup.VersionLoggerListener.log CATALINA_HOME:         /opt/tomcat
26-Oct-2019 13:34:08.958 INFO [main] org.apache.catalina.startup.VersionLoggerListener.log Command line argument: -Djava.util.logging.config.file=/opt/tomcat/conf/logging.properties
26-Oct-2019 13:34:08.959 INFO [main] org.apache.catalina.startup.VersionLoggerListener.log Command line argument: -Djava.util.logging.manager=org.apache.juli.ClassLoaderLogManager
26-Oct-2019 13:34:08.960 INFO [main] org.apache.catalina.startup.VersionLoggerListener.log Command line argument: -Djava.awt.headless=true
26-Oct-2019 13:34:08.960 INFO [main] org.apache.catalina.startup.VersionLoggerListener.log Command line argument: -Djava.security.egd=file:/dev/./urandom
26-Oct-2019 13:34:08.961 INFO [main] org.apache.catalina.startup.VersionLoggerListener.log Command line argument: -Djdk.tls.ephemeralDHKeySize=2048
26-Oct-2019 13:34:08.961 INFO [main] org.apache.catalina.startup.VersionLoggerListener.log Command line argument: -Djava.protocol.handler.pkgs=org.apache.catalina.webresources
26-Oct-2019 13:34:08.961 INFO [main] org.apache.catalina.startup.VersionLoggerListener.log Command line argument: -Dorg.apache.catalina.security.SecurityListener.UMASK=0027
26-Oct-2019 13:34:08.962 INFO [main] org.apache.catalina.startup.VersionLoggerListener.log Command line argument: -Xms512M
26-Oct-2019 13:34:08.964 INFO [main] org.apache.catalina.startup.VersionLoggerListener.log Command line argument: -Xmx1024M
26-Oct-2019 13:34:08.964 INFO [main] org.apache.catalina.startup.VersionLoggerListener.log Command line argument: -XX:+UseParallelGC
26-Oct-2019 13:34:08.965 INFO [main] org.apache.catalina.startup.VersionLoggerListener.log Command line argument: -Dignore.endorsed.dirs=
26-Oct-2019 13:34:08.966 INFO [main] org.apache.catalina.startup.VersionLoggerListener.log Command line argument: -Dcatalina.base=/opt/tomcat
26-Oct-2019 13:34:08.967 INFO [main] org.apache.catalina.startup.VersionLoggerListener.log Command line argument: -Dcatalina.home=/opt/tomcat
26-Oct-2019 13:34:08.967 INFO [main] org.apache.catalina.startup.VersionLoggerListener.log Command line argument: -Djava.io.tmpdir=/opt/tomcat/temp
26-Oct-2019 13:34:08.967 INFO [main] org.apache.catalina.core.AprLifecycleListener.lifecycleEvent The APR based Apache Tomcat Native library which allows optimal performance in production environments was not found on the java.library.path: [/usr/java/packages/lib/amd64:/usr/lib/x86_64-linux-gnu/jni:/lib/x86_64-linux-gnu:/usr/lib/x86_64-linux-gnu:/usr/lib/jni:/lib:/usr/lib]
26-Oct-2019 13:34:11.751 INFO [main] org.apache.coyote.AbstractProtocol.init Initializing ProtocolHandler ["http-nio-8080"]
26-Oct-2019 13:34:11.892 INFO [main] org.apache.coyote.AbstractProtocol.init Initializing ProtocolHandler ["ajp-nio-8009"]
26-Oct-2019 13:34:11.905 INFO [main] org.apache.catalina.startup.Catalina.load Server initialization in [4,585] milliseconds
26-Oct-2019 13:34:12.167 INFO [main] org.apache.catalina.core.StandardService.startInternal Starting service [Catalina]
26-Oct-2019 13:34:12.168 INFO [main] org.apache.catalina.core.StandardEngine.startInternal Starting Servlet engine: [Apache Tomcat/9.0.27]
26-Oct-2019 13:34:12.201 SEVERE [main] org.apache.catalina.startup.HostConfig.beforeStart Unable to create directory for deployment: [/opt/tomcat/conf/Catalina/localhost]
26-Oct-2019 13:34:12.247 INFO [main] org.apache.catalina.startup.HostConfig.deployDirectory Deploying web application directory [/opt/tomcat/webapps/host-manager]
26-Oct-2019 13:34:13.707 INFO [main] org.apache.catalina.startup.HostConfig.deployDirectory Deployment of web application directory [/opt/tomcat/webapps/host-manager] has finished in [1,459] ms
26-Oct-2019 13:34:13.710 INFO [main] org.apache.catalina.startup.HostConfig.deployDirectory Deploying web application directory [/opt/tomcat/webapps/examples]
26-Oct-2019 13:34:15.508 INFO [main] org.apache.catalina.startup.HostConfig.deployDirectory Deployment of web application directory [/opt/tomcat/webapps/examples] has finished in [1,797] ms
26-Oct-2019 13:34:15.509 INFO [main] org.apache.catalina.startup.HostConfig.deployDirectory Deploying web application directory [/opt/tomcat/webapps/manager]
26-Oct-2019 13:34:15.639 INFO [main] org.apache.catalina.startup.HostConfig.deployDirectory Deployment of web application directory [/opt/tomcat/webapps/manager] has finished in [129] ms
26-Oct-2019 13:34:15.642 INFO [main] org.apache.catalina.startup.HostConfig.deployDirectory Deploying web application directory [/opt/tomcat/webapps/docs]
26-Oct-2019 13:34:15.742 INFO [main] org.apache.catalina.startup.HostConfig.deployDirectory Deployment of web application directory [/opt/tomcat/webapps/docs] has finished in [100] ms
26-Oct-2019 13:34:15.743 INFO [main] org.apache.catalina.startup.HostConfig.deployDirectory Deploying web application directory [/opt/tomcat/webapps/temp_save]
26-Oct-2019 13:34:15.915 INFO [main] org.apache.catalina.startup.HostConfig.deployDirectory Deployment of web application directory [/opt/tomcat/webapps/temp_save] has finished in [169] ms
26-Oct-2019 13:34:15.918 INFO [main] org.apache.catalina.startup.HostConfig.deployDirectory Deploying web application directory [/opt/tomcat/webapps/ROOT]
26-Oct-2019 13:34:16.161 INFO [main] org.apache.catalina.startup.HostConfig.deployDirectory Deployment of web application directory [/opt/tomcat/webapps/ROOT] has finished in [234] ms
26-Oct-2019 13:34:16.191 INFO [main] org.apache.coyote.AbstractProtocol.start Starting ProtocolHandler ["http-nio-8080"]
26-Oct-2019 13:34:16.219 INFO [main] org.apache.coyote.AbstractProtocol.start Starting ProtocolHandler ["ajp-nio-8009"]
26-Oct-2019 13:34:16.227 INFO [main] org.apache.catalina.startup.Catalina.start Server startup in [4,320] milliseconds
26-Oct-2019 13:34:56.289 INFO [Catalina-utility-2] org.apache.catalina.startup.HostConfig.reload Reloading context []
26-Oct-2019 13:34:56.292 INFO [Catalina-utility-2] org.apache.catalina.core.StandardContext.reload Reloading Context with name [] has started
26-Oct-2019 13:34:56.787 INFO [Catalina-utility-2] org.apache.catalina.core.StandardContext.reload Reloading Context with name [] is completed
26-Oct-2019 13:35:05.309 INFO [main] org.apache.catalina.core.StandardServer.await A valid shutdown command was received via the shutdown port. Stopping the Server instance.
26-Oct-2019 13:35:05.310 INFO [main] org.apache.coyote.AbstractProtocol.pause Pausing ProtocolHandler ["http-nio-8080"]
26-Oct-2019 13:35:05.328 INFO [main] org.apache.coyote.AbstractProtocol.pause Pausing ProtocolHandler ["ajp-nio-8009"]
26-Oct-2019 13:35:05.331 INFO [main] org.apache.catalina.core.StandardService.stopInternal Stopping service [Catalina]
26-Oct-2019 13:35:05.444 INFO [main] org.apache.coyote.AbstractProtocol.stop Stopping ProtocolHandler ["http-nio-8080"]
26-Oct-2019 13:35:05.450 INFO [main] org.apache.coyote.AbstractProtocol.stop Stopping ProtocolHandler ["ajp-nio-8009"]
26-Oct-2019 13:35:05.453 INFO [main] org.apache.coyote.AbstractProtocol.destroy Destroying ProtocolHandler ["http-nio-8080"]
26-Oct-2019 13:35:05.456 INFO [main] org.apache.coyote.AbstractProtocol.destroy Destroying ProtocolHandler ["ajp-nio-8009"]
26-Oct-2019 13:35:08.452 INFO [main] org.apache.catalina.startup.VersionLoggerListener.log Server version name:   Apache Tomcat/9.0.27
26-Oct-2019 13:35:08.460 INFO [main] org.apache.catalina.startup.VersionLoggerListener.log Server built:          Oct 7 2019 09:57:22 UTC
26-Oct-2019 13:35:08.460 INFO [main] org.apache.catalina.startup.VersionLoggerListener.log Server version number: 9.0.27.0
26-Oct-2019 13:35:08.460 INFO [main] org.apache.catalina.startup.VersionLoggerListener.log OS Name:               Linux
26-Oct-2019 13:35:08.461 INFO [main] org.apache.catalina.startup.VersionLoggerListener.log OS Version:            4.4.0-66-generic
26-Oct-2019 13:35:08.461 INFO [main] org.apache.catalina.startup.VersionLoggerListener.log Architecture:          amd64
26-Oct-2019 13:35:08.461 INFO [main] org.apache.catalina.startup.VersionLoggerListener.log Java Home:             /usr/lib/jvm/java-8-openjdk-amd64/jre
26-Oct-2019 13:35:08.461 INFO [main] org.apache.catalina.startup.VersionLoggerListener.log JVM Version:           1.8.0_222-8u222-b10-1ubuntu1~16.04.1-b10
26-Oct-2019 13:35:08.461 INFO [main] org.apache.catalina.startup.VersionLoggerListener.log JVM Vendor:            Private Build
26-Oct-2019 13:35:08.461 INFO [main] org.apache.catalina.startup.VersionLoggerListener.log CATALINA_BASE:         /opt/tomcat
26-Oct-2019 13:35:08.462 INFO [main] org.apache.catalina.startup.VersionLoggerListener.log CATALINA_HOME:         /opt/tomcat
26-Oct-2019 13:35:08.471 INFO [main] org.apache.catalina.startup.VersionLoggerListener.log Command line argument: -Djava.util.logging.config.file=/opt/tomcat/conf/logging.properties
26-Oct-2019 13:35:08.471 INFO [main] org.apache.catalina.startup.VersionLoggerListener.log Command line argument: -Djava.util.logging.manager=org.apache.juli.ClassLoaderLogManager
26-Oct-2019 13:35:08.471 INFO [main] org.apache.catalina.startup.VersionLoggerListener.log Command line argument: -Djava.awt.headless=true
26-Oct-2019 13:35:08.472 INFO [main] org.apache.catalina.startup.VersionLoggerListener.log Command line argument: -Djava.security.egd=file:/dev/./urandom
26-Oct-2019 13:35:08.472 INFO [main] org.apache.catalina.startup.VersionLoggerListener.log Command line argument: -Djdk.tls.ephemeralDHKeySize=2048
26-Oct-2019 13:35:08.472 INFO [main] org.apache.catalina.startup.VersionLoggerListener.log Command line argument: -Djava.protocol.handler.pkgs=org.apache.catalina.webresources
26-Oct-2019 13:35:08.472 INFO [main] org.apache.catalina.startup.VersionLoggerListener.log Command line argument: -Dorg.apache.catalina.security.SecurityListener.UMASK=0027
26-Oct-2019 13:35:08.472 INFO [main] org.apache.catalina.startup.VersionLoggerListener.log Command line argument: -Xms512M
26-Oct-2019 13:35:08.480 INFO [main] org.apache.catalina.startup.VersionLoggerListener.log Command line argument: -Xmx1024M
26-Oct-2019 13:35:08.480 INFO [main] org.apache.catalina.startup.VersionLoggerListener.log Command line argument: -XX:+UseParallelGC
26-Oct-2019 13:35:08.480 INFO [main] org.apache.catalina.startup.VersionLoggerListener.log Command line argument: -Dignore.endorsed.dirs=
26-Oct-2019 13:35:08.481 INFO [main] org.apache.catalina.startup.VersionLoggerListener.log Command line argument: -Dcatalina.base=/opt/tomcat
26-Oct-2019 13:35:08.481 INFO [main] org.apache.catalina.startup.VersionLoggerListener.log Command line argument: -Dcatalina.home=/opt/tomcat
26-Oct-2019 13:35:08.482 INFO [main] org.apache.catalina.startup.VersionLoggerListener.log Command line argument: -Djava.io.tmpdir=/opt/tomcat/temp
26-Oct-2019 13:35:08.483 INFO [main] org.apache.catalina.core.AprLifecycleListener.lifecycleEvent The APR based Apache Tomcat Native library which allows optimal performance in production environments was not found on the java.library.path: [/usr/java/packages/lib/amd64:/usr/lib/x86_64-linux-gnu/jni:/lib/x86_64-linux-gnu:/usr/lib/x86_64-linux-gnu:/usr/lib/jni:/lib:/usr/lib]
26-Oct-2019 13:35:09.552 INFO [main] org.apache.coyote.AbstractProtocol.init Initializing ProtocolHandler ["http-nio-8080"]
26-Oct-2019 13:35:09.775 INFO [main] org.apache.coyote.AbstractProtocol.init Initializing ProtocolHandler ["ajp-nio-8009"]
26-Oct-2019 13:35:09.798 INFO [main] org.apache.catalina.startup.Catalina.load Server initialization in [2,083] milliseconds
26-Oct-2019 13:35:10.048 INFO [main] org.apache.catalina.core.StandardService.startInternal Starting service [Catalina]
26-Oct-2019 13:35:10.052 INFO [main] org.apache.catalina.core.StandardEngine.startInternal Starting Servlet engine: [Apache Tomcat/9.0.27]
26-Oct-2019 13:35:10.069 SEVERE [main] org.apache.catalina.startup.HostConfig.beforeStart Unable to create directory for deployment: [/opt/tomcat/conf/Catalina/localhost]
26-Oct-2019 13:35:10.098 INFO [main] org.apache.catalina.startup.HostConfig.deployDirectory Deploying web application directory [/opt/tomcat/webapps/host-manager]
26-Oct-2019 13:35:11.138 INFO [main] org.apache.catalina.startup.HostConfig.deployDirectory Deployment of web application directory [/opt/tomcat/webapps/host-manager] has finished in [1,039] ms
26-Oct-2019 13:35:11.139 INFO [main] org.apache.catalina.startup.HostConfig.deployDirectory Deploying web application directory [/opt/tomcat/webapps/examples]
26-Oct-2019 13:35:12.361 INFO [main] org.apache.catalina.startup.HostConfig.deployDirectory Deployment of web application directory [/opt/tomcat/webapps/examples] has finished in [1,222] ms
26-Oct-2019 13:35:12.363 INFO [main] org.apache.catalina.startup.HostConfig.deployDirectory Deploying web application directory [/opt/tomcat/webapps/manager]
26-Oct-2019 13:35:12.569 INFO [main] org.apache.catalina.startup.HostConfig.deployDirectory Deployment of web application directory [/opt/tomcat/webapps/manager] has finished in [206] ms
26-Oct-2019 13:35:12.573 INFO [main] org.apache.catalina.startup.HostConfig.deployDirectory Deploying web application directory [/opt/tomcat/webapps/docs]
26-Oct-2019 13:35:12.650 INFO [main] org.apache.catalina.startup.HostConfig.deployDirectory Deployment of web application directory [/opt/tomcat/webapps/docs] has finished in [77] ms
26-Oct-2019 13:35:12.651 INFO [main] org.apache.catalina.startup.HostConfig.deployDirectory Deploying web application directory [/opt/tomcat/webapps/temp_save]
26-Oct-2019 13:35:12.765 INFO [main] org.apache.catalina.startup.HostConfig.deployDirectory Deployment of web application directory [/opt/tomcat/webapps/temp_save] has finished in [113] ms
26-Oct-2019 13:35:12.771 INFO [main] org.apache.catalina.startup.HostConfig.deployDirectory Deploying web application directory [/opt/tomcat/webapps/ROOT]
26-Oct-2019 13:35:12.887 INFO [main] org.apache.catalina.startup.HostConfig.deployDirectory Deployment of web application directory [/opt/tomcat/webapps/ROOT] has finished in [117] ms
26-Oct-2019 13:35:12.906 INFO [main] org.apache.coyote.AbstractProtocol.start Starting ProtocolHandler ["http-nio-8080"]
26-Oct-2019 13:35:12.951 INFO [main] org.apache.coyote.AbstractProtocol.start Starting ProtocolHandler ["ajp-nio-8009"]
26-Oct-2019 13:35:12.976 INFO [main] org.apache.catalina.startup.Catalina.start Server startup in [3,169] milliseconds
26-Oct-2019 13:42:13.387 INFO [Catalina-utility-1] org.apache.catalina.startup.HostConfig.deployDirectory Deploying web application directory [/opt/tomcat/webapps/js]
26-Oct-2019 13:42:13.676 INFO [Catalina-utility-1] org.apache.catalina.startup.HostConfig.deployDirectory Deployment of web application directory [/opt/tomcat/webapps/js] has finished in [289] ms
26-Oct-2019 13:42:13.680 INFO [Catalina-utility-1] org.apache.catalina.startup.HostConfig.deployDirectory Deploying web application directory [/opt/tomcat/webapps/pages]
26-Oct-2019 13:42:13.802 INFO [Catalina-utility-1] org.apache.catalina.startup.HostConfig.deployDirectory Deployment of web application directory [/opt/tomcat/webapps/pages] has finished in [121] ms
26-Oct-2019 13:42:13.808 INFO [Catalina-utility-1] org.apache.catalina.startup.HostConfig.deployDirectory Deploying web application directory [/opt/tomcat/webapps/css]
26-Oct-2019 13:42:13.880 INFO [Catalina-utility-1] org.apache.catalina.startup.HostConfig.deployDirectory Deployment of web application directory [/opt/tomcat/webapps/css] has finished in [68] ms
26-Oct-2019 13:42:44.415 INFO [Catalina-utility-2] org.apache.catalina.startup.HostConfig.undeploy Undeploying context [/css]
26-Oct-2019 13:42:45.041 INFO [Catalina-utility-2] org.apache.catalina.startup.HostConfig.undeploy Undeploying context [/js]
26-Oct-2019 13:42:45.620 INFO [Catalina-utility-2] org.apache.catalina.startup.HostConfig.undeploy Undeploying context [/pages]
26-Oct-2019 13:43:57.647 INFO [main] org.apache.catalina.core.StandardServer.await A valid shutdown command was received via the shutdown port. Stopping the Server instance.
26-Oct-2019 13:43:57.651 INFO [main] org.apache.coyote.AbstractProtocol.pause Pausing ProtocolHandler ["http-nio-8080"]
26-Oct-2019 13:43:57.662 INFO [main] org.apache.coyote.AbstractProtocol.pause Pausing ProtocolHandler ["ajp-nio-8009"]
26-Oct-2019 13:43:57.668 INFO [main] org.apache.catalina.core.StandardService.stopInternal Stopping service [Catalina]
26-Oct-2019 13:43:57.772 INFO [main] org.apache.coyote.AbstractProtocol.stop Stopping ProtocolHandler ["http-nio-8080"]
26-Oct-2019 13:43:57.779 INFO [main] org.apache.coyote.AbstractProtocol.stop Stopping ProtocolHandler ["ajp-nio-8009"]
26-Oct-2019 13:43:57.787 INFO [main] org.apache.coyote.AbstractProtocol.destroy Destroying ProtocolHandler ["http-nio-8080"]
26-Oct-2019 13:43:57.791 INFO [main] org.apache.coyote.AbstractProtocol.destroy Destroying ProtocolHandler ["ajp-nio-8009"]
26-Oct-2019 13:44:00.904 INFO [main] org.apache.catalina.startup.VersionLoggerListener.log Server version name:   Apache Tomcat/9.0.27
26-Oct-2019 13:44:00.917 INFO [main] org.apache.catalina.startup.VersionLoggerListener.log Server built:          Oct 7 2019 09:57:22 UTC
26-Oct-2019 13:44:00.917 INFO [main] org.apache.catalina.startup.VersionLoggerListener.log Server version number: 9.0.27.0
26-Oct-2019 13:44:00.917 INFO [main] org.apache.catalina.startup.VersionLoggerListener.log OS Name:               Linux
26-Oct-2019 13:44:00.918 INFO [main] org.apache.catalina.startup.VersionLoggerListener.log OS Version:            4.4.0-66-generic
26-Oct-2019 13:44:00.918 INFO [main] org.apache.catalina.startup.VersionLoggerListener.log Architecture:          amd64
26-Oct-2019 13:44:00.918 INFO [main] org.apache.catalina.startup.VersionLoggerListener.log Java Home:             /usr/lib/jvm/java-8-openjdk-amd64/jre
26-Oct-2019 13:44:00.918 INFO [main] org.apache.catalina.startup.VersionLoggerListener.log JVM Version:           1.8.0_222-8u222-b10-1ubuntu1~16.04.1-b10
26-Oct-2019 13:44:00.918 INFO [main] org.apache.catalina.startup.VersionLoggerListener.log JVM Vendor:            Private Build
26-Oct-2019 13:44:00.918 INFO [main] org.apache.catalina.startup.VersionLoggerListener.log CATALINA_BASE:         /opt/tomcat
26-Oct-2019 13:44:00.919 INFO [main] org.apache.catalina.startup.VersionLoggerListener.log CATALINA_HOME:         /opt/tomcat
26-Oct-2019 13:44:00.919 INFO [main] org.apache.catalina.startup.VersionLoggerListener.log Command line argument: -Djava.util.logging.config.file=/opt/tomcat/conf/logging.properties
26-Oct-2019 13:44:00.923 INFO [main] org.apache.catalina.startup.VersionLoggerListener.log Command line argument: -Djava.util.logging.manager=org.apache.juli.ClassLoaderLogManager
26-Oct-2019 13:44:00.923 INFO [main] org.apache.catalina.startup.VersionLoggerListener.log Command line argument: -Djava.awt.headless=true
26-Oct-2019 13:44:00.924 INFO [main] org.apache.catalina.startup.VersionLoggerListener.log Command line argument: -Djava.security.egd=file:/dev/./urandom
26-Oct-2019 13:44:00.924 INFO [main] org.apache.catalina.startup.VersionLoggerListener.log Command line argument: -Djdk.tls.ephemeralDHKeySize=2048
26-Oct-2019 13:44:00.924 INFO [main] org.apache.catalina.startup.VersionLoggerListener.log Command line argument: -Djava.protocol.handler.pkgs=org.apache.catalina.webresources
26-Oct-2019 13:44:00.926 INFO [main] org.apache.catalina.startup.VersionLoggerListener.log Command line argument: -Dorg.apache.catalina.security.SecurityListener.UMASK=0027
26-Oct-2019 13:44:00.926 INFO [main] org.apache.catalina.startup.VersionLoggerListener.log Command line argument: -Xms512M
26-Oct-2019 13:44:00.929 INFO [main] org.apache.catalina.startup.VersionLoggerListener.log Command line argument: -Xmx1024M
26-Oct-2019 13:44:00.929 INFO [main] org.apache.catalina.startup.VersionLoggerListener.log Command line argument: -XX:+UseParallelGC
26-Oct-2019 13:44:00.929 INFO [main] org.apache.catalina.startup.VersionLoggerListener.log Command line argument: -Dignore.endorsed.dirs=
26-Oct-2019 13:44:00.931 INFO [main] org.apache.catalina.startup.VersionLoggerListener.log Command line argument: -Dcatalina.base=/opt/tomcat
26-Oct-2019 13:44:00.932 INFO [main] org.apache.catalina.startup.VersionLoggerListener.log Command line argument: -Dcatalina.home=/opt/tomcat
26-Oct-2019 13:44:00.932 INFO [main] org.apache.catalina.startup.VersionLoggerListener.log Command line argument: -Djava.io.tmpdir=/opt/tomcat/temp
26-Oct-2019 13:44:00.932 INFO [main] org.apache.catalina.core.AprLifecycleListener.lifecycleEvent The APR based Apache Tomcat Native library which allows optimal performance in production environments was not found on the java.library.path: [/usr/java/packages/lib/amd64:/usr/lib/x86_64-linux-gnu/jni:/lib/x86_64-linux-gnu:/usr/lib/x86_64-linux-gnu:/usr/lib/jni:/lib:/usr/lib]
26-Oct-2019 13:44:02.375 INFO [main] org.apache.coyote.AbstractProtocol.init Initializing ProtocolHandler ["http-nio-8080"]
26-Oct-2019 13:44:02.581 INFO [main] org.apache.coyote.AbstractProtocol.init Initializing ProtocolHandler ["ajp-nio-8009"]
26-Oct-2019 13:44:02.591 INFO [main] org.apache.catalina.startup.Catalina.load Server initialization in [2,481] milliseconds
26-Oct-2019 13:44:02.692 INFO [main] org.apache.catalina.core.StandardService.startInternal Starting service [Catalina]
26-Oct-2019 13:44:02.693 INFO [main] org.apache.catalina.core.StandardEngine.startInternal Starting Servlet engine: [Apache Tomcat/9.0.27]
26-Oct-2019 13:44:02.708 SEVERE [main] org.apache.catalina.startup.HostConfig.beforeStart Unable to create directory for deployment: [/opt/tomcat/conf/Catalina/localhost]
26-Oct-2019 13:44:02.733 INFO [main] org.apache.catalina.startup.HostConfig.deployDirectory Deploying web application directory [/opt/tomcat/webapps/host-manager]
26-Oct-2019 13:44:03.904 INFO [main] org.apache.catalina.startup.HostConfig.deployDirectory Deployment of web application directory [/opt/tomcat/webapps/host-manager] has finished in [1,170] ms
26-Oct-2019 13:44:03.905 INFO [main] org.apache.catalina.startup.HostConfig.deployDirectory Deploying web application directory [/opt/tomcat/webapps/examples]
26-Oct-2019 13:44:05.408 INFO [main] org.apache.catalina.startup.HostConfig.deployDirectory Deployment of web application directory [/opt/tomcat/webapps/examples] has finished in [1,502] ms
26-Oct-2019 13:44:05.416 INFO [main] org.apache.catalina.startup.HostConfig.deployDirectory Deploying web application directory [/opt/tomcat/webapps/manager]
26-Oct-2019 13:44:05.530 INFO [main] org.apache.catalina.startup.HostConfig.deployDirectory Deployment of web application directory [/opt/tomcat/webapps/manager] has finished in [114] ms
26-Oct-2019 13:44:05.532 INFO [main] org.apache.catalina.startup.HostConfig.deployDirectory Deploying web application directory [/opt/tomcat/webapps/docs]
26-Oct-2019 13:44:05.661 INFO [main] org.apache.catalina.startup.HostConfig.deployDirectory Deployment of web application directory [/opt/tomcat/webapps/docs] has finished in [130] ms
26-Oct-2019 13:44:05.663 INFO [main] org.apache.catalina.startup.HostConfig.deployDirectory Deploying web application directory [/opt/tomcat/webapps/temp_save]
26-Oct-2019 13:44:05.789 INFO [main] org.apache.catalina.startup.HostConfig.deployDirectory Deployment of web application directory [/opt/tomcat/webapps/temp_save] has finished in [117] ms
26-Oct-2019 13:44:05.791 INFO [main] org.apache.catalina.startup.HostConfig.deployDirectory Deploying web application directory [/opt/tomcat/webapps/ROOT]
26-Oct-2019 13:44:05.906 INFO [main] org.apache.catalina.startup.HostConfig.deployDirectory Deployment of web application directory [/opt/tomcat/webapps/ROOT] has finished in [115] ms
26-Oct-2019 13:44:05.930 INFO [main] org.apache.coyote.AbstractProtocol.start Starting ProtocolHandler ["http-nio-8080"]
26-Oct-2019 13:44:05.967 INFO [main] org.apache.coyote.AbstractProtocol.start Starting ProtocolHandler ["ajp-nio-8009"]
26-Oct-2019 13:44:05.973 INFO [main] org.apache.catalina.startup.Catalina.start Server startup in [3,380] milliseconds
26-Oct-2019 13:45:26.130 INFO [Catalina-utility-2] org.apache.catalina.startup.HostConfig.reload Reloading context []
26-Oct-2019 13:45:26.132 INFO [Catalina-utility-2] org.apache.catalina.core.StandardContext.reload Reloading Context with name [] has started
26-Oct-2019 13:45:26.644 INFO [Catalina-utility-2] org.apache.catalina.core.StandardContext.reload Reloading Context with name [] is completed
26-Oct-2019 13:45:28.094 INFO [main] org.apache.catalina.core.StandardServer.await A valid shutdown command was received via the shutdown port. Stopping the Server instance.
26-Oct-2019 13:45:28.097 INFO [main] org.apache.coyote.AbstractProtocol.pause Pausing ProtocolHandler ["http-nio-8080"]
26-Oct-2019 13:45:28.118 INFO [main] org.apache.coyote.AbstractProtocol.pause Pausing ProtocolHandler ["ajp-nio-8009"]
26-Oct-2019 13:45:28.126 INFO [main] org.apache.catalina.core.StandardService.stopInternal Stopping service [Catalina]
26-Oct-2019 13:45:28.288 INFO [main] org.apache.coyote.AbstractProtocol.stop Stopping ProtocolHandler ["http-nio-8080"]
26-Oct-2019 13:45:28.292 INFO [main] org.apache.coyote.AbstractProtocol.stop Stopping ProtocolHandler ["ajp-nio-8009"]
26-Oct-2019 13:45:28.297 INFO [main] org.apache.coyote.AbstractProtocol.destroy Destroying ProtocolHandler ["http-nio-8080"]
26-Oct-2019 13:45:28.300 INFO [main] org.apache.coyote.AbstractProtocol.destroy Destroying ProtocolHandler ["ajp-nio-8009"]
26-Oct-2019 13:45:31.358 INFO [main] org.apache.catalina.startup.VersionLoggerListener.log Server version name:   Apache Tomcat/9.0.27
26-Oct-2019 13:45:31.369 INFO [main] org.apache.catalina.startup.VersionLoggerListener.log Server built:          Oct 7 2019 09:57:22 UTC
26-Oct-2019 13:45:31.370 INFO [main] org.apache.catalina.startup.VersionLoggerListener.log Server version number: 9.0.27.0
26-Oct-2019 13:45:31.370 INFO [main] org.apache.catalina.startup.VersionLoggerListener.log OS Name:               Linux
26-Oct-2019 13:45:31.370 INFO [main] org.apache.catalina.startup.VersionLoggerListener.log OS Version:            4.4.0-66-generic
26-Oct-2019 13:45:31.370 INFO [main] org.apache.catalina.startup.VersionLoggerListener.log Architecture:          amd64
26-Oct-2019 13:45:31.370 INFO [main] org.apache.catalina.startup.VersionLoggerListener.log Java Home:             /usr/lib/jvm/java-8-openjdk-amd64/jre
26-Oct-2019 13:45:31.370 INFO [main] org.apache.catalina.startup.VersionLoggerListener.log JVM Version:           1.8.0_222-8u222-b10-1ubuntu1~16.04.1-b10
26-Oct-2019 13:45:31.371 INFO [main] org.apache.catalina.startup.VersionLoggerListener.log JVM Vendor:            Private Build
26-Oct-2019 13:45:31.371 INFO [main] org.apache.catalina.startup.VersionLoggerListener.log CATALINA_BASE:         /opt/tomcat
26-Oct-2019 13:45:31.371 INFO [main] org.apache.catalina.startup.VersionLoggerListener.log CATALINA_HOME:         /opt/tomcat
26-Oct-2019 13:45:31.372 INFO [main] org.apache.catalina.startup.VersionLoggerListener.log Command line argument: -Djava.util.logging.config.file=/opt/tomcat/conf/logging.properties
26-Oct-2019 13:45:31.377 INFO [main] org.apache.catalina.startup.VersionLoggerListener.log Command line argument: -Djava.util.logging.manager=org.apache.juli.ClassLoaderLogManager
26-Oct-2019 13:45:31.377 INFO [main] org.apache.catalina.startup.VersionLoggerListener.log Command line argument: -Djava.awt.headless=true
26-Oct-2019 13:45:31.377 INFO [main] org.apache.catalina.startup.VersionLoggerListener.log Command line argument: -Djava.security.egd=file:/dev/./urandom
26-Oct-2019 13:45:31.377 INFO [main] org.apache.catalina.startup.VersionLoggerListener.log Command line argument: -Djdk.tls.ephemeralDHKeySize=2048
26-Oct-2019 13:45:31.377 INFO [main] org.apache.catalina.startup.VersionLoggerListener.log Command line argument: -Djava.protocol.handler.pkgs=org.apache.catalina.webresources
26-Oct-2019 13:45:31.377 INFO [main] org.apache.catalina.startup.VersionLoggerListener.log Command line argument: -Dorg.apache.catalina.security.SecurityListener.UMASK=0027
26-Oct-2019 13:45:31.378 INFO [main] org.apache.catalina.startup.VersionLoggerListener.log Command line argument: -Xms512M
26-Oct-2019 13:45:31.385 INFO [main] org.apache.catalina.startup.VersionLoggerListener.log Command line argument: -Xmx1024M
26-Oct-2019 13:45:31.385 INFO [main] org.apache.catalina.startup.VersionLoggerListener.log Command line argument: -XX:+UseParallelGC
26-Oct-2019 13:45:31.385 INFO [main] org.apache.catalina.startup.VersionLoggerListener.log Command line argument: -Dignore.endorsed.dirs=
26-Oct-2019 13:45:31.386 INFO [main] org.apache.catalina.startup.VersionLoggerListener.log Command line argument: -Dcatalina.base=/opt/tomcat
26-Oct-2019 13:45:31.386 INFO [main] org.apache.catalina.startup.VersionLoggerListener.log Command line argument: -Dcatalina.home=/opt/tomcat
26-Oct-2019 13:45:31.386 INFO [main] org.apache.catalina.startup.VersionLoggerListener.log Command line argument: -Djava.io.tmpdir=/opt/tomcat/temp
26-Oct-2019 13:45:31.387 INFO [main] org.apache.catalina.core.AprLifecycleListener.lifecycleEvent The APR based Apache Tomcat Native library which allows optimal performance in production environments was not found on the java.library.path: [/usr/java/packages/lib/amd64:/usr/lib/x86_64-linux-gnu/jni:/lib/x86_64-linux-gnu:/usr/lib/x86_64-linux-gnu:/usr/lib/jni:/lib:/usr/lib]
26-Oct-2019 13:45:32.564 INFO [main] org.apache.coyote.AbstractProtocol.init Initializing ProtocolHandler ["http-nio-8080"]
26-Oct-2019 13:45:32.688 INFO [main] org.apache.coyote.AbstractProtocol.init Initializing ProtocolHandler ["ajp-nio-8009"]
26-Oct-2019 13:45:32.698 INFO [main] org.apache.catalina.startup.Catalina.load Server initialization in [2,286] milliseconds
26-Oct-2019 13:45:32.880 INFO [main] org.apache.catalina.core.StandardService.startInternal Starting service [Catalina]
26-Oct-2019 13:45:32.894 INFO [main] org.apache.catalina.core.StandardEngine.startInternal Starting Servlet engine: [Apache Tomcat/9.0.27]
26-Oct-2019 13:45:32.936 SEVERE [main] org.apache.catalina.startup.HostConfig.beforeStart Unable to create directory for deployment: [/opt/tomcat/conf/Catalina/localhost]
26-Oct-2019 13:45:33.010 INFO [main] org.apache.catalina.startup.HostConfig.deployDirectory Deploying web application directory [/opt/tomcat/webapps/host-manager]
26-Oct-2019 13:45:34.402 INFO [main] org.apache.catalina.startup.HostConfig.deployDirectory Deployment of web application directory [/opt/tomcat/webapps/host-manager] has finished in [1,392] ms
26-Oct-2019 13:45:34.407 INFO [main] org.apache.catalina.startup.HostConfig.deployDirectory Deploying web application directory [/opt/tomcat/webapps/examples]
26-Oct-2019 13:45:35.759 INFO [main] org.apache.catalina.startup.HostConfig.deployDirectory Deployment of web application directory [/opt/tomcat/webapps/examples] has finished in [1,353] ms
26-Oct-2019 13:45:35.768 INFO [main] org.apache.catalina.startup.HostConfig.deployDirectory Deploying web application directory [/opt/tomcat/webapps/manager]
26-Oct-2019 13:45:35.970 INFO [main] org.apache.catalina.startup.HostConfig.deployDirectory Deployment of web application directory [/opt/tomcat/webapps/manager] has finished in [202] ms
26-Oct-2019 13:45:35.971 INFO [main] org.apache.catalina.startup.HostConfig.deployDirectory Deploying web application directory [/opt/tomcat/webapps/docs]
26-Oct-2019 13:45:36.061 INFO [main] org.apache.catalina.startup.HostConfig.deployDirectory Deployment of web application directory [/opt/tomcat/webapps/docs] has finished in [90] ms
26-Oct-2019 13:45:36.062 INFO [main] org.apache.catalina.startup.HostConfig.deployDirectory Deploying web application directory [/opt/tomcat/webapps/temp_save]
26-Oct-2019 13:45:36.185 INFO [main] org.apache.catalina.startup.HostConfig.deployDirectory Deployment of web application directory [/opt/tomcat/webapps/temp_save] has finished in [123] ms
26-Oct-2019 13:45:36.190 INFO [main] org.apache.catalina.startup.HostConfig.deployDirectory Deploying web application directory [/opt/tomcat/webapps/ROOT]
26-Oct-2019 13:45:36.302 INFO [main] org.apache.catalina.startup.HostConfig.deployDirectory Deployment of web application directory [/opt/tomcat/webapps/ROOT] has finished in [112] ms
26-Oct-2019 13:45:36.323 INFO [main] org.apache.coyote.AbstractProtocol.start Starting ProtocolHandler ["http-nio-8080"]
26-Oct-2019 13:45:36.368 INFO [main] org.apache.coyote.AbstractProtocol.start Starting ProtocolHandler ["ajp-nio-8009"]
26-Oct-2019 13:45:36.415 INFO [main] org.apache.catalina.startup.Catalina.start Server startup in [3,713] milliseconds
26-Oct-2019 13:46:27.658 INFO [main] org.apache.catalina.core.StandardServer.await A valid shutdown command was received via the shutdown port. Stopping the Server instance.
26-Oct-2019 13:46:27.659 INFO [main] org.apache.coyote.AbstractProtocol.pause Pausing ProtocolHandler ["http-nio-8080"]
26-Oct-2019 13:46:27.689 INFO [main] org.apache.coyote.AbstractProtocol.pause Pausing ProtocolHandler ["ajp-nio-8009"]
26-Oct-2019 13:46:27.696 INFO [main] org.apache.catalina.core.StandardService.stopInternal Stopping service [Catalina]
26-Oct-2019 13:46:28.099 INFO [main] org.apache.coyote.AbstractProtocol.stop Stopping ProtocolHandler ["http-nio-8080"]
26-Oct-2019 13:46:28.131 INFO [main] org.apache.coyote.AbstractProtocol.stop Stopping ProtocolHandler ["ajp-nio-8009"]
26-Oct-2019 13:46:28.143 INFO [main] org.apache.coyote.AbstractProtocol.destroy Destroying ProtocolHandler ["http-nio-8080"]
26-Oct-2019 13:46:28.165 INFO [main] org.apache.coyote.AbstractProtocol.destroy Destroying ProtocolHandler ["ajp-nio-8009"]
26-Oct-2019 13:46:30.968 INFO [main] org.apache.catalina.startup.VersionLoggerListener.log Server version name:   Apache Tomcat/9.0.27
26-Oct-2019 13:46:30.988 INFO [main] org.apache.catalina.startup.VersionLoggerListener.log Server built:          Oct 7 2019 09:57:22 UTC
26-Oct-2019 13:46:30.988 INFO [main] org.apache.catalina.startup.VersionLoggerListener.log Server version number: 9.0.27.0
26-Oct-2019 13:46:30.988 INFO [main] org.apache.catalina.startup.VersionLoggerListener.log OS Name:               Linux
26-Oct-2019 13:46:30.989 INFO [main] org.apache.catalina.startup.VersionLoggerListener.log OS Version:            4.4.0-66-generic
26-Oct-2019 13:46:30.990 INFO [main] org.apache.catalina.startup.VersionLoggerListener.log Architecture:          amd64
26-Oct-2019 13:46:30.990 INFO [main] org.apache.catalina.startup.VersionLoggerListener.log Java Home:             /usr/lib/jvm/java-8-openjdk-amd64/jre
26-Oct-2019 13:46:30.990 INFO [main] org.apache.catalina.startup.VersionLoggerListener.log JVM Version:           1.8.0_222-8u222-b10-1ubuntu1~16.04.1-b10
26-Oct-2019 13:46:30.990 INFO [main] org.apache.catalina.startup.VersionLoggerListener.log JVM Vendor:            Private Build
26-Oct-2019 13:46:30.990 INFO [main] org.apache.catalina.startup.VersionLoggerListener.log CATALINA_BASE:         /opt/tomcat
26-Oct-2019 13:46:30.990 INFO [main] org.apache.catalina.startup.VersionLoggerListener.log CATALINA_HOME:         /opt/tomcat
26-Oct-2019 13:46:30.991 INFO [main] org.apache.catalina.startup.VersionLoggerListener.log Command line argument: -Djava.util.logging.config.file=/opt/tomcat/conf/logging.properties
26-Oct-2019 13:46:30.998 INFO [main] org.apache.catalina.startup.VersionLoggerListener.log Command line argument: -Djava.util.logging.manager=org.apache.juli.ClassLoaderLogManager
26-Oct-2019 13:46:30.998 INFO [main] org.apache.catalina.startup.VersionLoggerListener.log Command line argument: -Djava.awt.headless=true
26-Oct-2019 13:46:30.998 INFO [main] org.apache.catalina.startup.VersionLoggerListener.log Command line argument: -Djava.security.egd=file:/dev/./urandom
26-Oct-2019 13:46:30.998 INFO [main] org.apache.catalina.startup.VersionLoggerListener.log Command line argument: -Djdk.tls.ephemeralDHKeySize=2048
26-Oct-2019 13:46:30.998 INFO [main] org.apache.catalina.startup.VersionLoggerListener.log Command line argument: -Djava.protocol.handler.pkgs=org.apache.catalina.webresources
26-Oct-2019 13:46:30.998 INFO [main] org.apache.catalina.startup.VersionLoggerListener.log Command line argument: -Dorg.apache.catalina.security.SecurityListener.UMASK=0027
26-Oct-2019 13:46:30.999 INFO [main] org.apache.catalina.startup.VersionLoggerListener.log Command line argument: -Xms512M
26-Oct-2019 13:46:31.001 INFO [main] org.apache.catalina.startup.VersionLoggerListener.log Command line argument: -Xmx1024M
26-Oct-2019 13:46:31.001 INFO [main] org.apache.catalina.startup.VersionLoggerListener.log Command line argument: -XX:+UseParallelGC
26-Oct-2019 13:46:31.002 INFO [main] org.apache.catalina.startup.VersionLoggerListener.log Command line argument: -Dignore.endorsed.dirs=
26-Oct-2019 13:46:31.003 INFO [main] org.apache.catalina.startup.VersionLoggerListener.log Command line argument: -Dcatalina.base=/opt/tomcat
26-Oct-2019 13:46:31.003 INFO [main] org.apache.catalina.startup.VersionLoggerListener.log Command line argument: -Dcatalina.home=/opt/tomcat
26-Oct-2019 13:46:31.004 INFO [main] org.apache.catalina.startup.VersionLoggerListener.log Command line argument: -Djava.io.tmpdir=/opt/tomcat/temp
26-Oct-2019 13:46:31.004 INFO [main] org.apache.catalina.core.AprLifecycleListener.lifecycleEvent The APR based Apache Tomcat Native library which allows optimal performance in production environments was not found on the java.library.path: [/usr/java/packages/lib/amd64:/usr/lib/x86_64-linux-gnu/jni:/lib/x86_64-linux-gnu:/usr/lib/x86_64-linux-gnu:/usr/lib/jni:/lib:/usr/lib]
26-Oct-2019 13:46:32.417 INFO [main] org.apache.coyote.AbstractProtocol.init Initializing ProtocolHandler ["http-nio-8080"]
26-Oct-2019 13:46:32.531 INFO [main] org.apache.coyote.AbstractProtocol.init Initializing ProtocolHandler ["ajp-nio-8009"]
26-Oct-2019 13:46:32.544 INFO [main] org.apache.catalina.startup.Catalina.load Server initialization in [2,721] milliseconds
26-Oct-2019 13:46:32.641 INFO [main] org.apache.catalina.core.StandardService.startInternal Starting service [Catalina]
26-Oct-2019 13:46:32.642 INFO [main] org.apache.catalina.core.StandardEngine.startInternal Starting Servlet engine: [Apache Tomcat/9.0.27]
26-Oct-2019 13:46:32.664 SEVERE [main] org.apache.catalina.startup.HostConfig.beforeStart Unable to create directory for deployment: [/opt/tomcat/conf/Catalina/localhost]
26-Oct-2019 13:46:32.696 INFO [main] org.apache.catalina.startup.HostConfig.deployDirectory Deploying web application directory [/opt/tomcat/webapps/host-manager]
26-Oct-2019 13:46:34.149 INFO [main] org.apache.catalina.startup.HostConfig.deployDirectory Deployment of web application directory [/opt/tomcat/webapps/host-manager] has finished in [1,452] ms
26-Oct-2019 13:46:34.150 INFO [main] org.apache.catalina.startup.HostConfig.deployDirectory Deploying web application directory [/opt/tomcat/webapps/examples]
26-Oct-2019 13:46:35.220 INFO [main] org.apache.catalina.startup.HostConfig.deployDirectory Deployment of web application directory [/opt/tomcat/webapps/examples] has finished in [1,069] ms
26-Oct-2019 13:46:35.227 INFO [main] org.apache.catalina.startup.HostConfig.deployDirectory Deploying web application directory [/opt/tomcat/webapps/manager]
26-Oct-2019 13:46:35.365 INFO [main] org.apache.catalina.startup.HostConfig.deployDirectory Deployment of web application directory [/opt/tomcat/webapps/manager] has finished in [138] ms
26-Oct-2019 13:46:35.366 INFO [main] org.apache.catalina.startup.HostConfig.deployDirectory Deploying web application directory [/opt/tomcat/webapps/docs]
26-Oct-2019 13:46:35.601 INFO [main] org.apache.catalina.startup.HostConfig.deployDirectory Deployment of web application directory [/opt/tomcat/webapps/docs] has finished in [235] ms
26-Oct-2019 13:46:35.603 INFO [main] org.apache.catalina.startup.HostConfig.deployDirectory Deploying web application directory [/opt/tomcat/webapps/temp_save]
26-Oct-2019 13:46:36.117 INFO [main] org.apache.catalina.startup.HostConfig.deployDirectory Deployment of web application directory [/opt/tomcat/webapps/temp_save] has finished in [513] ms
26-Oct-2019 13:46:36.119 INFO [main] org.apache.catalina.startup.HostConfig.deployDirectory Deploying web application directory [/opt/tomcat/webapps/ROOT]
26-Oct-2019 13:46:36.326 INFO [main] org.apache.catalina.startup.HostConfig.deployDirectory Deployment of web application directory [/opt/tomcat/webapps/ROOT] has finished in [208] ms
26-Oct-2019 13:46:36.347 INFO [main] org.apache.coyote.AbstractProtocol.start Starting ProtocolHandler ["http-nio-8080"]
26-Oct-2019 13:46:36.363 INFO [main] org.apache.coyote.AbstractProtocol.start Starting ProtocolHandler ["ajp-nio-8009"]
26-Oct-2019 13:46:36.398 INFO [main] org.apache.catalina.startup.Catalina.start Server startup in [3,853] milliseconds
26-Oct-2019 13:49:05.882 INFO [main] org.apache.catalina.core.StandardServer.await A valid shutdown command was received via the shutdown port. Stopping the Server instance.
26-Oct-2019 13:49:05.883 INFO [main] org.apache.coyote.AbstractProtocol.pause Pausing ProtocolHandler ["http-nio-8080"]
26-Oct-2019 13:49:05.905 INFO [main] org.apache.coyote.AbstractProtocol.pause Pausing ProtocolHandler ["ajp-nio-8009"]
26-Oct-2019 13:49:05.909 INFO [main] org.apache.catalina.core.StandardService.stopInternal Stopping service [Catalina]
26-Oct-2019 13:49:06.189 INFO [main] org.apache.coyote.AbstractProtocol.stop Stopping ProtocolHandler ["http-nio-8080"]
26-Oct-2019 13:49:06.198 INFO [main] org.apache.coyote.AbstractProtocol.stop Stopping ProtocolHandler ["ajp-nio-8009"]
26-Oct-2019 13:49:06.206 INFO [main] org.apache.coyote.AbstractProtocol.destroy Destroying ProtocolHandler ["http-nio-8080"]
26-Oct-2019 13:49:06.208 INFO [main] org.apache.coyote.AbstractProtocol.destroy Destroying ProtocolHandler ["ajp-nio-8009"]
26-Oct-2019 13:49:09.009 INFO [main] org.apache.catalina.startup.VersionLoggerListener.log Server version name:   Apache Tomcat/9.0.27
26-Oct-2019 13:49:09.019 INFO [main] org.apache.catalina.startup.VersionLoggerListener.log Server built:          Oct 7 2019 09:57:22 UTC
26-Oct-2019 13:49:09.019 INFO [main] org.apache.catalina.startup.VersionLoggerListener.log Server version number: 9.0.27.0
26-Oct-2019 13:49:09.020 INFO [main] org.apache.catalina.startup.VersionLoggerListener.log OS Name:               Linux
26-Oct-2019 13:49:09.020 INFO [main] org.apache.catalina.startup.VersionLoggerListener.log OS Version:            4.4.0-66-generic
26-Oct-2019 13:49:09.020 INFO [main] org.apache.catalina.startup.VersionLoggerListener.log Architecture:          amd64
26-Oct-2019 13:49:09.020 INFO [main] org.apache.catalina.startup.VersionLoggerListener.log Java Home:             /usr/lib/jvm/java-8-openjdk-amd64/jre
26-Oct-2019 13:49:09.020 INFO [main] org.apache.catalina.startup.VersionLoggerListener.log JVM Version:           1.8.0_222-8u222-b10-1ubuntu1~16.04.1-b10
26-Oct-2019 13:49:09.020 INFO [main] org.apache.catalina.startup.VersionLoggerListener.log JVM Vendor:            Private Build
26-Oct-2019 13:49:09.025 INFO [main] org.apache.catalina.startup.VersionLoggerListener.log CATALINA_BASE:         /opt/tomcat
26-Oct-2019 13:49:09.025 INFO [main] org.apache.catalina.startup.VersionLoggerListener.log CATALINA_HOME:         /opt/tomcat
26-Oct-2019 13:49:09.026 INFO [main] org.apache.catalina.startup.VersionLoggerListener.log Command line argument: -Djava.util.logging.config.file=/opt/tomcat/conf/logging.properties
26-Oct-2019 13:49:09.027 INFO [main] org.apache.catalina.startup.VersionLoggerListener.log Command line argument: -Djava.util.logging.manager=org.apache.juli.ClassLoaderLogManager
26-Oct-2019 13:49:09.028 INFO [main] org.apache.catalina.startup.VersionLoggerListener.log Command line argument: -Djava.awt.headless=true
26-Oct-2019 13:49:09.028 INFO [main] org.apache.catalina.startup.VersionLoggerListener.log Command line argument: -Djava.security.egd=file:/dev/./urandom
26-Oct-2019 13:49:09.028 INFO [main] org.apache.catalina.startup.VersionLoggerListener.log Command line argument: -Djdk.tls.ephemeralDHKeySize=2048
26-Oct-2019 13:49:09.031 INFO [main] org.apache.catalina.startup.VersionLoggerListener.log Command line argument: -Djava.protocol.handler.pkgs=org.apache.catalina.webresources
26-Oct-2019 13:49:09.032 INFO [main] org.apache.catalina.startup.VersionLoggerListener.log Command line argument: -Dorg.apache.catalina.security.SecurityListener.UMASK=0027
26-Oct-2019 13:49:09.032 INFO [main] org.apache.catalina.startup.VersionLoggerListener.log Command line argument: -Xms512M
26-Oct-2019 13:49:09.035 INFO [main] org.apache.catalina.startup.VersionLoggerListener.log Command line argument: -Xmx1024M
26-Oct-2019 13:49:09.035 INFO [main] org.apache.catalina.startup.VersionLoggerListener.log Command line argument: -XX:+UseParallelGC
26-Oct-2019 13:49:09.035 INFO [main] org.apache.catalina.startup.VersionLoggerListener.log Command line argument: -Dignore.endorsed.dirs=
26-Oct-2019 13:49:09.036 INFO [main] org.apache.catalina.startup.VersionLoggerListener.log Command line argument: -Dcatalina.base=/opt/tomcat
26-Oct-2019 13:49:09.036 INFO [main] org.apache.catalina.startup.VersionLoggerListener.log Command line argument: -Dcatalina.home=/opt/tomcat
26-Oct-2019 13:49:09.036 INFO [main] org.apache.catalina.startup.VersionLoggerListener.log Command line argument: -Djava.io.tmpdir=/opt/tomcat/temp
26-Oct-2019 13:49:09.036 INFO [main] org.apache.catalina.core.AprLifecycleListener.lifecycleEvent The APR based Apache Tomcat Native library which allows optimal performance in production environments was not found on the java.library.path: [/usr/java/packages/lib/amd64:/usr/lib/x86_64-linux-gnu/jni:/lib/x86_64-linux-gnu:/usr/lib/x86_64-linux-gnu:/usr/lib/jni:/lib:/usr/lib]
26-Oct-2019 13:49:10.139 INFO [main] org.apache.coyote.AbstractProtocol.init Initializing ProtocolHandler ["http-nio-8080"]
26-Oct-2019 13:49:10.260 INFO [main] org.apache.coyote.AbstractProtocol.init Initializing ProtocolHandler ["ajp-nio-8009"]
26-Oct-2019 13:49:10.273 INFO [main] org.apache.catalina.startup.Catalina.load Server initialization in [2,276] milliseconds
26-Oct-2019 13:49:10.406 INFO [main] org.apache.catalina.core.StandardService.startInternal Starting service [Catalina]
26-Oct-2019 13:49:10.407 INFO [main] org.apache.catalina.core.StandardEngine.startInternal Starting Servlet engine: [Apache Tomcat/9.0.27]
26-Oct-2019 13:49:10.419 SEVERE [main] org.apache.catalina.startup.HostConfig.beforeStart Unable to create directory for deployment: [/opt/tomcat/conf/Catalina/localhost]
26-Oct-2019 13:49:10.438 INFO [main] org.apache.catalina.startup.HostConfig.deployDirectory Deploying web application directory [/opt/tomcat/webapps/host-manager]
26-Oct-2019 13:49:11.794 INFO [main] org.apache.catalina.startup.HostConfig.deployDirectory Deployment of web application directory [/opt/tomcat/webapps/host-manager] has finished in [1,356] ms
26-Oct-2019 13:49:11.795 INFO [main] org.apache.catalina.startup.HostConfig.deployDirectory Deploying web application directory [/opt/tomcat/webapps/examples]
26-Oct-2019 13:49:12.881 INFO [main] org.apache.catalina.startup.HostConfig.deployDirectory Deployment of web application directory [/opt/tomcat/webapps/examples] has finished in [1,086] ms
26-Oct-2019 13:49:12.883 INFO [main] org.apache.catalina.startup.HostConfig.deployDirectory Deploying web application directory [/opt/tomcat/webapps/manager]
26-Oct-2019 13:49:13.000 INFO [main] org.apache.catalina.startup.HostConfig.deployDirectory Deployment of web application directory [/opt/tomcat/webapps/manager] has finished in [114] ms
26-Oct-2019 13:49:13.004 INFO [main] org.apache.catalina.startup.HostConfig.deployDirectory Deploying web application directory [/opt/tomcat/webapps/docs]
26-Oct-2019 13:49:13.086 INFO [main] org.apache.catalina.startup.HostConfig.deployDirectory Deployment of web application directory [/opt/tomcat/webapps/docs] has finished in [82] ms
26-Oct-2019 13:49:13.087 INFO [main] org.apache.catalina.startup.HostConfig.deployDirectory Deploying web application directory [/opt/tomcat/webapps/temp_save]
26-Oct-2019 13:49:13.210 INFO [main] org.apache.catalina.startup.HostConfig.deployDirectory Deployment of web application directory [/opt/tomcat/webapps/temp_save] has finished in [123] ms
26-Oct-2019 13:49:13.213 INFO [main] org.apache.catalina.startup.HostConfig.deployDirectory Deploying web application directory [/opt/tomcat/webapps/ROOT]
26-Oct-2019 13:49:13.640 INFO [main] org.apache.catalina.startup.HostConfig.deployDirectory Deployment of web application directory [/opt/tomcat/webapps/ROOT] has finished in [428] ms
26-Oct-2019 13:49:13.708 INFO [main] org.apache.coyote.AbstractProtocol.start Starting ProtocolHandler ["http-nio-8080"]
26-Oct-2019 13:49:13.786 INFO [main] org.apache.coyote.AbstractProtocol.start Starting ProtocolHandler ["ajp-nio-8009"]
26-Oct-2019 13:49:13.830 INFO [main] org.apache.catalina.startup.Catalina.start Server startup in [3,556] milliseconds
26-Oct-2019 13:50:53.917 INFO [Catalina-utility-2] org.apache.catalina.startup.HostConfig.reload Reloading context []
26-Oct-2019 13:50:53.918 INFO [Catalina-utility-2] org.apache.catalina.core.StandardContext.reload Reloading Context with name [] has started
26-Oct-2019 13:50:54.069 INFO [Catalina-utility-2] org.apache.catalina.core.StandardContext.reload Reloading Context with name [] is completed
26-Oct-2019 13:51:01.838 INFO [main] org.apache.catalina.core.StandardServer.await A valid shutdown command was received via the shutdown port. Stopping the Server instance.
26-Oct-2019 13:51:01.842 INFO [main] org.apache.coyote.AbstractProtocol.pause Pausing ProtocolHandler ["http-nio-8080"]
26-Oct-2019 13:51:01.853 INFO [main] org.apache.coyote.AbstractProtocol.pause Pausing ProtocolHandler ["ajp-nio-8009"]
26-Oct-2019 13:51:01.859 INFO [main] org.apache.catalina.core.StandardService.stopInternal Stopping service [Catalina]
26-Oct-2019 13:51:01.961 INFO [main] org.apache.coyote.AbstractProtocol.stop Stopping ProtocolHandler ["http-nio-8080"]
26-Oct-2019 13:51:01.970 INFO [main] org.apache.coyote.AbstractProtocol.stop Stopping ProtocolHandler ["ajp-nio-8009"]
26-Oct-2019 13:51:01.974 INFO [main] org.apache.coyote.AbstractProtocol.destroy Destroying ProtocolHandler ["http-nio-8080"]
26-Oct-2019 13:51:01.976 INFO [main] org.apache.coyote.AbstractProtocol.destroy Destroying ProtocolHandler ["ajp-nio-8009"]
26-Oct-2019 13:51:04.922 INFO [main] org.apache.catalina.startup.VersionLoggerListener.log Server version name:   Apache Tomcat/9.0.27
26-Oct-2019 13:51:04.937 INFO [main] org.apache.catalina.startup.VersionLoggerListener.log Server built:          Oct 7 2019 09:57:22 UTC
26-Oct-2019 13:51:04.937 INFO [main] org.apache.catalina.startup.VersionLoggerListener.log Server version number: 9.0.27.0
26-Oct-2019 13:51:04.937 INFO [main] org.apache.catalina.startup.VersionLoggerListener.log OS Name:               Linux
26-Oct-2019 13:51:04.937 INFO [main] org.apache.catalina.startup.VersionLoggerListener.log OS Version:            4.4.0-66-generic
26-Oct-2019 13:51:04.937 INFO [main] org.apache.catalina.startup.VersionLoggerListener.log Architecture:          amd64
26-Oct-2019 13:51:04.938 INFO [main] org.apache.catalina.startup.VersionLoggerListener.log Java Home:             /usr/lib/jvm/java-8-openjdk-amd64/jre
26-Oct-2019 13:51:04.938 INFO [main] org.apache.catalina.startup.VersionLoggerListener.log JVM Version:           1.8.0_222-8u222-b10-1ubuntu1~16.04.1-b10
26-Oct-2019 13:51:04.938 INFO [main] org.apache.catalina.startup.VersionLoggerListener.log JVM Vendor:            Private Build
26-Oct-2019 13:51:04.938 INFO [main] org.apache.catalina.startup.VersionLoggerListener.log CATALINA_BASE:         /opt/tomcat
26-Oct-2019 13:51:04.938 INFO [main] org.apache.catalina.startup.VersionLoggerListener.log CATALINA_HOME:         /opt/tomcat
26-Oct-2019 13:51:04.939 INFO [main] org.apache.catalina.startup.VersionLoggerListener.log Command line argument: -Djava.util.logging.config.file=/opt/tomcat/conf/logging.properties
26-Oct-2019 13:51:04.941 INFO [main] org.apache.catalina.startup.VersionLoggerListener.log Command line argument: -Djava.util.logging.manager=org.apache.juli.ClassLoaderLogManager
26-Oct-2019 13:51:04.941 INFO [main] org.apache.catalina.startup.VersionLoggerListener.log Command line argument: -Djava.awt.headless=true
26-Oct-2019 13:51:04.941 INFO [main] org.apache.catalina.startup.VersionLoggerListener.log Command line argument: -Djava.security.egd=file:/dev/./urandom
26-Oct-2019 13:51:04.941 INFO [main] org.apache.catalina.startup.VersionLoggerListener.log Command line argument: -Djdk.tls.ephemeralDHKeySize=2048
26-Oct-2019 13:51:04.942 INFO [main] org.apache.catalina.startup.VersionLoggerListener.log Command line argument: -Djava.protocol.handler.pkgs=org.apache.catalina.webresources
26-Oct-2019 13:51:04.946 INFO [main] org.apache.catalina.startup.VersionLoggerListener.log Command line argument: -Dorg.apache.catalina.security.SecurityListener.UMASK=0027
26-Oct-2019 13:51:04.947 INFO [main] org.apache.catalina.startup.VersionLoggerListener.log Command line argument: -Xms512M
26-Oct-2019 13:51:04.947 INFO [main] org.apache.catalina.startup.VersionLoggerListener.log Command line argument: -Xmx1024M
26-Oct-2019 13:51:04.947 INFO [main] org.apache.catalina.startup.VersionLoggerListener.log Command line argument: -XX:+UseParallelGC
26-Oct-2019 13:51:04.947 INFO [main] org.apache.catalina.startup.VersionLoggerListener.log Command line argument: -Dignore.endorsed.dirs=
26-Oct-2019 13:51:04.948 INFO [main] org.apache.catalina.startup.VersionLoggerListener.log Command line argument: -Dcatalina.base=/opt/tomcat
26-Oct-2019 13:51:04.948 INFO [main] org.apache.catalina.startup.VersionLoggerListener.log Command line argument: -Dcatalina.home=/opt/tomcat
26-Oct-2019 13:51:04.953 INFO [main] org.apache.catalina.startup.VersionLoggerListener.log Command line argument: -Djava.io.tmpdir=/opt/tomcat/temp
26-Oct-2019 13:51:04.954 INFO [main] org.apache.catalina.core.AprLifecycleListener.lifecycleEvent The APR based Apache Tomcat Native library which allows optimal performance in production environments was not found on the java.library.path: [/usr/java/packages/lib/amd64:/usr/lib/x86_64-linux-gnu/jni:/lib/x86_64-linux-gnu:/usr/lib/x86_64-linux-gnu:/usr/lib/jni:/lib:/usr/lib]
26-Oct-2019 13:51:06.117 INFO [main] org.apache.coyote.AbstractProtocol.init Initializing ProtocolHandler ["http-nio-8080"]
26-Oct-2019 13:51:06.344 INFO [main] org.apache.coyote.AbstractProtocol.init Initializing ProtocolHandler ["ajp-nio-8009"]
26-Oct-2019 13:51:06.375 INFO [main] org.apache.catalina.startup.Catalina.load Server initialization in [2,134] milliseconds
26-Oct-2019 13:51:06.532 INFO [main] org.apache.catalina.core.StandardService.startInternal Starting service [Catalina]
26-Oct-2019 13:51:06.533 INFO [main] org.apache.catalina.core.StandardEngine.startInternal Starting Servlet engine: [Apache Tomcat/9.0.27]
26-Oct-2019 13:51:06.545 SEVERE [main] org.apache.catalina.startup.HostConfig.beforeStart Unable to create directory for deployment: [/opt/tomcat/conf/Catalina/localhost]
26-Oct-2019 13:51:06.563 INFO [main] org.apache.catalina.startup.HostConfig.deployDirectory Deploying web application directory [/opt/tomcat/webapps/host-manager]
26-Oct-2019 13:51:07.849 INFO [main] org.apache.catalina.startup.HostConfig.deployDirectory Deployment of web application directory [/opt/tomcat/webapps/host-manager] has finished in [1,287] ms
26-Oct-2019 13:51:07.851 INFO [main] org.apache.catalina.startup.HostConfig.deployDirectory Deploying web application directory [/opt/tomcat/webapps/examples]
26-Oct-2019 13:51:09.167 INFO [main] org.apache.catalina.startup.HostConfig.deployDirectory Deployment of web application directory [/opt/tomcat/webapps/examples] has finished in [1,316] ms
26-Oct-2019 13:51:09.169 INFO [main] org.apache.catalina.startup.HostConfig.deployDirectory Deploying web application directory [/opt/tomcat/webapps/manager]
26-Oct-2019 13:51:09.270 INFO [main] org.apache.catalina.startup.HostConfig.deployDirectory Deployment of web application directory [/opt/tomcat/webapps/manager] has finished in [101] ms
26-Oct-2019 13:51:09.273 INFO [main] org.apache.catalina.startup.HostConfig.deployDirectory Deploying web application directory [/opt/tomcat/webapps/docs]
26-Oct-2019 13:51:09.359 INFO [main] org.apache.catalina.startup.HostConfig.deployDirectory Deployment of web application directory [/opt/tomcat/webapps/docs] has finished in [83] ms
26-Oct-2019 13:51:09.360 INFO [main] org.apache.catalina.startup.HostConfig.deployDirectory Deploying web application directory [/opt/tomcat/webapps/temp_save]
26-Oct-2019 13:51:09.477 INFO [main] org.apache.catalina.startup.HostConfig.deployDirectory Deployment of web application directory [/opt/tomcat/webapps/temp_save] has finished in [112] ms
26-Oct-2019 13:51:09.479 INFO [main] org.apache.catalina.startup.HostConfig.deployDirectory Deploying web application directory [/opt/tomcat/webapps/ROOT]
26-Oct-2019 13:51:09.631 INFO [main] org.apache.catalina.startup.HostConfig.deployDirectory Deployment of web application directory [/opt/tomcat/webapps/ROOT] has finished in [152] ms
26-Oct-2019 13:51:09.646 INFO [main] org.apache.coyote.AbstractProtocol.start Starting ProtocolHandler ["http-nio-8080"]
26-Oct-2019 13:51:09.669 INFO [main] org.apache.coyote.AbstractProtocol.start Starting ProtocolHandler ["ajp-nio-8009"]
26-Oct-2019 13:51:09.709 INFO [main] org.apache.catalina.startup.Catalina.start Server startup in [3,333] milliseconds
26-Oct-2019 13:53:17.079 INFO [main] org.apache.catalina.core.StandardServer.await A valid shutdown command was received via the shutdown port. Stopping the Server instance.
26-Oct-2019 13:53:17.081 INFO [main] org.apache.coyote.AbstractProtocol.pause Pausing ProtocolHandler ["http-nio-8080"]
26-Oct-2019 13:53:17.099 INFO [main] org.apache.coyote.AbstractProtocol.pause Pausing ProtocolHandler ["ajp-nio-8009"]
26-Oct-2019 13:53:17.104 INFO [main] org.apache.catalina.core.StandardService.stopInternal Stopping service [Catalina]
26-Oct-2019 13:53:17.221 INFO [main] org.apache.coyote.AbstractProtocol.stop Stopping ProtocolHandler ["http-nio-8080"]
26-Oct-2019 13:53:17.226 INFO [main] org.apache.coyote.AbstractProtocol.stop Stopping ProtocolHandler ["ajp-nio-8009"]
26-Oct-2019 13:53:17.294 INFO [main] org.apache.coyote.AbstractProtocol.destroy Destroying ProtocolHandler ["http-nio-8080"]
26-Oct-2019 13:53:17.297 INFO [main] org.apache.coyote.AbstractProtocol.destroy Destroying ProtocolHandler ["ajp-nio-8009"]
26-Oct-2019 13:53:20.244 INFO [main] org.apache.catalina.startup.VersionLoggerListener.log Server version name:   Apache Tomcat/9.0.27
26-Oct-2019 13:53:20.253 INFO [main] org.apache.catalina.startup.VersionLoggerListener.log Server built:          Oct 7 2019 09:57:22 UTC
26-Oct-2019 13:53:20.254 INFO [main] org.apache.catalina.startup.VersionLoggerListener.log Server version number: 9.0.27.0
26-Oct-2019 13:53:20.257 INFO [main] org.apache.catalina.startup.VersionLoggerListener.log OS Name:               Linux
26-Oct-2019 13:53:20.257 INFO [main] org.apache.catalina.startup.VersionLoggerListener.log OS Version:            4.4.0-66-generic
26-Oct-2019 13:53:20.257 INFO [main] org.apache.catalina.startup.VersionLoggerListener.log Architecture:          amd64
26-Oct-2019 13:53:20.257 INFO [main] org.apache.catalina.startup.VersionLoggerListener.log Java Home:             /usr/lib/jvm/java-8-openjdk-amd64/jre
26-Oct-2019 13:53:20.257 INFO [main] org.apache.catalina.startup.VersionLoggerListener.log JVM Version:           1.8.0_222-8u222-b10-1ubuntu1~16.04.1-b10
26-Oct-2019 13:53:20.257 INFO [main] org.apache.catalina.startup.VersionLoggerListener.log JVM Vendor:            Private Build
26-Oct-2019 13:53:20.258 INFO [main] org.apache.catalina.startup.VersionLoggerListener.log CATALINA_BASE:         /opt/tomcat
26-Oct-2019 13:53:20.258 INFO [main] org.apache.catalina.startup.VersionLoggerListener.log CATALINA_HOME:         /opt/tomcat
26-Oct-2019 13:53:20.261 INFO [main] org.apache.catalina.startup.VersionLoggerListener.log Command line argument: -Djava.util.logging.config.file=/opt/tomcat/conf/logging.properties
26-Oct-2019 13:53:20.265 INFO [main] org.apache.catalina.startup.VersionLoggerListener.log Command line argument: -Djava.util.logging.manager=org.apache.juli.ClassLoaderLogManager
26-Oct-2019 13:53:20.265 INFO [main] org.apache.catalina.startup.VersionLoggerListener.log Command line argument: -Djava.awt.headless=true
26-Oct-2019 13:53:20.266 INFO [main] org.apache.catalina.startup.VersionLoggerListener.log Command line argument: -Djava.security.egd=file:/dev/./urandom
26-Oct-2019 13:53:20.266 INFO [main] org.apache.catalina.startup.VersionLoggerListener.log Command line argument: -Djdk.tls.ephemeralDHKeySize=2048
26-Oct-2019 13:53:20.266 INFO [main] org.apache.catalina.startup.VersionLoggerListener.log Command line argument: -Djava.protocol.handler.pkgs=org.apache.catalina.webresources
26-Oct-2019 13:53:20.267 INFO [main] org.apache.catalina.startup.VersionLoggerListener.log Command line argument: -Dorg.apache.catalina.security.SecurityListener.UMASK=0027
26-Oct-2019 13:53:20.267 INFO [main] org.apache.catalina.startup.VersionLoggerListener.log Command line argument: -Xms512M
26-Oct-2019 13:53:20.267 INFO [main] org.apache.catalina.startup.VersionLoggerListener.log Command line argument: -Xmx1024M
26-Oct-2019 13:53:20.267 INFO [main] org.apache.catalina.startup.VersionLoggerListener.log Command line argument: -XX:+UseParallelGC
26-Oct-2019 13:53:20.274 INFO [main] org.apache.catalina.startup.VersionLoggerListener.log Command line argument: -Dignore.endorsed.dirs=
26-Oct-2019 13:53:20.275 INFO [main] org.apache.catalina.startup.VersionLoggerListener.log Command line argument: -Dcatalina.base=/opt/tomcat
26-Oct-2019 13:53:20.275 INFO [main] org.apache.catalina.startup.VersionLoggerListener.log Command line argument: -Dcatalina.home=/opt/tomcat
26-Oct-2019 13:53:20.275 INFO [main] org.apache.catalina.startup.VersionLoggerListener.log Command line argument: -Djava.io.tmpdir=/opt/tomcat/temp
26-Oct-2019 13:53:20.275 INFO [main] org.apache.catalina.core.AprLifecycleListener.lifecycleEvent The APR based Apache Tomcat Native library which allows optimal performance in production environments was not found on the java.library.path: [/usr/java/packages/lib/amd64:/usr/lib/x86_64-linux-gnu/jni:/lib/x86_64-linux-gnu:/usr/lib/x86_64-linux-gnu:/usr/lib/jni:/lib:/usr/lib]
26-Oct-2019 13:53:21.669 INFO [main] org.apache.coyote.AbstractProtocol.init Initializing ProtocolHandler ["http-nio-8080"]
26-Oct-2019 13:53:21.777 INFO [main] org.apache.coyote.AbstractProtocol.init Initializing ProtocolHandler ["ajp-nio-8009"]
26-Oct-2019 13:53:21.788 INFO [main] org.apache.catalina.startup.Catalina.load Server initialization in [2,289] milliseconds
26-Oct-2019 13:53:21.896 INFO [main] org.apache.catalina.core.StandardService.startInternal Starting service [Catalina]
26-Oct-2019 13:53:21.896 INFO [main] org.apache.catalina.core.StandardEngine.startInternal Starting Servlet engine: [Apache Tomcat/9.0.27]
26-Oct-2019 13:53:21.909 SEVERE [main] org.apache.catalina.startup.HostConfig.beforeStart Unable to create directory for deployment: [/opt/tomcat/conf/Catalina/localhost]
26-Oct-2019 13:53:21.931 INFO [main] org.apache.catalina.startup.HostConfig.deployDirectory Deploying web application directory [/opt/tomcat/webapps/host-manager]
26-Oct-2019 13:53:23.088 INFO [main] org.apache.catalina.startup.HostConfig.deployDirectory Deployment of web application directory [/opt/tomcat/webapps/host-manager] has finished in [1,157] ms
26-Oct-2019 13:53:23.090 INFO [main] org.apache.catalina.startup.HostConfig.deployDirectory Deploying web application directory [/opt/tomcat/webapps/examples]
26-Oct-2019 13:53:24.424 INFO [main] org.apache.catalina.startup.HostConfig.deployDirectory Deployment of web application directory [/opt/tomcat/webapps/examples] has finished in [1,334] ms
26-Oct-2019 13:53:24.429 INFO [main] org.apache.catalina.startup.HostConfig.deployDirectory Deploying web application directory [/opt/tomcat/webapps/manager]
26-Oct-2019 13:53:24.534 INFO [main] org.apache.catalina.startup.HostConfig.deployDirectory Deployment of web application directory [/opt/tomcat/webapps/manager] has finished in [104] ms
26-Oct-2019 13:53:24.536 INFO [main] org.apache.catalina.startup.HostConfig.deployDirectory Deploying web application directory [/opt/tomcat/webapps/docs]
26-Oct-2019 13:53:24.618 INFO [main] org.apache.catalina.startup.HostConfig.deployDirectory Deployment of web application directory [/opt/tomcat/webapps/docs] has finished in [82] ms
26-Oct-2019 13:53:24.619 INFO [main] org.apache.catalina.startup.HostConfig.deployDirectory Deploying web application directory [/opt/tomcat/webapps/temp_save]
26-Oct-2019 13:53:24.725 INFO [main] org.apache.catalina.startup.HostConfig.deployDirectory Deployment of web application directory [/opt/tomcat/webapps/temp_save] has finished in [105] ms
26-Oct-2019 13:53:24.726 INFO [main] org.apache.catalina.startup.HostConfig.deployDirectory Deploying web application directory [/opt/tomcat/webapps/ROOT]
26-Oct-2019 13:53:24.875 INFO [main] org.apache.catalina.startup.HostConfig.deployDirectory Deployment of web application directory [/opt/tomcat/webapps/ROOT] has finished in [149] ms
26-Oct-2019 13:53:24.897 INFO [main] org.apache.coyote.AbstractProtocol.start Starting ProtocolHandler ["http-nio-8080"]
26-Oct-2019 13:53:24.941 INFO [main] org.apache.coyote.AbstractProtocol.start Starting ProtocolHandler ["ajp-nio-8009"]
26-Oct-2019 13:53:24.980 INFO [main] org.apache.catalina.startup.Catalina.start Server startup in [3,190] milliseconds
26-Oct-2019 14:06:23.018 INFO [http-nio-8080-exec-1] org.apache.coyote.http11.Http11Processor.service Error parsing HTTP request header
 Note: further occurrences of HTTP request parsing errors will be logged at DEBUG level.
	java.lang.IllegalArgumentException: Invalid character found in method name. HTTP method names must be tokens
		at org.apache.coyote.http11.Http11InputBuffer.parseRequestLine(Http11InputBuffer.java:415)
		at org.apache.coyote.http11.Http11Processor.service(Http11Processor.java:292)
		at org.apache.coyote.AbstractProcessorLight.process(AbstractProcessorLight.java:66)
		at org.apache.coyote.AbstractProtocol$ConnectionHandler.process(AbstractProtocol.java:861)
		at org.apache.tomcat.util.net.NioEndpoint$SocketProcessor.doRun(NioEndpoint.java:1579)
		at org.apache.tomcat.util.net.SocketProcessorBase.run(SocketProcessorBase.java:49)
		at java.util.concurrent.ThreadPoolExecutor.runWorker(ThreadPoolExecutor.java:1149)
		at java.util.concurrent.ThreadPoolExecutor$Worker.run(ThreadPoolExecutor.java:624)
		at org.apache.tomcat.util.threads.TaskThread$WrappingRunnable.run(TaskThread.java:61)
		at java.lang.Thread.run(Thread.java:748)
26-Oct-2019 14:06:23.019 INFO [http-nio-8080-exec-2] org.apache.coyote.http11.Http11Processor.service Error parsing HTTP request header
 Note: further occurrences of HTTP request parsing errors will be logged at DEBUG level.
	java.lang.IllegalArgumentException: Invalid character found in method name. HTTP method names must be tokens
		at org.apache.coyote.http11.Http11InputBuffer.parseRequestLine(Http11InputBuffer.java:415)
		at org.apache.coyote.http11.Http11Processor.service(Http11Processor.java:292)
		at org.apache.coyote.AbstractProcessorLight.process(AbstractProcessorLight.java:66)
		at org.apache.coyote.AbstractProtocol$ConnectionHandler.process(AbstractProtocol.java:861)
		at org.apache.tomcat.util.net.NioEndpoint$SocketProcessor.doRun(NioEndpoint.java:1579)
		at org.apache.tomcat.util.net.SocketProcessorBase.run(SocketProcessorBase.java:49)
		at java.util.concurrent.ThreadPoolExecutor.runWorker(ThreadPoolExecutor.java:1149)
		at java.util.concurrent.ThreadPoolExecutor$Worker.run(ThreadPoolExecutor.java:624)
		at org.apache.tomcat.util.threads.TaskThread$WrappingRunnable.run(TaskThread.java:61)
		at java.lang.Thread.run(Thread.java:748)
26-Oct-2019 14:16:06.439 INFO [Catalina-utility-1] org.apache.catalina.startup.HostConfig.undeploy Undeploying context [/temp_save]
26-Oct-2019 14:16:15.932 INFO [main] org.apache.catalina.core.StandardServer.await A valid shutdown command was received via the shutdown port. Stopping the Server instance.
26-Oct-2019 14:16:15.933 INFO [main] org.apache.coyote.AbstractProtocol.pause Pausing ProtocolHandler ["http-nio-8080"]
26-Oct-2019 14:16:15.946 INFO [main] org.apache.coyote.AbstractProtocol.pause Pausing ProtocolHandler ["ajp-nio-8009"]
26-Oct-2019 14:16:15.951 INFO [main] org.apache.catalina.core.StandardService.stopInternal Stopping service [Catalina]
26-Oct-2019 14:16:16.022 INFO [main] org.apache.coyote.AbstractProtocol.stop Stopping ProtocolHandler ["http-nio-8080"]
26-Oct-2019 14:16:16.027 INFO [main] org.apache.coyote.AbstractProtocol.stop Stopping ProtocolHandler ["ajp-nio-8009"]
26-Oct-2019 14:16:16.031 INFO [main] org.apache.coyote.AbstractProtocol.destroy Destroying ProtocolHandler ["http-nio-8080"]
26-Oct-2019 14:16:16.035 INFO [main] org.apache.coyote.AbstractProtocol.destroy Destroying ProtocolHandler ["ajp-nio-8009"]
26-Oct-2019 14:16:19.323 INFO [main] org.apache.catalina.startup.VersionLoggerListener.log Server version name:   Apache Tomcat/9.0.27
26-Oct-2019 14:16:19.333 INFO [main] org.apache.catalina.startup.VersionLoggerListener.log Server built:          Oct 7 2019 09:57:22 UTC
26-Oct-2019 14:16:19.334 INFO [main] org.apache.catalina.startup.VersionLoggerListener.log Server version number: 9.0.27.0
26-Oct-2019 14:16:19.334 INFO [main] org.apache.catalina.startup.VersionLoggerListener.log OS Name:               Linux
26-Oct-2019 14:16:19.334 INFO [main] org.apache.catalina.startup.VersionLoggerListener.log OS Version:            4.4.0-66-generic
26-Oct-2019 14:16:19.334 INFO [main] org.apache.catalina.startup.VersionLoggerListener.log Architecture:          amd64
26-Oct-2019 14:16:19.334 INFO [main] org.apache.catalina.startup.VersionLoggerListener.log Java Home:             /usr/lib/jvm/java-8-openjdk-amd64/jre
26-Oct-2019 14:16:19.334 INFO [main] org.apache.catalina.startup.VersionLoggerListener.log JVM Version:           1.8.0_222-8u222-b10-1ubuntu1~16.04.1-b10
26-Oct-2019 14:16:19.335 INFO [main] org.apache.catalina.startup.VersionLoggerListener.log JVM Vendor:            Private Build
26-Oct-2019 14:16:19.335 INFO [main] org.apache.catalina.startup.VersionLoggerListener.log CATALINA_BASE:         /opt/tomcat
26-Oct-2019 14:16:19.335 INFO [main] org.apache.catalina.startup.VersionLoggerListener.log CATALINA_HOME:         /opt/tomcat
26-Oct-2019 14:16:19.336 INFO [main] org.apache.catalina.startup.VersionLoggerListener.log Command line argument: -Djava.util.logging.config.file=/opt/tomcat/conf/logging.properties
26-Oct-2019 14:16:19.341 INFO [main] org.apache.catalina.startup.VersionLoggerListener.log Command line argument: -Djava.util.logging.manager=org.apache.juli.ClassLoaderLogManager
26-Oct-2019 14:16:19.341 INFO [main] org.apache.catalina.startup.VersionLoggerListener.log Command line argument: -Djava.awt.headless=true
26-Oct-2019 14:16:19.341 INFO [main] org.apache.catalina.startup.VersionLoggerListener.log Command line argument: -Djava.security.egd=file:/dev/./urandom
26-Oct-2019 14:16:19.341 INFO [main] org.apache.catalina.startup.VersionLoggerListener.log Command line argument: -Djdk.tls.ephemeralDHKeySize=2048
26-Oct-2019 14:16:19.342 INFO [main] org.apache.catalina.startup.VersionLoggerListener.log Command line argument: -Djava.protocol.handler.pkgs=org.apache.catalina.webresources
26-Oct-2019 14:16:19.342 INFO [main] org.apache.catalina.startup.VersionLoggerListener.log Command line argument: -Dorg.apache.catalina.security.SecurityListener.UMASK=0027
26-Oct-2019 14:16:19.342 INFO [main] org.apache.catalina.startup.VersionLoggerListener.log Command line argument: -Xms512M
26-Oct-2019 14:16:19.349 INFO [main] org.apache.catalina.startup.VersionLoggerListener.log Command line argument: -Xmx1024M
26-Oct-2019 14:16:19.350 INFO [main] org.apache.catalina.startup.VersionLoggerListener.log Command line argument: -XX:+UseParallelGC
26-Oct-2019 14:16:19.350 INFO [main] org.apache.catalina.startup.VersionLoggerListener.log Command line argument: -Dignore.endorsed.dirs=
26-Oct-2019 14:16:19.352 INFO [main] org.apache.catalina.startup.VersionLoggerListener.log Command line argument: -Dcatalina.base=/opt/tomcat
26-Oct-2019 14:16:19.352 INFO [main] org.apache.catalina.startup.VersionLoggerListener.log Command line argument: -Dcatalina.home=/opt/tomcat
26-Oct-2019 14:16:19.352 INFO [main] org.apache.catalina.startup.VersionLoggerListener.log Command line argument: -Djava.io.tmpdir=/opt/tomcat/temp
26-Oct-2019 14:16:19.353 INFO [main] org.apache.catalina.core.AprLifecycleListener.lifecycleEvent The APR based Apache Tomcat Native library which allows optimal performance in production environments was not found on the java.library.path: [/usr/java/packages/lib/amd64:/usr/lib/x86_64-linux-gnu/jni:/lib/x86_64-linux-gnu:/usr/lib/x86_64-linux-gnu:/usr/lib/jni:/lib:/usr/lib]
26-Oct-2019 14:16:20.410 INFO [main] org.apache.coyote.AbstractProtocol.init Initializing ProtocolHandler ["http-nio-8080"]
26-Oct-2019 14:16:20.518 INFO [main] org.apache.coyote.AbstractProtocol.init Initializing ProtocolHandler ["ajp-nio-8009"]
26-Oct-2019 14:16:20.530 INFO [main] org.apache.catalina.startup.Catalina.load Server initialization in [2,440] milliseconds
26-Oct-2019 14:16:20.644 INFO [main] org.apache.catalina.core.StandardService.startInternal Starting service [Catalina]
26-Oct-2019 14:16:20.645 INFO [main] org.apache.catalina.core.StandardEngine.startInternal Starting Servlet engine: [Apache Tomcat/9.0.27]
26-Oct-2019 14:16:20.657 SEVERE [main] org.apache.catalina.startup.HostConfig.beforeStart Unable to create directory for deployment: [/opt/tomcat/conf/Catalina/localhost]
26-Oct-2019 14:16:20.674 INFO [main] org.apache.catalina.startup.HostConfig.deployDirectory Deploying web application directory [/opt/tomcat/webapps/host-manager]
26-Oct-2019 14:16:22.010 INFO [main] org.apache.catalina.startup.HostConfig.deployDirectory Deployment of web application directory [/opt/tomcat/webapps/host-manager] has finished in [1,336] ms
26-Oct-2019 14:16:22.012 INFO [main] org.apache.catalina.startup.HostConfig.deployDirectory Deploying web application directory [/opt/tomcat/webapps/examples]
26-Oct-2019 14:16:23.002 INFO [main] org.apache.catalina.startup.HostConfig.deployDirectory Deployment of web application directory [/opt/tomcat/webapps/examples] has finished in [989] ms
26-Oct-2019 14:16:23.005 INFO [main] org.apache.catalina.startup.HostConfig.deployDirectory Deploying web application directory [/opt/tomcat/webapps/manager]
26-Oct-2019 14:16:23.111 INFO [main] org.apache.catalina.startup.HostConfig.deployDirectory Deployment of web application directory [/opt/tomcat/webapps/manager] has finished in [106] ms
26-Oct-2019 14:16:23.112 INFO [main] org.apache.catalina.startup.HostConfig.deployDirectory Deploying web application directory [/opt/tomcat/webapps/docs]
26-Oct-2019 14:16:23.199 INFO [main] org.apache.catalina.startup.HostConfig.deployDirectory Deployment of web application directory [/opt/tomcat/webapps/docs] has finished in [87] ms
26-Oct-2019 14:16:23.205 INFO [main] org.apache.catalina.startup.HostConfig.deployDirectory Deploying web application directory [/opt/tomcat/webapps/ROOT]
26-Oct-2019 14:16:23.366 INFO [main] org.apache.catalina.startup.HostConfig.deployDirectory Deployment of web application directory [/opt/tomcat/webapps/ROOT] has finished in [160] ms
26-Oct-2019 14:16:23.375 INFO [main] org.apache.coyote.AbstractProtocol.start Starting ProtocolHandler ["http-nio-8080"]
26-Oct-2019 14:16:23.401 INFO [main] org.apache.coyote.AbstractProtocol.start Starting ProtocolHandler ["ajp-nio-8009"]
26-Oct-2019 14:16:23.412 INFO [main] org.apache.catalina.startup.Catalina.start Server startup in [2,880] milliseconds
26-Oct-2019 14:43:42.142 SEVERE [ajp-nio-8009-exec-1] org.apache.coyote.ajp.AjpMessage.processHeader Invalid message received with signature [768]
26-Oct-2019 14:44:32.681 INFO [http-nio-8080-exec-8] org.apache.coyote.http11.Http11Processor.service Error parsing HTTP request header
 Note: further occurrences of HTTP request parsing errors will be logged at DEBUG level.
	java.lang.IllegalArgumentException: Invalid character found in method name. HTTP method names must be tokens
		at org.apache.coyote.http11.Http11InputBuffer.parseRequestLine(Http11InputBuffer.java:415)
		at org.apache.coyote.http11.Http11Processor.service(Http11Processor.java:292)
		at org.apache.coyote.AbstractProcessorLight.process(AbstractProcessorLight.java:66)
		at org.apache.coyote.AbstractProtocol$ConnectionHandler.process(AbstractProtocol.java:861)
		at org.apache.tomcat.util.net.NioEndpoint$SocketProcessor.doRun(NioEndpoint.java:1579)
		at org.apache.tomcat.util.net.SocketProcessorBase.run(SocketProcessorBase.java:49)
		at java.util.concurrent.ThreadPoolExecutor.runWorker(ThreadPoolExecutor.java:1149)
		at java.util.concurrent.ThreadPoolExecutor$Worker.run(ThreadPoolExecutor.java:624)
		at org.apache.tomcat.util.threads.TaskThread$WrappingRunnable.run(TaskThread.java:61)
		at java.lang.Thread.run(Thread.java:748)
26-Oct-2019 15:30:25.775 INFO [main] org.apache.catalina.core.StandardServer.await A valid shutdown command was received via the shutdown port. Stopping the Server instance.
26-Oct-2019 15:30:25.783 INFO [main] org.apache.coyote.AbstractProtocol.pause Pausing ProtocolHandler ["http-nio-8080"]
26-Oct-2019 15:30:25.805 INFO [main] org.apache.coyote.AbstractProtocol.pause Pausing ProtocolHandler ["ajp-nio-8009"]
26-Oct-2019 15:30:25.819 INFO [main] org.apache.catalina.core.StandardService.stopInternal Stopping service [Catalina]
26-Oct-2019 15:30:25.916 INFO [main] org.apache.coyote.AbstractProtocol.stop Stopping ProtocolHandler ["http-nio-8080"]
26-Oct-2019 15:30:25.921 INFO [main] org.apache.coyote.AbstractProtocol.stop Stopping ProtocolHandler ["ajp-nio-8009"]
26-Oct-2019 15:30:25.926 INFO [main] org.apache.coyote.AbstractProtocol.destroy Destroying ProtocolHandler ["http-nio-8080"]
26-Oct-2019 15:30:25.930 INFO [main] org.apache.coyote.AbstractProtocol.destroy Destroying ProtocolHandler ["ajp-nio-8009"]
26-Oct-2019 15:30:29.300 INFO [main] org.apache.catalina.startup.VersionLoggerListener.log Server version name:   Apache Tomcat/9.0.27
26-Oct-2019 15:30:29.312 INFO [main] org.apache.catalina.startup.VersionLoggerListener.log Server built:          Oct 7 2019 09:57:22 UTC
26-Oct-2019 15:30:29.314 INFO [main] org.apache.catalina.startup.VersionLoggerListener.log Server version number: 9.0.27.0
26-Oct-2019 15:30:29.314 INFO [main] org.apache.catalina.startup.VersionLoggerListener.log OS Name:               Linux
26-Oct-2019 15:30:29.315 INFO [main] org.apache.catalina.startup.VersionLoggerListener.log OS Version:            4.4.0-66-generic
26-Oct-2019 15:30:29.315 INFO [main] org.apache.catalina.startup.VersionLoggerListener.log Architecture:          amd64
26-Oct-2019 15:30:29.315 INFO [main] org.apache.catalina.startup.VersionLoggerListener.log Java Home:             /usr/lib/jvm/java-8-openjdk-amd64/jre
26-Oct-2019 15:30:29.315 INFO [main] org.apache.catalina.startup.VersionLoggerListener.log JVM Version:           1.8.0_222-8u222-b10-1ubuntu1~16.04.1-b10
26-Oct-2019 15:30:29.315 INFO [main] org.apache.catalina.startup.VersionLoggerListener.log JVM Vendor:            Private Build
26-Oct-2019 15:30:29.315 INFO [main] org.apache.catalina.startup.VersionLoggerListener.log CATALINA_BASE:         /opt/tomcat
26-Oct-2019 15:30:29.316 INFO [main] org.apache.catalina.startup.VersionLoggerListener.log CATALINA_HOME:         /opt/tomcat
26-Oct-2019 15:30:29.321 INFO [main] org.apache.catalina.startup.VersionLoggerListener.log Command line argument: -Djava.util.logging.config.file=/opt/tomcat/conf/logging.properties
26-Oct-2019 15:30:29.323 INFO [main] org.apache.catalina.startup.VersionLoggerListener.log Command line argument: -Djava.util.logging.manager=org.apache.juli.ClassLoaderLogManager
26-Oct-2019 15:30:29.323 INFO [main] org.apache.catalina.startup.VersionLoggerListener.log Command line argument: -Djava.awt.headless=true
26-Oct-2019 15:30:29.323 INFO [main] org.apache.catalina.startup.VersionLoggerListener.log Command line argument: -Djava.security.egd=file:/dev/./urandom
26-Oct-2019 15:30:29.323 INFO [main] org.apache.catalina.startup.VersionLoggerListener.log Command line argument: -Djdk.tls.ephemeralDHKeySize=2048
26-Oct-2019 15:30:29.324 INFO [main] org.apache.catalina.startup.VersionLoggerListener.log Command line argument: -Djava.protocol.handler.pkgs=org.apache.catalina.webresources
26-Oct-2019 15:30:29.324 INFO [main] org.apache.catalina.startup.VersionLoggerListener.log Command line argument: -Dorg.apache.catalina.security.SecurityListener.UMASK=0027
26-Oct-2019 15:30:29.324 INFO [main] org.apache.catalina.startup.VersionLoggerListener.log Command line argument: -Xms512M
26-Oct-2019 15:30:29.329 INFO [main] org.apache.catalina.startup.VersionLoggerListener.log Command line argument: -Xmx1024M
26-Oct-2019 15:30:29.329 INFO [main] org.apache.catalina.startup.VersionLoggerListener.log Command line argument: -XX:+UseParallelGC
26-Oct-2019 15:30:29.330 INFO [main] org.apache.catalina.startup.VersionLoggerListener.log Command line argument: -Dignore.endorsed.dirs=
26-Oct-2019 15:30:29.330 INFO [main] org.apache.catalina.startup.VersionLoggerListener.log Command line argument: -Dcatalina.base=/opt/tomcat
26-Oct-2019 15:30:29.330 INFO [main] org.apache.catalina.startup.VersionLoggerListener.log Command line argument: -Dcatalina.home=/opt/tomcat
26-Oct-2019 15:30:29.333 INFO [main] org.apache.catalina.startup.VersionLoggerListener.log Command line argument: -Djava.io.tmpdir=/opt/tomcat/temp
26-Oct-2019 15:30:29.335 INFO [main] org.apache.catalina.core.AprLifecycleListener.lifecycleEvent The APR based Apache Tomcat Native library which allows optimal performance in production environments was not found on the java.library.path: [/usr/java/packages/lib/amd64:/usr/lib/x86_64-linux-gnu/jni:/lib/x86_64-linux-gnu:/usr/lib/x86_64-linux-gnu:/usr/lib/jni:/lib:/usr/lib]
26-Oct-2019 15:30:30.838 INFO [main] org.apache.coyote.AbstractProtocol.init Initializing ProtocolHandler ["http-nio-8080"]
26-Oct-2019 15:30:30.956 INFO [main] org.apache.coyote.AbstractProtocol.init Initializing ProtocolHandler ["ajp-nio-8009"]
26-Oct-2019 15:30:30.972 INFO [main] org.apache.catalina.startup.Catalina.load Server initialization in [2,480] milliseconds
26-Oct-2019 15:30:31.087 INFO [main] org.apache.catalina.core.StandardService.startInternal Starting service [Catalina]
26-Oct-2019 15:30:31.089 INFO [main] org.apache.catalina.core.StandardEngine.startInternal Starting Servlet engine: [Apache Tomcat/9.0.27]
26-Oct-2019 15:30:31.107 SEVERE [main] org.apache.catalina.startup.HostConfig.beforeStart Unable to create directory for deployment: [/opt/tomcat/conf/Catalina/localhost]
26-Oct-2019 15:30:31.135 INFO [main] org.apache.catalina.startup.HostConfig.deployDirectory Deploying web application directory [/opt/tomcat/webapps/host-manager]
26-Oct-2019 15:30:32.264 INFO [main] org.apache.catalina.startup.HostConfig.deployDirectory Deployment of web application directory [/opt/tomcat/webapps/host-manager] has finished in [1,128] ms
26-Oct-2019 15:30:32.265 INFO [main] org.apache.catalina.startup.HostConfig.deployDirectory Deploying web application directory [/opt/tomcat/webapps/examples]
26-Oct-2019 15:30:33.799 INFO [main] org.apache.catalina.startup.HostConfig.deployDirectory Deployment of web application directory [/opt/tomcat/webapps/examples] has finished in [1,534] ms
26-Oct-2019 15:30:33.806 INFO [main] org.apache.catalina.startup.HostConfig.deployDirectory Deploying web application directory [/opt/tomcat/webapps/manager]
26-Oct-2019 15:30:33.925 INFO [main] org.apache.catalina.startup.HostConfig.deployDirectory Deployment of web application directory [/opt/tomcat/webapps/manager] has finished in [114] ms
26-Oct-2019 15:30:33.926 INFO [main] org.apache.catalina.startup.HostConfig.deployDirectory Deploying web application directory [/opt/tomcat/webapps/docs]
26-Oct-2019 15:30:34.024 INFO [main] org.apache.catalina.startup.HostConfig.deployDirectory Deployment of web application directory [/opt/tomcat/webapps/docs] has finished in [98] ms
26-Oct-2019 15:30:34.034 INFO [main] org.apache.catalina.startup.HostConfig.deployDirectory Deploying web application directory [/opt/tomcat/webapps/ROOT]
26-Oct-2019 15:30:34.187 INFO [main] org.apache.catalina.startup.HostConfig.deployDirectory Deployment of web application directory [/opt/tomcat/webapps/ROOT] has finished in [153] ms
26-Oct-2019 15:30:34.214 INFO [main] org.apache.coyote.AbstractProtocol.start Starting ProtocolHandler ["http-nio-8080"]
26-Oct-2019 15:30:34.241 INFO [main] org.apache.coyote.AbstractProtocol.start Starting ProtocolHandler ["ajp-nio-8009"]
26-Oct-2019 15:30:34.281 INFO [main] org.apache.catalina.startup.Catalina.start Server startup in [3,307] milliseconds
26-Oct-2019 21:03:19.956 INFO [http-nio-8080-exec-10] org.apache.coyote.http11.Http11Processor.service Error parsing HTTP request header
 Note: further occurrences of HTTP request parsing errors will be logged at DEBUG level.
	java.lang.IllegalArgumentException: Invalid character found in method name. HTTP method names must be tokens
		at org.apache.coyote.http11.Http11InputBuffer.parseRequestLine(Http11InputBuffer.java:415)
		at org.apache.coyote.http11.Http11Processor.service(Http11Processor.java:292)
		at org.apache.coyote.AbstractProcessorLight.process(AbstractProcessorLight.java:66)
		at org.apache.coyote.AbstractProtocol$ConnectionHandler.process(AbstractProtocol.java:861)
		at org.apache.tomcat.util.net.NioEndpoint$SocketProcessor.doRun(NioEndpoint.java:1579)
		at org.apache.tomcat.util.net.SocketProcessorBase.run(SocketProcessorBase.java:49)
		at java.util.concurrent.ThreadPoolExecutor.runWorker(ThreadPoolExecutor.java:1149)
		at java.util.concurrent.ThreadPoolExecutor$Worker.run(ThreadPoolExecutor.java:624)
		at org.apache.tomcat.util.threads.TaskThread$WrappingRunnable.run(TaskThread.java:61)
		at java.lang.Thread.run(Thread.java:748)
