08-Nov-2019 11:42:42.232 SEVERE [ajp-nio-8009-exec-9] org.apache.coyote.ajp.AjpMessage.processHeader Invalid message received with signature [18245]
08-Nov-2019 19:12:38.695 INFO [Catalina-utility-2] org.apache.catalina.startup.HostConfig.deployDirectory Deploying web application directory [/opt/tomcat/webapps/jpa]
08-Nov-2019 19:12:39.793 INFO [Catalina-utility-2] org.apache.jasper.servlet.TldScanner.scanJars At least one JAR was scanned for TLDs yet contained no TLDs. Enable debug logging for this logger for a complete list of JARs that were scanned but no TLDs were found in them. Skipping unneeded JARs during scanning can improve startup time and JSP compilation time.
08-Nov-2019 19:12:39.815 INFO [Catalina-utility-2] org.apache.catalina.startup.HostConfig.deployDirectory Deployment of web application directory [/opt/tomcat/webapps/jpa] has finished in [1,120] ms
08-Nov-2019 21:37:20.387 INFO [main] org.apache.catalina.core.StandardServer.await A valid shutdown command was received via the shutdown port. Stopping the Server instance.
08-Nov-2019 21:37:20.407 INFO [main] org.apache.coyote.AbstractProtocol.pause Pausing ProtocolHandler ["http-nio-8080"]
08-Nov-2019 21:37:20.446 INFO [main] org.apache.coyote.AbstractProtocol.pause Pausing ProtocolHandler ["ajp-nio-8009"]
08-Nov-2019 21:37:20.465 INFO [main] org.apache.catalina.core.StandardService.stopInternal Stopping service [Catalina]
08-Nov-2019 21:37:20.868 INFO [main] org.apache.coyote.AbstractProtocol.stop Stopping ProtocolHandler ["http-nio-8080"]
08-Nov-2019 21:37:20.905 INFO [main] org.apache.coyote.AbstractProtocol.stop Stopping ProtocolHandler ["ajp-nio-8009"]
08-Nov-2019 21:37:20.921 INFO [main] org.apache.coyote.AbstractProtocol.destroy Destroying ProtocolHandler ["http-nio-8080"]
08-Nov-2019 21:37:20.929 INFO [main] org.apache.coyote.AbstractProtocol.destroy Destroying ProtocolHandler ["ajp-nio-8009"]
08-Nov-2019 21:37:25.113 INFO [main] org.apache.catalina.startup.VersionLoggerListener.log Server version name:   Apache Tomcat/9.0.27
08-Nov-2019 21:37:25.117 INFO [main] org.apache.catalina.startup.VersionLoggerListener.log Server built:          Oct 7 2019 09:57:22 UTC
08-Nov-2019 21:37:25.117 INFO [main] org.apache.catalina.startup.VersionLoggerListener.log Server version number: 9.0.27.0
08-Nov-2019 21:37:25.118 INFO [main] org.apache.catalina.startup.VersionLoggerListener.log OS Name:               Linux
08-Nov-2019 21:37:25.118 INFO [main] org.apache.catalina.startup.VersionLoggerListener.log OS Version:            4.4.0-66-generic
08-Nov-2019 21:37:25.118 INFO [main] org.apache.catalina.startup.VersionLoggerListener.log Architecture:          amd64
08-Nov-2019 21:37:25.122 INFO [main] org.apache.catalina.startup.VersionLoggerListener.log Java Home:             /usr/lib/jvm/java-8-openjdk-amd64/jre
08-Nov-2019 21:37:25.122 INFO [main] org.apache.catalina.startup.VersionLoggerListener.log JVM Version:           1.8.0_222-8u222-b10-1ubuntu1~16.04.1-b10
08-Nov-2019 21:37:25.122 INFO [main] org.apache.catalina.startup.VersionLoggerListener.log JVM Vendor:            Private Build
08-Nov-2019 21:37:25.123 INFO [main] org.apache.catalina.startup.VersionLoggerListener.log CATALINA_BASE:         /opt/tomcat
08-Nov-2019 21:37:25.123 INFO [main] org.apache.catalina.startup.VersionLoggerListener.log CATALINA_HOME:         /opt/tomcat
08-Nov-2019 21:37:25.183 INFO [main] org.apache.catalina.startup.VersionLoggerListener.log Command line argument: -Djava.util.logging.config.file=/opt/tomcat/conf/logging.properties
08-Nov-2019 21:37:25.186 INFO [main] org.apache.catalina.startup.VersionLoggerListener.log Command line argument: -Djava.util.logging.manager=org.apache.juli.ClassLoaderLogManager
08-Nov-2019 21:37:25.186 INFO [main] org.apache.catalina.startup.VersionLoggerListener.log Command line argument: -Djava.awt.headless=true
08-Nov-2019 21:37:25.187 INFO [main] org.apache.catalina.startup.VersionLoggerListener.log Command line argument: -Djava.security.egd=file:/dev/./urandom
08-Nov-2019 21:37:25.191 INFO [main] org.apache.catalina.startup.VersionLoggerListener.log Command line argument: -Djdk.tls.ephemeralDHKeySize=2048
08-Nov-2019 21:37:25.191 INFO [main] org.apache.catalina.startup.VersionLoggerListener.log Command line argument: -Djava.protocol.handler.pkgs=org.apache.catalina.webresources
08-Nov-2019 21:37:25.205 INFO [main] org.apache.catalina.startup.VersionLoggerListener.log Command line argument: -Dorg.apache.catalina.security.SecurityListener.UMASK=0027
08-Nov-2019 21:37:25.212 INFO [main] org.apache.catalina.startup.VersionLoggerListener.log Command line argument: -Xms512M
08-Nov-2019 21:37:25.215 INFO [main] org.apache.catalina.startup.VersionLoggerListener.log Command line argument: -Xmx1024M
08-Nov-2019 21:37:25.215 INFO [main] org.apache.catalina.startup.VersionLoggerListener.log Command line argument: -XX:+UseParallelGC
08-Nov-2019 21:37:25.216 INFO [main] org.apache.catalina.startup.VersionLoggerListener.log Command line argument: -Dignore.endorsed.dirs=
08-Nov-2019 21:37:25.236 INFO [main] org.apache.catalina.startup.VersionLoggerListener.log Command line argument: -Dcatalina.base=/opt/tomcat
08-Nov-2019 21:37:25.241 INFO [main] org.apache.catalina.startup.VersionLoggerListener.log Command line argument: -Dcatalina.home=/opt/tomcat
08-Nov-2019 21:37:25.242 INFO [main] org.apache.catalina.startup.VersionLoggerListener.log Command line argument: -Djava.io.tmpdir=/opt/tomcat/temp
08-Nov-2019 21:37:25.242 INFO [main] org.apache.catalina.core.AprLifecycleListener.lifecycleEvent The APR based Apache Tomcat Native library which allows optimal performance in production environments was not found on the java.library.path: [/usr/java/packages/lib/amd64:/usr/lib/x86_64-linux-gnu/jni:/lib/x86_64-linux-gnu:/usr/lib/x86_64-linux-gnu:/usr/lib/jni:/lib:/usr/lib]
08-Nov-2019 21:37:28.214 INFO [main] org.apache.coyote.AbstractProtocol.init Initializing ProtocolHandler ["http-nio-8080"]
08-Nov-2019 21:37:28.494 INFO [main] org.apache.coyote.AbstractProtocol.init Initializing ProtocolHandler ["ajp-nio-8009"]
08-Nov-2019 21:37:28.531 INFO [main] org.apache.catalina.startup.Catalina.load Server initialization in [4,832] milliseconds
08-Nov-2019 21:37:28.752 INFO [main] org.apache.catalina.core.StandardService.startInternal Starting service [Catalina]
08-Nov-2019 21:37:28.756 INFO [main] org.apache.catalina.core.StandardEngine.startInternal Starting Servlet engine: [Apache Tomcat/9.0.27]
08-Nov-2019 21:37:28.788 SEVERE [main] org.apache.catalina.startup.HostConfig.beforeStart Unable to create directory for deployment: [/opt/tomcat/conf/Catalina/localhost]
08-Nov-2019 21:37:28.864 INFO [main] org.apache.catalina.startup.HostConfig.deployDirectory Deploying web application directory [/opt/tomcat/webapps/host-manager]
08-Nov-2019 21:37:33.072 INFO [main] org.apache.jasper.servlet.TldScanner.scanJars At least one JAR was scanned for TLDs yet contained no TLDs. Enable debug logging for this logger for a complete list of JARs that were scanned but no TLDs were found in them. Skipping unneeded JARs during scanning can improve startup time and JSP compilation time.
08-Nov-2019 21:37:33.336 INFO [main] org.apache.catalina.startup.HostConfig.deployDirectory Deployment of web application directory [/opt/tomcat/webapps/host-manager] has finished in [4,472] ms
08-Nov-2019 21:37:33.346 INFO [main] org.apache.catalina.startup.HostConfig.deployDirectory Deploying web application directory [/opt/tomcat/webapps/examples]
08-Nov-2019 21:37:36.440 INFO [main] org.apache.jasper.servlet.TldScanner.scanJars At least one JAR was scanned for TLDs yet contained no TLDs. Enable debug logging for this logger for a complete list of JARs that were scanned but no TLDs were found in them. Skipping unneeded JARs during scanning can improve startup time and JSP compilation time.
08-Nov-2019 21:37:36.525 INFO [main] org.apache.catalina.startup.HostConfig.deployDirectory Deployment of web application directory [/opt/tomcat/webapps/examples] has finished in [3,177] ms
08-Nov-2019 21:37:36.526 INFO [main] org.apache.catalina.startup.HostConfig.deployDirectory Deploying web application directory [/opt/tomcat/webapps/jpa]
08-Nov-2019 21:37:38.106 INFO [main] org.apache.jasper.servlet.TldScanner.scanJars At least one JAR was scanned for TLDs yet contained no TLDs. Enable debug logging for this logger for a complete list of JARs that were scanned but no TLDs were found in them. Skipping unneeded JARs during scanning can improve startup time and JSP compilation time.
08-Nov-2019 21:37:38.150 INFO [main] org.apache.catalina.startup.HostConfig.deployDirectory Deployment of web application directory [/opt/tomcat/webapps/jpa] has finished in [1,624] ms
08-Nov-2019 21:37:38.151 INFO [main] org.apache.catalina.startup.HostConfig.deployDirectory Deploying web application directory [/opt/tomcat/webapps/manager]
08-Nov-2019 21:37:39.855 INFO [main] org.apache.jasper.servlet.TldScanner.scanJars At least one JAR was scanned for TLDs yet contained no TLDs. Enable debug logging for this logger for a complete list of JARs that were scanned but no TLDs were found in them. Skipping unneeded JARs during scanning can improve startup time and JSP compilation time.
08-Nov-2019 21:37:39.869 INFO [main] org.apache.catalina.startup.HostConfig.deployDirectory Deployment of web application directory [/opt/tomcat/webapps/manager] has finished in [1,718] ms
08-Nov-2019 21:37:39.871 INFO [main] org.apache.catalina.startup.HostConfig.deployDirectory Deploying web application directory [/opt/tomcat/webapps/docs]
08-Nov-2019 21:37:42.192 INFO [main] org.apache.jasper.servlet.TldScanner.scanJars At least one JAR was scanned for TLDs yet contained no TLDs. Enable debug logging for this logger for a complete list of JARs that were scanned but no TLDs were found in them. Skipping unneeded JARs during scanning can improve startup time and JSP compilation time.
08-Nov-2019 21:37:42.213 INFO [main] org.apache.catalina.startup.HostConfig.deployDirectory Deployment of web application directory [/opt/tomcat/webapps/docs] has finished in [2,342] ms
08-Nov-2019 21:37:42.214 INFO [main] org.apache.catalina.startup.HostConfig.deployDirectory Deploying web application directory [/opt/tomcat/webapps/ROOT]
08-Nov-2019 21:37:43.790 INFO [main] org.apache.jasper.servlet.TldScanner.scanJars At least one JAR was scanned for TLDs yet contained no TLDs. Enable debug logging for this logger for a complete list of JARs that were scanned but no TLDs were found in them. Skipping unneeded JARs during scanning can improve startup time and JSP compilation time.
08-Nov-2019 21:37:43.964 INFO [main] org.apache.catalina.startup.HostConfig.deployDirectory Deployment of web application directory [/opt/tomcat/webapps/ROOT] has finished in [1,749] ms
08-Nov-2019 21:37:44.005 INFO [main] org.apache.coyote.AbstractProtocol.start Starting ProtocolHandler ["http-nio-8080"]
08-Nov-2019 21:37:44.050 INFO [main] org.apache.coyote.AbstractProtocol.start Starting ProtocolHandler ["ajp-nio-8009"]
08-Nov-2019 21:37:44.086 INFO [main] org.apache.catalina.startup.Catalina.start Server startup in [15,552] milliseconds
