23-Oct-2019 19:05:24.143 INFO [main] org.apache.catalina.core.ApplicationContext.log ContextListener: contextInitialized()
23-Oct-2019 19:05:24.147 INFO [main] org.apache.catalina.core.ApplicationContext.log SessionListener: contextInitialized()
23-Oct-2019 19:05:24.159 INFO [main] org.apache.catalina.core.ApplicationContext.log ContextListener: attributeAdded('StockTicker', 'async.Stockticker@7a8c8dcf')
23-Oct-2019 19:58:16.401 INFO [main] org.apache.catalina.core.ApplicationContext.log SessionListener: contextDestroyed()
23-Oct-2019 19:58:16.408 INFO [main] org.apache.catalina.core.ApplicationContext.log ContextListener: contextDestroyed()
23-Oct-2019 19:58:25.636 INFO [main] org.apache.catalina.core.ApplicationContext.log ContextListener: contextInitialized()
23-Oct-2019 19:58:25.643 INFO [main] org.apache.catalina.core.ApplicationContext.log SessionListener: contextInitialized()
23-Oct-2019 19:58:25.646 INFO [main] org.apache.catalina.core.ApplicationContext.log ContextListener: attributeAdded('StockTicker', 'async.Stockticker@2a5c8d3f')
23-Oct-2019 20:02:52.940 INFO [main] org.apache.catalina.core.ApplicationContext.log SessionListener: contextDestroyed()
23-Oct-2019 20:02:52.940 INFO [main] org.apache.catalina.core.ApplicationContext.log ContextListener: contextDestroyed()
23-Oct-2019 20:02:59.495 INFO [main] org.apache.catalina.core.ApplicationContext.log ContextListener: contextInitialized()
23-Oct-2019 20:02:59.498 INFO [main] org.apache.catalina.core.ApplicationContext.log SessionListener: contextInitialized()
23-Oct-2019 20:02:59.501 INFO [main] org.apache.catalina.core.ApplicationContext.log ContextListener: attributeAdded('StockTicker', 'async.Stockticker@2a5c8d3f')
23-Oct-2019 20:07:13.686 INFO [main] org.apache.catalina.core.ApplicationContext.log SessionListener: contextDestroyed()
23-Oct-2019 20:07:13.688 INFO [main] org.apache.catalina.core.ApplicationContext.log ContextListener: contextDestroyed()
23-Oct-2019 20:07:20.244 INFO [main] org.apache.catalina.core.ApplicationContext.log ContextListener: contextInitialized()
23-Oct-2019 20:07:20.264 INFO [main] org.apache.catalina.core.ApplicationContext.log SessionListener: contextInitialized()
23-Oct-2019 20:07:20.267 INFO [main] org.apache.catalina.core.ApplicationContext.log ContextListener: attributeAdded('StockTicker', 'async.Stockticker@2a5c8d3f')
23-Oct-2019 20:26:39.652 INFO [http-nio-8080-exec-5] org.apache.catalina.core.ApplicationContext.log ContextListener: attributeAdded('org.apache.jasper.runtime.JspApplicationContextImpl', 'org.apache.jasper.runtime.JspApplicationContextImpl@1c950e15')
23-Oct-2019 20:26:39.803 INFO [http-nio-8080-exec-5] org.apache.catalina.core.ApplicationContext.log ContextListener: attributeAdded('org.apache.jasper.compiler.ELInterpreter', 'org.apache.jasper.compiler.ELInterpreterFactory$DefaultELInterpreter@5385dc6e')
23-Oct-2019 20:26:42.068 INFO [http-nio-8080-exec-5] org.apache.catalina.core.ApplicationContext.log SessionListener: sessionCreated('4E76C18CF60E9736A099C6067ABF22F1')
23-Oct-2019 20:29:28.523 INFO [main] org.apache.catalina.core.ApplicationContext.log SessionListener: contextDestroyed()
23-Oct-2019 20:29:28.524 INFO [main] org.apache.catalina.core.ApplicationContext.log ContextListener: contextDestroyed()
23-Oct-2019 20:30:12.864 INFO [main] org.apache.catalina.core.ApplicationContext.log ContextListener: contextInitialized()
23-Oct-2019 20:30:12.867 INFO [main] org.apache.catalina.core.ApplicationContext.log SessionListener: contextInitialized()
23-Oct-2019 20:30:12.873 INFO [main] org.apache.catalina.core.ApplicationContext.log ContextListener: attributeAdded('StockTicker', 'async.Stockticker@2a5c8d3f')
23-Oct-2019 20:57:15.105 INFO [Catalina-utility-2] org.apache.catalina.core.ApplicationContext.log SessionListener: sessionDestroyed('4E76C18CF60E9736A099C6067ABF22F1')
