28-Oct-2019 00:37:38.994 INFO [main] org.apache.catalina.core.ApplicationContext.log SessionListener: contextDestroyed()
28-Oct-2019 00:37:39.001 INFO [main] org.apache.catalina.core.ApplicationContext.log ContextListener: contextDestroyed()
28-Oct-2019 00:37:46.669 INFO [main] org.apache.catalina.core.ApplicationContext.log ContextListener: contextInitialized()
28-Oct-2019 00:37:46.673 INFO [main] org.apache.catalina.core.ApplicationContext.log SessionListener: contextInitialized()
28-Oct-2019 00:37:46.678 INFO [main] org.apache.catalina.core.ApplicationContext.log ContextListener: attributeAdded('StockTicker', 'async.Stockticker@2a5c8d3f')
28-Oct-2019 00:44:12.512 INFO [main] org.apache.catalina.core.ApplicationContext.log SessionListener: contextDestroyed()
28-Oct-2019 00:44:12.513 INFO [main] org.apache.catalina.core.ApplicationContext.log ContextListener: contextDestroyed()
28-Oct-2019 00:44:19.300 INFO [main] org.apache.catalina.core.ApplicationContext.log ContextListener: contextInitialized()
28-Oct-2019 00:44:19.307 INFO [main] org.apache.catalina.core.ApplicationContext.log SessionListener: contextInitialized()
28-Oct-2019 00:44:19.312 INFO [main] org.apache.catalina.core.ApplicationContext.log ContextListener: attributeAdded('StockTicker', 'async.Stockticker@2a5c8d3f')
28-Oct-2019 03:34:09.421 INFO [main] org.apache.catalina.core.ApplicationContext.log SessionListener: contextDestroyed()
28-Oct-2019 03:34:09.422 INFO [main] org.apache.catalina.core.ApplicationContext.log ContextListener: contextDestroyed()
28-Oct-2019 03:34:20.704 INFO [main] org.apache.catalina.core.ApplicationContext.log ContextListener: contextInitialized()
28-Oct-2019 03:34:20.707 INFO [main] org.apache.catalina.core.ApplicationContext.log SessionListener: contextInitialized()
28-Oct-2019 03:34:20.713 INFO [main] org.apache.catalina.core.ApplicationContext.log ContextListener: attributeAdded('StockTicker', 'async.Stockticker@2a5c8d3f')
28-Oct-2019 03:40:09.169 INFO [main] org.apache.catalina.core.ApplicationContext.log SessionListener: contextDestroyed()
28-Oct-2019 03:40:09.171 INFO [main] org.apache.catalina.core.ApplicationContext.log ContextListener: contextDestroyed()
28-Oct-2019 03:40:17.228 INFO [main] org.apache.catalina.core.ApplicationContext.log ContextListener: contextInitialized()
28-Oct-2019 03:40:17.234 INFO [main] org.apache.catalina.core.ApplicationContext.log SessionListener: contextInitialized()
28-Oct-2019 03:40:17.237 INFO [main] org.apache.catalina.core.ApplicationContext.log ContextListener: attributeAdded('StockTicker', 'async.Stockticker@39655d3e')
28-Oct-2019 03:43:09.599 INFO [main] org.apache.catalina.core.ApplicationContext.log SessionListener: contextDestroyed()
28-Oct-2019 03:43:09.600 INFO [main] org.apache.catalina.core.ApplicationContext.log ContextListener: contextDestroyed()
28-Oct-2019 03:43:18.383 INFO [main] org.apache.catalina.core.ApplicationContext.log ContextListener: contextInitialized()
28-Oct-2019 03:43:18.386 INFO [main] org.apache.catalina.core.ApplicationContext.log SessionListener: contextInitialized()
28-Oct-2019 03:43:18.393 INFO [main] org.apache.catalina.core.ApplicationContext.log ContextListener: attributeAdded('StockTicker', 'async.Stockticker@39655d3e')
28-Oct-2019 11:09:05.609 INFO [main] org.apache.catalina.core.ApplicationContext.log SessionListener: contextDestroyed()
28-Oct-2019 11:09:05.612 INFO [main] org.apache.catalina.core.ApplicationContext.log ContextListener: contextDestroyed()
28-Oct-2019 11:09:14.203 INFO [main] org.apache.catalina.core.ApplicationContext.log ContextListener: contextInitialized()
28-Oct-2019 11:09:14.210 INFO [main] org.apache.catalina.core.ApplicationContext.log SessionListener: contextInitialized()
28-Oct-2019 11:09:14.217 INFO [main] org.apache.catalina.core.ApplicationContext.log ContextListener: attributeAdded('StockTicker', 'async.Stockticker@39655d3e')
28-Oct-2019 12:37:20.320 INFO [main] org.apache.catalina.core.ApplicationContext.log SessionListener: contextDestroyed()
28-Oct-2019 12:37:20.327 INFO [main] org.apache.catalina.core.ApplicationContext.log ContextListener: contextDestroyed()
28-Oct-2019 12:37:29.928 INFO [main] org.apache.catalina.core.ApplicationContext.log ContextListener: contextInitialized()
28-Oct-2019 12:37:29.934 INFO [main] org.apache.catalina.core.ApplicationContext.log SessionListener: contextInitialized()
28-Oct-2019 12:37:29.937 INFO [main] org.apache.catalina.core.ApplicationContext.log ContextListener: attributeAdded('StockTicker', 'async.Stockticker@39655d3e')
28-Oct-2019 12:42:03.176 INFO [main] org.apache.catalina.core.ApplicationContext.log SessionListener: contextDestroyed()
28-Oct-2019 12:42:03.181 INFO [main] org.apache.catalina.core.ApplicationContext.log ContextListener: contextDestroyed()
28-Oct-2019 12:42:10.991 INFO [main] org.apache.catalina.core.ApplicationContext.log ContextListener: contextInitialized()
28-Oct-2019 12:42:10.995 INFO [main] org.apache.catalina.core.ApplicationContext.log SessionListener: contextInitialized()
28-Oct-2019 12:42:10.999 INFO [main] org.apache.catalina.core.ApplicationContext.log ContextListener: attributeAdded('StockTicker', 'async.Stockticker@39655d3e')
28-Oct-2019 12:48:13.330 INFO [main] org.apache.catalina.core.ApplicationContext.log SessionListener: contextDestroyed()
28-Oct-2019 12:48:13.332 INFO [main] org.apache.catalina.core.ApplicationContext.log ContextListener: contextDestroyed()
28-Oct-2019 12:48:20.920 INFO [main] org.apache.catalina.core.ApplicationContext.log ContextListener: contextInitialized()
28-Oct-2019 12:48:20.926 INFO [main] org.apache.catalina.core.ApplicationContext.log SessionListener: contextInitialized()
28-Oct-2019 12:48:20.932 INFO [main] org.apache.catalina.core.ApplicationContext.log ContextListener: attributeAdded('StockTicker', 'async.Stockticker@39655d3e')
28-Oct-2019 12:49:16.907 INFO [main] org.apache.catalina.core.ApplicationContext.log SessionListener: contextDestroyed()
28-Oct-2019 12:49:16.909 INFO [main] org.apache.catalina.core.ApplicationContext.log ContextListener: contextDestroyed()
28-Oct-2019 12:49:24.746 INFO [main] org.apache.catalina.core.ApplicationContext.log ContextListener: contextInitialized()
28-Oct-2019 12:49:24.747 INFO [main] org.apache.catalina.core.ApplicationContext.log SessionListener: contextInitialized()
28-Oct-2019 12:49:24.754 INFO [main] org.apache.catalina.core.ApplicationContext.log ContextListener: attributeAdded('StockTicker', 'async.Stockticker@39655d3e')
28-Oct-2019 12:53:47.446 INFO [main] org.apache.catalina.core.ApplicationContext.log SessionListener: contextDestroyed()
28-Oct-2019 12:53:47.448 INFO [main] org.apache.catalina.core.ApplicationContext.log ContextListener: contextDestroyed()
28-Oct-2019 12:53:55.228 INFO [main] org.apache.catalina.core.ApplicationContext.log ContextListener: contextInitialized()
28-Oct-2019 12:53:55.234 INFO [main] org.apache.catalina.core.ApplicationContext.log SessionListener: contextInitialized()
28-Oct-2019 12:53:55.237 INFO [main] org.apache.catalina.core.ApplicationContext.log ContextListener: attributeAdded('StockTicker', 'async.Stockticker@39655d3e')
28-Oct-2019 12:56:07.241 INFO [main] org.apache.catalina.core.ApplicationContext.log SessionListener: contextDestroyed()
28-Oct-2019 12:56:07.247 INFO [main] org.apache.catalina.core.ApplicationContext.log ContextListener: contextDestroyed()
28-Oct-2019 12:56:14.830 INFO [main] org.apache.catalina.core.ApplicationContext.log ContextListener: contextInitialized()
28-Oct-2019 12:56:14.834 INFO [main] org.apache.catalina.core.ApplicationContext.log SessionListener: contextInitialized()
28-Oct-2019 12:56:14.838 INFO [main] org.apache.catalina.core.ApplicationContext.log ContextListener: attributeAdded('StockTicker', 'async.Stockticker@39655d3e')
28-Oct-2019 12:56:19.725 INFO [main] org.apache.catalina.core.ApplicationContext.log SessionListener: contextDestroyed()
28-Oct-2019 12:56:19.730 INFO [main] org.apache.catalina.core.ApplicationContext.log ContextListener: contextDestroyed()
28-Oct-2019 12:56:27.508 INFO [main] org.apache.catalina.core.ApplicationContext.log ContextListener: contextInitialized()
28-Oct-2019 12:56:27.510 INFO [main] org.apache.catalina.core.ApplicationContext.log SessionListener: contextInitialized()
28-Oct-2019 12:56:27.515 INFO [main] org.apache.catalina.core.ApplicationContext.log ContextListener: attributeAdded('StockTicker', 'async.Stockticker@39655d3e')
28-Oct-2019 12:59:25.458 INFO [main] org.apache.catalina.core.ApplicationContext.log SessionListener: contextDestroyed()
28-Oct-2019 12:59:25.462 INFO [main] org.apache.catalina.core.ApplicationContext.log ContextListener: contextDestroyed()
28-Oct-2019 12:59:33.233 INFO [main] org.apache.catalina.core.ApplicationContext.log ContextListener: contextInitialized()
28-Oct-2019 12:59:33.235 INFO [main] org.apache.catalina.core.ApplicationContext.log SessionListener: contextInitialized()
28-Oct-2019 12:59:33.246 INFO [main] org.apache.catalina.core.ApplicationContext.log ContextListener: attributeAdded('StockTicker', 'async.Stockticker@39655d3e')
28-Oct-2019 13:01:55.214 INFO [main] org.apache.catalina.core.ApplicationContext.log SessionListener: contextDestroyed()
28-Oct-2019 13:01:55.218 INFO [main] org.apache.catalina.core.ApplicationContext.log ContextListener: contextDestroyed()
28-Oct-2019 13:02:03.074 INFO [main] org.apache.catalina.core.ApplicationContext.log ContextListener: contextInitialized()
28-Oct-2019 13:02:03.076 INFO [main] org.apache.catalina.core.ApplicationContext.log SessionListener: contextInitialized()
28-Oct-2019 13:02:03.087 INFO [main] org.apache.catalina.core.ApplicationContext.log ContextListener: attributeAdded('StockTicker', 'async.Stockticker@39655d3e')
