29-Oct-2019 11:01:03.294 INFO [main] org.apache.catalina.core.ApplicationContext.log SessionListener: contextDestroyed()
29-Oct-2019 11:01:03.297 INFO [main] org.apache.catalina.core.ApplicationContext.log ContextListener: contextDestroyed()
29-Oct-2019 11:01:12.720 INFO [main] org.apache.catalina.core.ApplicationContext.log ContextListener: contextInitialized()
29-Oct-2019 11:01:12.726 INFO [main] org.apache.catalina.core.ApplicationContext.log SessionListener: contextInitialized()
29-Oct-2019 11:01:12.729 INFO [main] org.apache.catalina.core.ApplicationContext.log ContextListener: attributeAdded('StockTicker', 'async.Stockticker@39655d3e')
29-Oct-2019 13:35:41.692 INFO [main] org.apache.catalina.core.ApplicationContext.log SessionListener: contextDestroyed()
29-Oct-2019 13:35:41.696 INFO [main] org.apache.catalina.core.ApplicationContext.log ContextListener: contextDestroyed()
29-Oct-2019 13:35:51.976 INFO [main] org.apache.catalina.core.ApplicationContext.log ContextListener: contextInitialized()
29-Oct-2019 13:35:51.982 INFO [main] org.apache.catalina.core.ApplicationContext.log SessionListener: contextInitialized()
29-Oct-2019 13:35:51.989 INFO [main] org.apache.catalina.core.ApplicationContext.log ContextListener: attributeAdded('StockTicker', 'async.Stockticker@39655d3e')
29-Oct-2019 13:37:30.578 INFO [main] org.apache.catalina.core.ApplicationContext.log SessionListener: contextDestroyed()
29-Oct-2019 13:37:30.590 INFO [main] org.apache.catalina.core.ApplicationContext.log ContextListener: contextDestroyed()
29-Oct-2019 13:37:39.227 INFO [main] org.apache.catalina.core.ApplicationContext.log ContextListener: contextInitialized()
29-Oct-2019 13:37:39.230 INFO [main] org.apache.catalina.core.ApplicationContext.log SessionListener: contextInitialized()
29-Oct-2019 13:37:39.234 INFO [main] org.apache.catalina.core.ApplicationContext.log ContextListener: attributeAdded('StockTicker', 'async.Stockticker@39655d3e')
29-Oct-2019 13:42:26.928 INFO [main] org.apache.catalina.core.ApplicationContext.log SessionListener: contextDestroyed()
29-Oct-2019 13:42:26.928 INFO [main] org.apache.catalina.core.ApplicationContext.log ContextListener: contextDestroyed()
29-Oct-2019 13:42:35.499 INFO [main] org.apache.catalina.core.ApplicationContext.log ContextListener: contextInitialized()
29-Oct-2019 13:42:35.501 INFO [main] org.apache.catalina.core.ApplicationContext.log SessionListener: contextInitialized()
29-Oct-2019 13:42:35.507 INFO [main] org.apache.catalina.core.ApplicationContext.log ContextListener: attributeAdded('StockTicker', 'async.Stockticker@39655d3e')
29-Oct-2019 13:43:12.280 INFO [main] org.apache.catalina.core.ApplicationContext.log SessionListener: contextDestroyed()
29-Oct-2019 13:43:12.281 INFO [main] org.apache.catalina.core.ApplicationContext.log ContextListener: contextDestroyed()
29-Oct-2019 13:43:20.770 INFO [main] org.apache.catalina.core.ApplicationContext.log ContextListener: contextInitialized()
29-Oct-2019 13:43:20.774 INFO [main] org.apache.catalina.core.ApplicationContext.log SessionListener: contextInitialized()
29-Oct-2019 13:43:20.779 INFO [main] org.apache.catalina.core.ApplicationContext.log ContextListener: attributeAdded('StockTicker', 'async.Stockticker@39655d3e')
29-Oct-2019 13:43:31.247 INFO [main] org.apache.catalina.core.ApplicationContext.log SessionListener: contextDestroyed()
29-Oct-2019 13:43:31.247 INFO [main] org.apache.catalina.core.ApplicationContext.log ContextListener: contextDestroyed()
29-Oct-2019 13:43:39.360 INFO [main] org.apache.catalina.core.ApplicationContext.log ContextListener: contextInitialized()
29-Oct-2019 13:43:39.362 INFO [main] org.apache.catalina.core.ApplicationContext.log SessionListener: contextInitialized()
29-Oct-2019 13:43:39.369 INFO [main] org.apache.catalina.core.ApplicationContext.log ContextListener: attributeAdded('StockTicker', 'async.Stockticker@39655d3e')
29-Oct-2019 13:44:23.191 INFO [main] org.apache.catalina.core.ApplicationContext.log SessionListener: contextDestroyed()
29-Oct-2019 13:44:23.194 INFO [main] org.apache.catalina.core.ApplicationContext.log ContextListener: contextDestroyed()
29-Oct-2019 13:44:31.564 INFO [main] org.apache.catalina.core.ApplicationContext.log ContextListener: contextInitialized()
29-Oct-2019 13:44:31.570 INFO [main] org.apache.catalina.core.ApplicationContext.log SessionListener: contextInitialized()
29-Oct-2019 13:44:31.573 INFO [main] org.apache.catalina.core.ApplicationContext.log ContextListener: attributeAdded('StockTicker', 'async.Stockticker@39655d3e')
29-Oct-2019 13:46:06.567 INFO [main] org.apache.catalina.core.ApplicationContext.log SessionListener: contextDestroyed()
29-Oct-2019 13:46:06.571 INFO [main] org.apache.catalina.core.ApplicationContext.log ContextListener: contextDestroyed()
29-Oct-2019 13:46:15.044 INFO [main] org.apache.catalina.core.ApplicationContext.log ContextListener: contextInitialized()
29-Oct-2019 13:46:15.049 INFO [main] org.apache.catalina.core.ApplicationContext.log SessionListener: contextInitialized()
29-Oct-2019 13:46:15.054 INFO [main] org.apache.catalina.core.ApplicationContext.log ContextListener: attributeAdded('StockTicker', 'async.Stockticker@39655d3e')
29-Oct-2019 13:46:28.025 INFO [main] org.apache.catalina.core.ApplicationContext.log SessionListener: contextDestroyed()
29-Oct-2019 13:46:28.025 INFO [main] org.apache.catalina.core.ApplicationContext.log ContextListener: contextDestroyed()
29-Oct-2019 13:46:36.906 INFO [main] org.apache.catalina.core.ApplicationContext.log ContextListener: contextInitialized()
29-Oct-2019 13:46:36.910 INFO [main] org.apache.catalina.core.ApplicationContext.log SessionListener: contextInitialized()
29-Oct-2019 13:46:36.914 INFO [main] org.apache.catalina.core.ApplicationContext.log ContextListener: attributeAdded('StockTicker', 'async.Stockticker@39655d3e')
29-Oct-2019 13:46:58.420 INFO [main] org.apache.catalina.core.ApplicationContext.log SessionListener: contextDestroyed()
29-Oct-2019 13:46:58.422 INFO [main] org.apache.catalina.core.ApplicationContext.log ContextListener: contextDestroyed()
29-Oct-2019 13:47:06.866 INFO [main] org.apache.catalina.core.ApplicationContext.log ContextListener: contextInitialized()
29-Oct-2019 13:47:06.870 INFO [main] org.apache.catalina.core.ApplicationContext.log SessionListener: contextInitialized()
29-Oct-2019 13:47:06.874 INFO [main] org.apache.catalina.core.ApplicationContext.log ContextListener: attributeAdded('StockTicker', 'async.Stockticker@39655d3e')
29-Oct-2019 13:52:43.239 INFO [main] org.apache.catalina.core.ApplicationContext.log SessionListener: contextDestroyed()
29-Oct-2019 13:52:43.245 INFO [main] org.apache.catalina.core.ApplicationContext.log ContextListener: contextDestroyed()
29-Oct-2019 13:52:52.291 INFO [main] org.apache.catalina.core.ApplicationContext.log ContextListener: contextInitialized()
29-Oct-2019 13:52:52.294 INFO [main] org.apache.catalina.core.ApplicationContext.log SessionListener: contextInitialized()
29-Oct-2019 13:52:52.298 INFO [main] org.apache.catalina.core.ApplicationContext.log ContextListener: attributeAdded('StockTicker', 'async.Stockticker@39655d3e')
29-Oct-2019 14:11:26.722 INFO [main] org.apache.catalina.core.ApplicationContext.log SessionListener: contextDestroyed()
29-Oct-2019 14:11:26.722 INFO [main] org.apache.catalina.core.ApplicationContext.log ContextListener: contextDestroyed()
29-Oct-2019 14:11:34.615 INFO [main] org.apache.catalina.core.ApplicationContext.log ContextListener: contextInitialized()
29-Oct-2019 14:11:34.616 INFO [main] org.apache.catalina.core.ApplicationContext.log SessionListener: contextInitialized()
29-Oct-2019 14:11:34.620 INFO [main] org.apache.catalina.core.ApplicationContext.log ContextListener: attributeAdded('StockTicker', 'async.Stockticker@39655d3e')
