09-Nov-2019 01:33:18.035 INFO [main] org.apache.catalina.core.ApplicationContext.log SessionListener: contextDestroyed()
09-Nov-2019 01:33:18.061 INFO [main] org.apache.catalina.core.ApplicationContext.log ContextListener: contextDestroyed()
09-Nov-2019 01:33:35.707 INFO [main] org.apache.catalina.core.ApplicationContext.log ContextListener: contextInitialized()
09-Nov-2019 01:33:35.714 INFO [main] org.apache.catalina.core.ApplicationContext.log SessionListener: contextInitialized()
09-Nov-2019 01:33:35.721 INFO [main] org.apache.catalina.core.ApplicationContext.log ContextListener: attributeAdded('StockTicker', 'async.Stockticker@1554eaa4')
09-Nov-2019 01:39:06.891 INFO [main] org.apache.catalina.core.ApplicationContext.log SessionListener: contextDestroyed()
09-Nov-2019 01:39:06.892 INFO [main] org.apache.catalina.core.ApplicationContext.log ContextListener: contextDestroyed()
09-Nov-2019 01:39:18.607 INFO [main] org.apache.catalina.core.ApplicationContext.log ContextListener: contextInitialized()
09-Nov-2019 01:39:18.610 INFO [main] org.apache.catalina.core.ApplicationContext.log SessionListener: contextInitialized()
09-Nov-2019 01:39:18.614 INFO [main] org.apache.catalina.core.ApplicationContext.log ContextListener: attributeAdded('StockTicker', 'async.Stockticker@1554eaa4')
09-Nov-2019 01:43:58.380 INFO [main] org.apache.catalina.core.ApplicationContext.log SessionListener: contextDestroyed()
09-Nov-2019 01:43:58.381 INFO [main] org.apache.catalina.core.ApplicationContext.log ContextListener: contextDestroyed()
09-Nov-2019 01:44:11.196 INFO [main] org.apache.catalina.core.ApplicationContext.log ContextListener: contextInitialized()
09-Nov-2019 01:44:11.199 INFO [main] org.apache.catalina.core.ApplicationContext.log SessionListener: contextInitialized()
09-Nov-2019 01:44:11.203 INFO [main] org.apache.catalina.core.ApplicationContext.log ContextListener: attributeAdded('StockTicker', 'async.Stockticker@1554eaa4')
09-Nov-2019 02:12:00.630 INFO [main] org.apache.catalina.core.ApplicationContext.log SessionListener: contextDestroyed()
09-Nov-2019 02:12:00.633 INFO [main] org.apache.catalina.core.ApplicationContext.log ContextListener: contextDestroyed()
09-Nov-2019 02:12:15.211 INFO [main] org.apache.catalina.core.ApplicationContext.log ContextListener: contextInitialized()
09-Nov-2019 02:12:15.214 INFO [main] org.apache.catalina.core.ApplicationContext.log SessionListener: contextInitialized()
09-Nov-2019 02:12:15.218 INFO [main] org.apache.catalina.core.ApplicationContext.log ContextListener: attributeAdded('StockTicker', 'async.Stockticker@1554eaa4')
09-Nov-2019 03:16:50.013 INFO [main] org.apache.catalina.core.ApplicationContext.log SessionListener: contextDestroyed()
09-Nov-2019 03:16:50.014 INFO [main] org.apache.catalina.core.ApplicationContext.log ContextListener: contextDestroyed()
09-Nov-2019 03:17:04.022 INFO [main] org.apache.catalina.core.ApplicationContext.log ContextListener: contextInitialized()
09-Nov-2019 03:17:04.024 INFO [main] org.apache.catalina.core.ApplicationContext.log SessionListener: contextInitialized()
09-Nov-2019 03:17:04.028 INFO [main] org.apache.catalina.core.ApplicationContext.log ContextListener: attributeAdded('StockTicker', 'async.Stockticker@1554eaa4')
09-Nov-2019 11:59:44.069 INFO [main] org.apache.catalina.core.ApplicationContext.log SessionListener: contextDestroyed()
09-Nov-2019 11:59:44.075 INFO [main] org.apache.catalina.core.ApplicationContext.log ContextListener: contextDestroyed()
09-Nov-2019 12:00:02.663 INFO [main] org.apache.catalina.core.ApplicationContext.log ContextListener: contextInitialized()
09-Nov-2019 12:00:02.667 INFO [main] org.apache.catalina.core.ApplicationContext.log SessionListener: contextInitialized()
09-Nov-2019 12:00:02.671 INFO [main] org.apache.catalina.core.ApplicationContext.log ContextListener: attributeAdded('StockTicker', 'async.Stockticker@1554eaa4')
09-Nov-2019 12:03:02.972 INFO [main] org.apache.catalina.core.ApplicationContext.log SessionListener: contextDestroyed()
09-Nov-2019 12:03:02.974 INFO [main] org.apache.catalina.core.ApplicationContext.log ContextListener: contextDestroyed()
09-Nov-2019 12:03:15.520 INFO [main] org.apache.catalina.core.ApplicationContext.log ContextListener: contextInitialized()
09-Nov-2019 12:03:15.521 INFO [main] org.apache.catalina.core.ApplicationContext.log SessionListener: contextInitialized()
09-Nov-2019 12:03:15.524 INFO [main] org.apache.catalina.core.ApplicationContext.log ContextListener: attributeAdded('StockTicker', 'async.Stockticker@3c6b300a')
09-Nov-2019 14:16:14.768 INFO [main] org.apache.catalina.core.ApplicationContext.log SessionListener: contextDestroyed()
09-Nov-2019 14:16:14.777 INFO [main] org.apache.catalina.core.ApplicationContext.log ContextListener: contextDestroyed()
09-Nov-2019 14:16:33.091 INFO [main] org.apache.catalina.core.ApplicationContext.log ContextListener: contextInitialized()
09-Nov-2019 14:16:33.094 INFO [main] org.apache.catalina.core.ApplicationContext.log SessionListener: contextInitialized()
09-Nov-2019 14:16:33.098 INFO [main] org.apache.catalina.core.ApplicationContext.log ContextListener: attributeAdded('StockTicker', 'async.Stockticker@3c6b300a')
09-Nov-2019 14:29:36.597 INFO [main] org.apache.catalina.core.ApplicationContext.log SessionListener: contextDestroyed()
09-Nov-2019 14:29:36.603 INFO [main] org.apache.catalina.core.ApplicationContext.log ContextListener: contextDestroyed()
09-Nov-2019 14:29:50.259 INFO [main] org.apache.catalina.core.ApplicationContext.log ContextListener: contextInitialized()
09-Nov-2019 14:29:50.261 INFO [main] org.apache.catalina.core.ApplicationContext.log SessionListener: contextInitialized()
09-Nov-2019 14:29:50.263 INFO [main] org.apache.catalina.core.ApplicationContext.log ContextListener: attributeAdded('StockTicker', 'async.Stockticker@3c6b300a')
09-Nov-2019 14:31:05.665 INFO [main] org.apache.catalina.core.ApplicationContext.log SessionListener: contextDestroyed()
09-Nov-2019 14:31:05.668 INFO [main] org.apache.catalina.core.ApplicationContext.log ContextListener: contextDestroyed()
09-Nov-2019 14:31:18.287 INFO [main] org.apache.catalina.core.ApplicationContext.log ContextListener: contextInitialized()
09-Nov-2019 14:31:18.290 INFO [main] org.apache.catalina.core.ApplicationContext.log SessionListener: contextInitialized()
09-Nov-2019 14:31:18.294 INFO [main] org.apache.catalina.core.ApplicationContext.log ContextListener: attributeAdded('StockTicker', 'async.Stockticker@3c6b300a')
09-Nov-2019 14:55:59.152 INFO [main] org.apache.catalina.core.ApplicationContext.log SessionListener: contextDestroyed()
09-Nov-2019 14:55:59.154 INFO [main] org.apache.catalina.core.ApplicationContext.log ContextListener: contextDestroyed()
09-Nov-2019 14:56:11.354 INFO [main] org.apache.catalina.core.ApplicationContext.log ContextListener: contextInitialized()
09-Nov-2019 14:56:11.357 INFO [main] org.apache.catalina.core.ApplicationContext.log SessionListener: contextInitialized()
09-Nov-2019 14:56:11.362 INFO [main] org.apache.catalina.core.ApplicationContext.log ContextListener: attributeAdded('StockTicker', 'async.Stockticker@3c6b300a')
09-Nov-2019 15:55:16.857 INFO [main] org.apache.catalina.core.ApplicationContext.log SessionListener: contextDestroyed()
09-Nov-2019 15:55:16.859 INFO [main] org.apache.catalina.core.ApplicationContext.log ContextListener: contextDestroyed()
09-Nov-2019 15:55:31.820 INFO [main] org.apache.catalina.core.ApplicationContext.log ContextListener: contextInitialized()
09-Nov-2019 15:55:31.824 INFO [main] org.apache.catalina.core.ApplicationContext.log SessionListener: contextInitialized()
09-Nov-2019 15:55:31.830 INFO [main] org.apache.catalina.core.ApplicationContext.log ContextListener: attributeAdded('StockTicker', 'async.Stockticker@39655d3e')
09-Nov-2019 18:17:20.757 INFO [main] org.apache.catalina.core.ApplicationContext.log SessionListener: contextDestroyed()
09-Nov-2019 18:17:20.758 INFO [main] org.apache.catalina.core.ApplicationContext.log ContextListener: contextDestroyed()
09-Nov-2019 18:17:35.310 INFO [main] org.apache.catalina.core.ApplicationContext.log ContextListener: contextInitialized()
09-Nov-2019 18:17:35.312 INFO [main] org.apache.catalina.core.ApplicationContext.log SessionListener: contextInitialized()
09-Nov-2019 18:17:35.315 INFO [main] org.apache.catalina.core.ApplicationContext.log ContextListener: attributeAdded('StockTicker', 'async.Stockticker@39655d3e')
09-Nov-2019 18:20:00.167 INFO [main] org.apache.catalina.core.ApplicationContext.log SessionListener: contextDestroyed()
09-Nov-2019 18:20:00.178 INFO [main] org.apache.catalina.core.ApplicationContext.log ContextListener: contextDestroyed()
09-Nov-2019 18:20:09.162 INFO [main] org.apache.catalina.core.ApplicationContext.log ContextListener: contextInitialized()
09-Nov-2019 18:20:09.165 INFO [main] org.apache.catalina.core.ApplicationContext.log SessionListener: contextInitialized()
09-Nov-2019 18:20:09.169 INFO [main] org.apache.catalina.core.ApplicationContext.log ContextListener: attributeAdded('StockTicker', 'async.Stockticker@39655d3e')
09-Nov-2019 18:25:31.233 INFO [main] org.apache.catalina.core.ApplicationContext.log SessionListener: contextDestroyed()
09-Nov-2019 18:25:31.233 INFO [main] org.apache.catalina.core.ApplicationContext.log ContextListener: contextDestroyed()
09-Nov-2019 18:25:40.270 INFO [main] org.apache.catalina.core.ApplicationContext.log ContextListener: contextInitialized()
09-Nov-2019 18:25:40.274 INFO [main] org.apache.catalina.core.ApplicationContext.log SessionListener: contextInitialized()
09-Nov-2019 18:25:40.287 INFO [main] org.apache.catalina.core.ApplicationContext.log ContextListener: attributeAdded('StockTicker', 'async.Stockticker@39655d3e')
09-Nov-2019 18:27:22.899 INFO [main] org.apache.catalina.core.ApplicationContext.log SessionListener: contextDestroyed()
09-Nov-2019 18:27:22.899 INFO [main] org.apache.catalina.core.ApplicationContext.log ContextListener: contextDestroyed()
09-Nov-2019 18:27:32.292 INFO [main] org.apache.catalina.core.ApplicationContext.log ContextListener: contextInitialized()
09-Nov-2019 18:27:32.294 INFO [main] org.apache.catalina.core.ApplicationContext.log SessionListener: contextInitialized()
09-Nov-2019 18:27:32.303 INFO [main] org.apache.catalina.core.ApplicationContext.log ContextListener: attributeAdded('StockTicker', 'async.Stockticker@39655d3e')
09-Nov-2019 18:30:09.226 INFO [main] org.apache.catalina.core.ApplicationContext.log SessionListener: contextDestroyed()
09-Nov-2019 18:30:09.227 INFO [main] org.apache.catalina.core.ApplicationContext.log ContextListener: contextDestroyed()
09-Nov-2019 18:30:18.714 INFO [main] org.apache.catalina.core.ApplicationContext.log ContextListener: contextInitialized()
09-Nov-2019 18:30:18.718 INFO [main] org.apache.catalina.core.ApplicationContext.log SessionListener: contextInitialized()
09-Nov-2019 18:30:18.731 INFO [main] org.apache.catalina.core.ApplicationContext.log ContextListener: attributeAdded('StockTicker', 'async.Stockticker@39655d3e')
09-Nov-2019 18:32:08.631 INFO [main] org.apache.catalina.core.ApplicationContext.log SessionListener: contextDestroyed()
09-Nov-2019 18:32:08.632 INFO [main] org.apache.catalina.core.ApplicationContext.log ContextListener: contextDestroyed()
09-Nov-2019 18:32:17.999 INFO [main] org.apache.catalina.core.ApplicationContext.log ContextListener: contextInitialized()
09-Nov-2019 18:32:18.002 INFO [main] org.apache.catalina.core.ApplicationContext.log SessionListener: contextInitialized()
09-Nov-2019 18:32:18.006 INFO [main] org.apache.catalina.core.ApplicationContext.log ContextListener: attributeAdded('StockTicker', 'async.Stockticker@39655d3e')
09-Nov-2019 18:38:31.566 INFO [main] org.apache.catalina.core.ApplicationContext.log SessionListener: contextDestroyed()
09-Nov-2019 18:38:31.566 INFO [main] org.apache.catalina.core.ApplicationContext.log ContextListener: contextDestroyed()
09-Nov-2019 18:38:41.493 INFO [main] org.apache.catalina.core.ApplicationContext.log ContextListener: contextInitialized()
09-Nov-2019 18:38:41.495 INFO [main] org.apache.catalina.core.ApplicationContext.log SessionListener: contextInitialized()
09-Nov-2019 18:38:41.499 INFO [main] org.apache.catalina.core.ApplicationContext.log ContextListener: attributeAdded('StockTicker', 'async.Stockticker@39655d3e')
09-Nov-2019 18:41:38.114 INFO [main] org.apache.catalina.core.ApplicationContext.log SessionListener: contextDestroyed()
09-Nov-2019 18:41:38.116 INFO [main] org.apache.catalina.core.ApplicationContext.log ContextListener: contextDestroyed()
09-Nov-2019 18:41:48.143 INFO [main] org.apache.catalina.core.ApplicationContext.log ContextListener: contextInitialized()
09-Nov-2019 18:41:48.151 INFO [main] org.apache.catalina.core.ApplicationContext.log SessionListener: contextInitialized()
09-Nov-2019 18:41:48.167 INFO [main] org.apache.catalina.core.ApplicationContext.log ContextListener: attributeAdded('StockTicker', 'async.Stockticker@39655d3e')
09-Nov-2019 18:53:39.163 INFO [main] org.apache.catalina.core.ApplicationContext.log SessionListener: contextDestroyed()
09-Nov-2019 18:53:39.166 INFO [main] org.apache.catalina.core.ApplicationContext.log ContextListener: contextDestroyed()
09-Nov-2019 18:53:48.783 INFO [main] org.apache.catalina.core.ApplicationContext.log ContextListener: contextInitialized()
09-Nov-2019 18:53:48.787 INFO [main] org.apache.catalina.core.ApplicationContext.log SessionListener: contextInitialized()
09-Nov-2019 18:53:48.798 INFO [main] org.apache.catalina.core.ApplicationContext.log ContextListener: attributeAdded('StockTicker', 'async.Stockticker@39655d3e')
09-Nov-2019 19:01:13.304 INFO [main] org.apache.catalina.core.ApplicationContext.log SessionListener: contextDestroyed()
09-Nov-2019 19:01:13.305 INFO [main] org.apache.catalina.core.ApplicationContext.log ContextListener: contextDestroyed()
09-Nov-2019 19:01:21.617 INFO [main] org.apache.catalina.core.ApplicationContext.log ContextListener: contextInitialized()
09-Nov-2019 19:01:21.618 INFO [main] org.apache.catalina.core.ApplicationContext.log SessionListener: contextInitialized()
09-Nov-2019 19:01:21.622 INFO [main] org.apache.catalina.core.ApplicationContext.log ContextListener: attributeAdded('StockTicker', 'async.Stockticker@39655d3e')
09-Nov-2019 19:16:34.628 INFO [main] org.apache.catalina.core.ApplicationContext.log SessionListener: contextDestroyed()
09-Nov-2019 19:16:34.629 INFO [main] org.apache.catalina.core.ApplicationContext.log ContextListener: contextDestroyed()
09-Nov-2019 19:16:43.058 INFO [main] org.apache.catalina.core.ApplicationContext.log ContextListener: contextInitialized()
09-Nov-2019 19:16:43.062 INFO [main] org.apache.catalina.core.ApplicationContext.log SessionListener: contextInitialized()
09-Nov-2019 19:16:43.067 INFO [main] org.apache.catalina.core.ApplicationContext.log ContextListener: attributeAdded('StockTicker', 'async.Stockticker@39655d3e')
09-Nov-2019 19:23:03.252 INFO [main] org.apache.catalina.core.ApplicationContext.log SessionListener: contextDestroyed()
09-Nov-2019 19:23:03.252 INFO [main] org.apache.catalina.core.ApplicationContext.log ContextListener: contextDestroyed()
09-Nov-2019 19:23:12.148 INFO [main] org.apache.catalina.core.ApplicationContext.log ContextListener: contextInitialized()
09-Nov-2019 19:23:12.154 INFO [main] org.apache.catalina.core.ApplicationContext.log SessionListener: contextInitialized()
09-Nov-2019 19:23:12.157 INFO [main] org.apache.catalina.core.ApplicationContext.log ContextListener: attributeAdded('StockTicker', 'async.Stockticker@39655d3e')
09-Nov-2019 19:27:27.544 INFO [main] org.apache.catalina.core.ApplicationContext.log SessionListener: contextDestroyed()
09-Nov-2019 19:27:27.545 INFO [main] org.apache.catalina.core.ApplicationContext.log ContextListener: contextDestroyed()
09-Nov-2019 19:27:36.513 INFO [main] org.apache.catalina.core.ApplicationContext.log ContextListener: contextInitialized()
09-Nov-2019 19:27:36.516 INFO [main] org.apache.catalina.core.ApplicationContext.log SessionListener: contextInitialized()
09-Nov-2019 19:27:36.519 INFO [main] org.apache.catalina.core.ApplicationContext.log ContextListener: attributeAdded('StockTicker', 'async.Stockticker@39655d3e')
09-Nov-2019 19:30:21.243 INFO [main] org.apache.catalina.core.ApplicationContext.log SessionListener: contextDestroyed()
09-Nov-2019 19:30:21.243 INFO [main] org.apache.catalina.core.ApplicationContext.log ContextListener: contextDestroyed()
09-Nov-2019 19:30:30.088 INFO [main] org.apache.catalina.core.ApplicationContext.log ContextListener: contextInitialized()
09-Nov-2019 19:30:30.091 INFO [main] org.apache.catalina.core.ApplicationContext.log SessionListener: contextInitialized()
09-Nov-2019 19:30:30.096 INFO [main] org.apache.catalina.core.ApplicationContext.log ContextListener: attributeAdded('StockTicker', 'async.Stockticker@39655d3e')
09-Nov-2019 19:31:45.374 INFO [main] org.apache.catalina.core.ApplicationContext.log SessionListener: contextDestroyed()
09-Nov-2019 19:31:45.381 INFO [main] org.apache.catalina.core.ApplicationContext.log ContextListener: contextDestroyed()
09-Nov-2019 19:31:54.236 INFO [main] org.apache.catalina.core.ApplicationContext.log ContextListener: contextInitialized()
09-Nov-2019 19:31:54.246 INFO [main] org.apache.catalina.core.ApplicationContext.log SessionListener: contextInitialized()
09-Nov-2019 19:31:54.251 INFO [main] org.apache.catalina.core.ApplicationContext.log ContextListener: attributeAdded('StockTicker', 'async.Stockticker@39655d3e')
09-Nov-2019 19:35:25.770 INFO [main] org.apache.catalina.core.ApplicationContext.log SessionListener: contextDestroyed()
09-Nov-2019 19:35:25.772 INFO [main] org.apache.catalina.core.ApplicationContext.log ContextListener: contextDestroyed()
09-Nov-2019 19:35:35.716 INFO [main] org.apache.catalina.core.ApplicationContext.log ContextListener: contextInitialized()
09-Nov-2019 19:35:35.718 INFO [main] org.apache.catalina.core.ApplicationContext.log SessionListener: contextInitialized()
09-Nov-2019 19:35:35.724 INFO [main] org.apache.catalina.core.ApplicationContext.log ContextListener: attributeAdded('StockTicker', 'async.Stockticker@39655d3e')
09-Nov-2019 19:37:30.680 INFO [main] org.apache.catalina.core.ApplicationContext.log SessionListener: contextDestroyed()
09-Nov-2019 19:37:30.680 INFO [main] org.apache.catalina.core.ApplicationContext.log ContextListener: contextDestroyed()
09-Nov-2019 19:37:40.525 INFO [main] org.apache.catalina.core.ApplicationContext.log ContextListener: contextInitialized()
09-Nov-2019 19:37:40.536 INFO [main] org.apache.catalina.core.ApplicationContext.log SessionListener: contextInitialized()
09-Nov-2019 19:37:40.554 INFO [main] org.apache.catalina.core.ApplicationContext.log ContextListener: attributeAdded('StockTicker', 'async.Stockticker@39655d3e')
09-Nov-2019 19:39:09.706 INFO [main] org.apache.catalina.core.ApplicationContext.log SessionListener: contextDestroyed()
09-Nov-2019 19:39:09.722 INFO [main] org.apache.catalina.core.ApplicationContext.log ContextListener: contextDestroyed()
09-Nov-2019 19:39:19.598 INFO [main] org.apache.catalina.core.ApplicationContext.log ContextListener: contextInitialized()
09-Nov-2019 19:39:19.600 INFO [main] org.apache.catalina.core.ApplicationContext.log SessionListener: contextInitialized()
09-Nov-2019 19:39:19.614 INFO [main] org.apache.catalina.core.ApplicationContext.log ContextListener: attributeAdded('StockTicker', 'async.Stockticker@39655d3e')
09-Nov-2019 19:51:10.186 INFO [main] org.apache.catalina.core.ApplicationContext.log SessionListener: contextDestroyed()
09-Nov-2019 19:51:10.187 INFO [main] org.apache.catalina.core.ApplicationContext.log ContextListener: contextDestroyed()
09-Nov-2019 19:51:19.395 INFO [main] org.apache.catalina.core.ApplicationContext.log ContextListener: contextInitialized()
09-Nov-2019 19:51:19.398 INFO [main] org.apache.catalina.core.ApplicationContext.log SessionListener: contextInitialized()
09-Nov-2019 19:51:19.400 INFO [main] org.apache.catalina.core.ApplicationContext.log ContextListener: attributeAdded('StockTicker', 'async.Stockticker@39655d3e')
09-Nov-2019 19:57:43.218 INFO [main] org.apache.catalina.core.ApplicationContext.log SessionListener: contextDestroyed()
09-Nov-2019 19:57:43.219 INFO [main] org.apache.catalina.core.ApplicationContext.log ContextListener: contextDestroyed()
09-Nov-2019 19:57:52.940 INFO [main] org.apache.catalina.core.ApplicationContext.log ContextListener: contextInitialized()
09-Nov-2019 19:57:52.946 INFO [main] org.apache.catalina.core.ApplicationContext.log SessionListener: contextInitialized()
09-Nov-2019 19:57:52.949 INFO [main] org.apache.catalina.core.ApplicationContext.log ContextListener: attributeAdded('StockTicker', 'async.Stockticker@39655d3e')
09-Nov-2019 20:00:01.523 INFO [main] org.apache.catalina.core.ApplicationContext.log SessionListener: contextDestroyed()
09-Nov-2019 20:00:01.526 INFO [main] org.apache.catalina.core.ApplicationContext.log ContextListener: contextDestroyed()
09-Nov-2019 20:00:10.686 INFO [main] org.apache.catalina.core.ApplicationContext.log ContextListener: contextInitialized()
09-Nov-2019 20:00:10.690 INFO [main] org.apache.catalina.core.ApplicationContext.log SessionListener: contextInitialized()
09-Nov-2019 20:00:10.703 INFO [main] org.apache.catalina.core.ApplicationContext.log ContextListener: attributeAdded('StockTicker', 'async.Stockticker@39655d3e')
09-Nov-2019 20:03:49.802 INFO [main] org.apache.catalina.core.ApplicationContext.log SessionListener: contextDestroyed()
09-Nov-2019 20:03:49.805 INFO [main] org.apache.catalina.core.ApplicationContext.log ContextListener: contextDestroyed()
09-Nov-2019 20:03:58.919 INFO [main] org.apache.catalina.core.ApplicationContext.log ContextListener: contextInitialized()
09-Nov-2019 20:03:58.926 INFO [main] org.apache.catalina.core.ApplicationContext.log SessionListener: contextInitialized()
09-Nov-2019 20:03:58.929 INFO [main] org.apache.catalina.core.ApplicationContext.log ContextListener: attributeAdded('StockTicker', 'async.Stockticker@39655d3e')
09-Nov-2019 20:05:18.433 INFO [main] org.apache.catalina.core.ApplicationContext.log SessionListener: contextDestroyed()
09-Nov-2019 20:05:18.436 INFO [main] org.apache.catalina.core.ApplicationContext.log ContextListener: contextDestroyed()
09-Nov-2019 20:05:27.498 INFO [main] org.apache.catalina.core.ApplicationContext.log ContextListener: contextInitialized()
09-Nov-2019 20:05:27.507 INFO [main] org.apache.catalina.core.ApplicationContext.log SessionListener: contextInitialized()
09-Nov-2019 20:05:27.520 INFO [main] org.apache.catalina.core.ApplicationContext.log ContextListener: attributeAdded('StockTicker', 'async.Stockticker@39655d3e')
09-Nov-2019 20:08:54.947 INFO [main] org.apache.catalina.core.ApplicationContext.log SessionListener: contextDestroyed()
09-Nov-2019 20:08:54.949 INFO [main] org.apache.catalina.core.ApplicationContext.log ContextListener: contextDestroyed()
09-Nov-2019 20:09:04.201 INFO [main] org.apache.catalina.core.ApplicationContext.log ContextListener: contextInitialized()
09-Nov-2019 20:09:04.205 INFO [main] org.apache.catalina.core.ApplicationContext.log SessionListener: contextInitialized()
09-Nov-2019 20:09:04.207 INFO [main] org.apache.catalina.core.ApplicationContext.log ContextListener: attributeAdded('StockTicker', 'async.Stockticker@39655d3e')
09-Nov-2019 20:11:24.628 INFO [main] org.apache.catalina.core.ApplicationContext.log SessionListener: contextDestroyed()
09-Nov-2019 20:11:24.632 INFO [main] org.apache.catalina.core.ApplicationContext.log ContextListener: contextDestroyed()
09-Nov-2019 20:11:33.481 INFO [main] org.apache.catalina.core.ApplicationContext.log ContextListener: contextInitialized()
09-Nov-2019 20:11:33.483 INFO [main] org.apache.catalina.core.ApplicationContext.log SessionListener: contextInitialized()
09-Nov-2019 20:11:33.498 INFO [main] org.apache.catalina.core.ApplicationContext.log ContextListener: attributeAdded('StockTicker', 'async.Stockticker@39655d3e')
09-Nov-2019 20:15:35.581 INFO [main] org.apache.catalina.core.ApplicationContext.log SessionListener: contextDestroyed()
09-Nov-2019 20:15:35.581 INFO [main] org.apache.catalina.core.ApplicationContext.log ContextListener: contextDestroyed()
09-Nov-2019 20:15:45.677 INFO [main] org.apache.catalina.core.ApplicationContext.log ContextListener: contextInitialized()
09-Nov-2019 20:15:45.682 INFO [main] org.apache.catalina.core.ApplicationContext.log SessionListener: contextInitialized()
09-Nov-2019 20:15:45.692 INFO [main] org.apache.catalina.core.ApplicationContext.log ContextListener: attributeAdded('StockTicker', 'async.Stockticker@39655d3e')
09-Nov-2019 20:18:59.312 INFO [main] org.apache.catalina.core.ApplicationContext.log SessionListener: contextDestroyed()
09-Nov-2019 20:18:59.313 INFO [main] org.apache.catalina.core.ApplicationContext.log ContextListener: contextDestroyed()
09-Nov-2019 20:19:09.119 INFO [main] org.apache.catalina.core.ApplicationContext.log ContextListener: contextInitialized()
09-Nov-2019 20:19:09.121 INFO [main] org.apache.catalina.core.ApplicationContext.log SessionListener: contextInitialized()
09-Nov-2019 20:19:09.129 INFO [main] org.apache.catalina.core.ApplicationContext.log ContextListener: attributeAdded('StockTicker', 'async.Stockticker@39655d3e')
09-Nov-2019 20:20:56.869 INFO [main] org.apache.catalina.core.ApplicationContext.log SessionListener: contextDestroyed()
09-Nov-2019 20:20:56.870 INFO [main] org.apache.catalina.core.ApplicationContext.log ContextListener: contextDestroyed()
09-Nov-2019 20:21:06.092 INFO [main] org.apache.catalina.core.ApplicationContext.log ContextListener: contextInitialized()
09-Nov-2019 20:21:06.098 INFO [main] org.apache.catalina.core.ApplicationContext.log SessionListener: contextInitialized()
09-Nov-2019 20:21:06.101 INFO [main] org.apache.catalina.core.ApplicationContext.log ContextListener: attributeAdded('StockTicker', 'async.Stockticker@39655d3e')
09-Nov-2019 20:28:58.802 INFO [main] org.apache.catalina.core.ApplicationContext.log SessionListener: contextDestroyed()
09-Nov-2019 20:28:58.802 INFO [main] org.apache.catalina.core.ApplicationContext.log ContextListener: contextDestroyed()
09-Nov-2019 20:29:07.792 INFO [main] org.apache.catalina.core.ApplicationContext.log ContextListener: contextInitialized()
09-Nov-2019 20:29:07.798 INFO [main] org.apache.catalina.core.ApplicationContext.log SessionListener: contextInitialized()
09-Nov-2019 20:29:07.801 INFO [main] org.apache.catalina.core.ApplicationContext.log ContextListener: attributeAdded('StockTicker', 'async.Stockticker@39655d3e')
09-Nov-2019 20:36:35.964 INFO [main] org.apache.catalina.core.ApplicationContext.log SessionListener: contextDestroyed()
09-Nov-2019 20:36:35.966 INFO [main] org.apache.catalina.core.ApplicationContext.log ContextListener: contextDestroyed()
09-Nov-2019 20:36:44.817 INFO [main] org.apache.catalina.core.ApplicationContext.log ContextListener: contextInitialized()
09-Nov-2019 20:36:44.823 INFO [main] org.apache.catalina.core.ApplicationContext.log SessionListener: contextInitialized()
09-Nov-2019 20:36:44.826 INFO [main] org.apache.catalina.core.ApplicationContext.log ContextListener: attributeAdded('StockTicker', 'async.Stockticker@39655d3e')
09-Nov-2019 20:38:54.882 INFO [main] org.apache.catalina.core.ApplicationContext.log SessionListener: contextDestroyed()
09-Nov-2019 20:38:54.883 INFO [main] org.apache.catalina.core.ApplicationContext.log ContextListener: contextDestroyed()
09-Nov-2019 20:39:04.375 INFO [main] org.apache.catalina.core.ApplicationContext.log ContextListener: contextInitialized()
09-Nov-2019 20:39:04.376 INFO [main] org.apache.catalina.core.ApplicationContext.log SessionListener: contextInitialized()
09-Nov-2019 20:39:04.379 INFO [main] org.apache.catalina.core.ApplicationContext.log ContextListener: attributeAdded('StockTicker', 'async.Stockticker@39655d3e')
09-Nov-2019 20:44:07.489 INFO [Catalina-utility-2] org.apache.catalina.core.ApplicationContext.log SessionListener: contextDestroyed()
09-Nov-2019 20:44:07.491 INFO [Catalina-utility-2] org.apache.catalina.core.ApplicationContext.log ContextListener: contextDestroyed()
09-Nov-2019 20:44:08.325 INFO [Catalina-utility-2] org.apache.catalina.core.ApplicationContext.log ContextListener: contextInitialized()
09-Nov-2019 20:44:08.330 INFO [Catalina-utility-2] org.apache.catalina.core.ApplicationContext.log SessionListener: contextInitialized()
09-Nov-2019 20:44:08.338 INFO [Catalina-utility-2] org.apache.catalina.core.ApplicationContext.log ContextListener: attributeAdded('StockTicker', 'async.Stockticker@3ca2b1c1')
09-Nov-2019 20:45:15.534 INFO [main] org.apache.catalina.core.ApplicationContext.log SessionListener: contextDestroyed()
09-Nov-2019 20:45:15.535 INFO [main] org.apache.catalina.core.ApplicationContext.log ContextListener: contextDestroyed()
09-Nov-2019 20:45:24.400 INFO [main] org.apache.catalina.core.ApplicationContext.log ContextListener: contextInitialized()
09-Nov-2019 20:45:24.402 INFO [main] org.apache.catalina.core.ApplicationContext.log SessionListener: contextInitialized()
09-Nov-2019 20:45:24.406 INFO [main] org.apache.catalina.core.ApplicationContext.log ContextListener: attributeAdded('StockTicker', 'async.Stockticker@39655d3e')
09-Nov-2019 20:46:00.959 INFO [main] org.apache.catalina.core.ApplicationContext.log SessionListener: contextDestroyed()
09-Nov-2019 20:46:00.976 INFO [main] org.apache.catalina.core.ApplicationContext.log ContextListener: contextDestroyed()
09-Nov-2019 20:46:10.816 INFO [main] org.apache.catalina.core.ApplicationContext.log ContextListener: contextInitialized()
09-Nov-2019 20:46:10.820 INFO [main] org.apache.catalina.core.ApplicationContext.log SessionListener: contextInitialized()
09-Nov-2019 20:46:10.825 INFO [main] org.apache.catalina.core.ApplicationContext.log ContextListener: attributeAdded('StockTicker', 'async.Stockticker@39655d3e')
09-Nov-2019 20:49:42.870 INFO [main] org.apache.catalina.core.ApplicationContext.log SessionListener: contextDestroyed()
09-Nov-2019 20:49:42.872 INFO [main] org.apache.catalina.core.ApplicationContext.log ContextListener: contextDestroyed()
09-Nov-2019 20:49:52.720 INFO [main] org.apache.catalina.core.ApplicationContext.log ContextListener: contextInitialized()
09-Nov-2019 20:49:52.721 INFO [main] org.apache.catalina.core.ApplicationContext.log SessionListener: contextInitialized()
09-Nov-2019 20:49:52.724 INFO [main] org.apache.catalina.core.ApplicationContext.log ContextListener: attributeAdded('StockTicker', 'async.Stockticker@39655d3e')
09-Nov-2019 20:51:47.583 INFO [main] org.apache.catalina.core.ApplicationContext.log SessionListener: contextDestroyed()
09-Nov-2019 20:51:47.591 INFO [main] org.apache.catalina.core.ApplicationContext.log ContextListener: contextDestroyed()
09-Nov-2019 20:51:56.406 INFO [main] org.apache.catalina.core.ApplicationContext.log ContextListener: contextInitialized()
09-Nov-2019 20:51:56.417 INFO [main] org.apache.catalina.core.ApplicationContext.log SessionListener: contextInitialized()
09-Nov-2019 20:51:56.419 INFO [main] org.apache.catalina.core.ApplicationContext.log ContextListener: attributeAdded('StockTicker', 'async.Stockticker@39655d3e')
09-Nov-2019 20:55:50.075 INFO [main] org.apache.catalina.core.ApplicationContext.log SessionListener: contextDestroyed()
09-Nov-2019 20:55:50.076 INFO [main] org.apache.catalina.core.ApplicationContext.log ContextListener: contextDestroyed()
09-Nov-2019 20:56:00.113 INFO [main] org.apache.catalina.core.ApplicationContext.log ContextListener: contextInitialized()
09-Nov-2019 20:56:00.114 INFO [main] org.apache.catalina.core.ApplicationContext.log SessionListener: contextInitialized()
09-Nov-2019 20:56:00.120 INFO [main] org.apache.catalina.core.ApplicationContext.log ContextListener: attributeAdded('StockTicker', 'async.Stockticker@39655d3e')
09-Nov-2019 21:37:08.353 INFO [main] org.apache.catalina.core.ApplicationContext.log SessionListener: contextDestroyed()
09-Nov-2019 21:37:08.353 INFO [main] org.apache.catalina.core.ApplicationContext.log ContextListener: contextDestroyed()
09-Nov-2019 21:37:17.665 INFO [main] org.apache.catalina.core.ApplicationContext.log ContextListener: contextInitialized()
09-Nov-2019 21:37:17.667 INFO [main] org.apache.catalina.core.ApplicationContext.log SessionListener: contextInitialized()
09-Nov-2019 21:37:17.669 INFO [main] org.apache.catalina.core.ApplicationContext.log ContextListener: attributeAdded('StockTicker', 'async.Stockticker@39655d3e')
09-Nov-2019 21:40:08.228 INFO [main] org.apache.catalina.core.ApplicationContext.log SessionListener: contextDestroyed()
09-Nov-2019 21:40:08.234 INFO [main] org.apache.catalina.core.ApplicationContext.log ContextListener: contextDestroyed()
09-Nov-2019 21:40:17.365 INFO [main] org.apache.catalina.core.ApplicationContext.log ContextListener: contextInitialized()
09-Nov-2019 21:40:17.369 INFO [main] org.apache.catalina.core.ApplicationContext.log SessionListener: contextInitialized()
09-Nov-2019 21:40:17.373 INFO [main] org.apache.catalina.core.ApplicationContext.log ContextListener: attributeAdded('StockTicker', 'async.Stockticker@39655d3e')
09-Nov-2019 21:41:56.493 INFO [main] org.apache.catalina.core.ApplicationContext.log SessionListener: contextDestroyed()
09-Nov-2019 21:41:56.494 INFO [main] org.apache.catalina.core.ApplicationContext.log ContextListener: contextDestroyed()
09-Nov-2019 21:42:06.611 INFO [main] org.apache.catalina.core.ApplicationContext.log ContextListener: contextInitialized()
09-Nov-2019 21:42:06.620 INFO [main] org.apache.catalina.core.ApplicationContext.log SessionListener: contextInitialized()
09-Nov-2019 21:42:06.632 INFO [main] org.apache.catalina.core.ApplicationContext.log ContextListener: attributeAdded('StockTicker', 'async.Stockticker@39655d3e')
09-Nov-2019 21:48:18.958 INFO [main] org.apache.catalina.core.ApplicationContext.log SessionListener: contextDestroyed()
09-Nov-2019 21:48:18.966 INFO [main] org.apache.catalina.core.ApplicationContext.log ContextListener: contextDestroyed()
09-Nov-2019 21:48:28.946 INFO [main] org.apache.catalina.core.ApplicationContext.log ContextListener: contextInitialized()
09-Nov-2019 21:48:28.953 INFO [main] org.apache.catalina.core.ApplicationContext.log SessionListener: contextInitialized()
09-Nov-2019 21:48:28.960 INFO [main] org.apache.catalina.core.ApplicationContext.log ContextListener: attributeAdded('StockTicker', 'async.Stockticker@39655d3e')
09-Nov-2019 21:53:45.193 INFO [main] org.apache.catalina.core.ApplicationContext.log SessionListener: contextDestroyed()
09-Nov-2019 21:53:45.197 INFO [main] org.apache.catalina.core.ApplicationContext.log ContextListener: contextDestroyed()
09-Nov-2019 21:53:54.086 INFO [main] org.apache.catalina.core.ApplicationContext.log ContextListener: contextInitialized()
09-Nov-2019 21:53:54.090 INFO [main] org.apache.catalina.core.ApplicationContext.log SessionListener: contextInitialized()
09-Nov-2019 21:53:54.098 INFO [main] org.apache.catalina.core.ApplicationContext.log ContextListener: attributeAdded('StockTicker', 'async.Stockticker@39655d3e')
09-Nov-2019 21:55:27.977 INFO [main] org.apache.catalina.core.ApplicationContext.log SessionListener: contextDestroyed()
09-Nov-2019 21:55:27.981 INFO [main] org.apache.catalina.core.ApplicationContext.log ContextListener: contextDestroyed()
09-Nov-2019 21:55:37.041 INFO [main] org.apache.catalina.core.ApplicationContext.log ContextListener: contextInitialized()
09-Nov-2019 21:55:37.043 INFO [main] org.apache.catalina.core.ApplicationContext.log SessionListener: contextInitialized()
09-Nov-2019 21:55:37.045 INFO [main] org.apache.catalina.core.ApplicationContext.log ContextListener: attributeAdded('StockTicker', 'async.Stockticker@39655d3e')
09-Nov-2019 21:59:59.540 INFO [main] org.apache.catalina.core.ApplicationContext.log SessionListener: contextDestroyed()
09-Nov-2019 21:59:59.541 INFO [main] org.apache.catalina.core.ApplicationContext.log ContextListener: contextDestroyed()
09-Nov-2019 22:00:08.623 INFO [main] org.apache.catalina.core.ApplicationContext.log ContextListener: contextInitialized()
09-Nov-2019 22:00:08.626 INFO [main] org.apache.catalina.core.ApplicationContext.log SessionListener: contextInitialized()
09-Nov-2019 22:00:08.633 INFO [main] org.apache.catalina.core.ApplicationContext.log ContextListener: attributeAdded('StockTicker', 'async.Stockticker@39655d3e')
09-Nov-2019 22:01:56.229 INFO [main] org.apache.catalina.core.ApplicationContext.log SessionListener: contextDestroyed()
09-Nov-2019 22:01:56.229 INFO [main] org.apache.catalina.core.ApplicationContext.log ContextListener: contextDestroyed()
09-Nov-2019 22:02:05.824 INFO [main] org.apache.catalina.core.ApplicationContext.log ContextListener: contextInitialized()
09-Nov-2019 22:02:05.833 INFO [main] org.apache.catalina.core.ApplicationContext.log SessionListener: contextInitialized()
09-Nov-2019 22:02:05.851 INFO [main] org.apache.catalina.core.ApplicationContext.log ContextListener: attributeAdded('StockTicker', 'async.Stockticker@39655d3e')
09-Nov-2019 22:03:47.346 INFO [main] org.apache.catalina.core.ApplicationContext.log SessionListener: contextDestroyed()
09-Nov-2019 22:03:47.347 INFO [main] org.apache.catalina.core.ApplicationContext.log ContextListener: contextDestroyed()
09-Nov-2019 22:03:56.620 INFO [main] org.apache.catalina.core.ApplicationContext.log ContextListener: contextInitialized()
09-Nov-2019 22:03:56.626 INFO [main] org.apache.catalina.core.ApplicationContext.log SessionListener: contextInitialized()
09-Nov-2019 22:03:56.633 INFO [main] org.apache.catalina.core.ApplicationContext.log ContextListener: attributeAdded('StockTicker', 'async.Stockticker@39655d3e')
09-Nov-2019 22:07:01.860 INFO [main] org.apache.catalina.core.ApplicationContext.log SessionListener: contextDestroyed()
09-Nov-2019 22:07:01.862 INFO [main] org.apache.catalina.core.ApplicationContext.log ContextListener: contextDestroyed()
09-Nov-2019 22:07:12.243 INFO [main] org.apache.catalina.core.ApplicationContext.log ContextListener: contextInitialized()
09-Nov-2019 22:07:12.246 INFO [main] org.apache.catalina.core.ApplicationContext.log SessionListener: contextInitialized()
09-Nov-2019 22:07:12.250 INFO [main] org.apache.catalina.core.ApplicationContext.log ContextListener: attributeAdded('StockTicker', 'async.Stockticker@39655d3e')
09-Nov-2019 22:13:47.464 INFO [main] org.apache.catalina.core.ApplicationContext.log SessionListener: contextDestroyed()
09-Nov-2019 22:13:47.465 INFO [main] org.apache.catalina.core.ApplicationContext.log ContextListener: contextDestroyed()
09-Nov-2019 22:13:55.506 INFO [main] org.apache.catalina.core.ApplicationContext.log ContextListener: contextInitialized()
09-Nov-2019 22:13:55.511 INFO [main] org.apache.catalina.core.ApplicationContext.log SessionListener: contextInitialized()
09-Nov-2019 22:13:55.514 INFO [main] org.apache.catalina.core.ApplicationContext.log ContextListener: attributeAdded('StockTicker', 'async.Stockticker@39655d3e')
09-Nov-2019 22:15:20.402 INFO [main] org.apache.catalina.core.ApplicationContext.log SessionListener: contextDestroyed()
09-Nov-2019 22:15:20.404 INFO [main] org.apache.catalina.core.ApplicationContext.log ContextListener: contextDestroyed()
09-Nov-2019 22:15:28.780 INFO [main] org.apache.catalina.core.ApplicationContext.log ContextListener: contextInitialized()
09-Nov-2019 22:15:28.785 INFO [main] org.apache.catalina.core.ApplicationContext.log SessionListener: contextInitialized()
09-Nov-2019 22:15:28.788 INFO [main] org.apache.catalina.core.ApplicationContext.log ContextListener: attributeAdded('StockTicker', 'async.Stockticker@39655d3e')
09-Nov-2019 22:16:24.157 INFO [main] org.apache.catalina.core.ApplicationContext.log SessionListener: contextDestroyed()
09-Nov-2019 22:16:24.166 INFO [main] org.apache.catalina.core.ApplicationContext.log ContextListener: contextDestroyed()
09-Nov-2019 22:16:32.107 INFO [main] org.apache.catalina.core.ApplicationContext.log ContextListener: contextInitialized()
09-Nov-2019 22:16:32.114 INFO [main] org.apache.catalina.core.ApplicationContext.log SessionListener: contextInitialized()
09-Nov-2019 22:16:32.127 INFO [main] org.apache.catalina.core.ApplicationContext.log ContextListener: attributeAdded('StockTicker', 'async.Stockticker@39655d3e')
09-Nov-2019 22:26:04.234 INFO [main] org.apache.catalina.core.ApplicationContext.log SessionListener: contextDestroyed()
09-Nov-2019 22:26:04.234 INFO [main] org.apache.catalina.core.ApplicationContext.log ContextListener: contextDestroyed()
09-Nov-2019 22:26:12.625 INFO [main] org.apache.catalina.core.ApplicationContext.log ContextListener: contextInitialized()
09-Nov-2019 22:26:12.627 INFO [main] org.apache.catalina.core.ApplicationContext.log SessionListener: contextInitialized()
09-Nov-2019 22:26:12.633 INFO [main] org.apache.catalina.core.ApplicationContext.log ContextListener: attributeAdded('StockTicker', 'async.Stockticker@39655d3e')
09-Nov-2019 22:28:52.775 INFO [main] org.apache.catalina.core.ApplicationContext.log SessionListener: contextDestroyed()
09-Nov-2019 22:28:52.777 INFO [main] org.apache.catalina.core.ApplicationContext.log ContextListener: contextDestroyed()
09-Nov-2019 22:29:00.944 INFO [main] org.apache.catalina.core.ApplicationContext.log ContextListener: contextInitialized()
09-Nov-2019 22:29:00.950 INFO [main] org.apache.catalina.core.ApplicationContext.log SessionListener: contextInitialized()
09-Nov-2019 22:29:00.953 INFO [main] org.apache.catalina.core.ApplicationContext.log ContextListener: attributeAdded('StockTicker', 'async.Stockticker@39655d3e')
09-Nov-2019 22:30:19.867 INFO [main] org.apache.catalina.core.ApplicationContext.log SessionListener: contextDestroyed()
09-Nov-2019 22:30:19.873 INFO [main] org.apache.catalina.core.ApplicationContext.log ContextListener: contextDestroyed()
09-Nov-2019 22:30:28.380 INFO [main] org.apache.catalina.core.ApplicationContext.log ContextListener: contextInitialized()
09-Nov-2019 22:30:28.381 INFO [main] org.apache.catalina.core.ApplicationContext.log SessionListener: contextInitialized()
09-Nov-2019 22:30:28.392 INFO [main] org.apache.catalina.core.ApplicationContext.log ContextListener: attributeAdded('StockTicker', 'async.Stockticker@39655d3e')
09-Nov-2019 22:37:32.122 INFO [main] org.apache.catalina.core.ApplicationContext.log SessionListener: contextDestroyed()
09-Nov-2019 22:37:32.122 INFO [main] org.apache.catalina.core.ApplicationContext.log ContextListener: contextDestroyed()
09-Nov-2019 22:37:40.509 INFO [main] org.apache.catalina.core.ApplicationContext.log ContextListener: contextInitialized()
09-Nov-2019 22:37:40.511 INFO [main] org.apache.catalina.core.ApplicationContext.log SessionListener: contextInitialized()
09-Nov-2019 22:37:40.515 INFO [main] org.apache.catalina.core.ApplicationContext.log ContextListener: attributeAdded('StockTicker', 'async.Stockticker@39655d3e')
