26-Oct-2019 13:34:04.120 INFO [main] org.apache.catalina.core.ApplicationContext.log SessionListener: contextDestroyed()
26-Oct-2019 13:34:04.128 INFO [main] org.apache.catalina.core.ApplicationContext.log ContextListener: contextDestroyed()
26-Oct-2019 13:34:15.474 INFO [main] org.apache.catalina.core.ApplicationContext.log ContextListener: contextInitialized()
26-Oct-2019 13:34:15.480 INFO [main] org.apache.catalina.core.ApplicationContext.log SessionListener: contextInitialized()
26-Oct-2019 13:34:15.485 INFO [main] org.apache.catalina.core.ApplicationContext.log ContextListener: attributeAdded('StockTicker', 'async.Stockticker@2a5c8d3f')
26-Oct-2019 13:35:05.385 INFO [main] org.apache.catalina.core.ApplicationContext.log SessionListener: contextDestroyed()
26-Oct-2019 13:35:05.386 INFO [main] org.apache.catalina.core.ApplicationContext.log ContextListener: contextDestroyed()
26-Oct-2019 13:35:12.275 INFO [main] org.apache.catalina.core.ApplicationContext.log ContextListener: contextInitialized()
26-Oct-2019 13:35:12.297 INFO [main] org.apache.catalina.core.ApplicationContext.log SessionListener: contextInitialized()
26-Oct-2019 13:35:12.300 INFO [main] org.apache.catalina.core.ApplicationContext.log ContextListener: attributeAdded('StockTicker', 'async.Stockticker@2a5c8d3f')
26-Oct-2019 13:43:57.704 INFO [main] org.apache.catalina.core.ApplicationContext.log SessionListener: contextDestroyed()
26-Oct-2019 13:43:57.707 INFO [main] org.apache.catalina.core.ApplicationContext.log ContextListener: contextDestroyed()
26-Oct-2019 13:44:05.362 INFO [main] org.apache.catalina.core.ApplicationContext.log ContextListener: contextInitialized()
26-Oct-2019 13:44:05.366 INFO [main] org.apache.catalina.core.ApplicationContext.log SessionListener: contextInitialized()
26-Oct-2019 13:44:05.373 INFO [main] org.apache.catalina.core.ApplicationContext.log ContextListener: attributeAdded('StockTicker', 'async.Stockticker@2a5c8d3f')
26-Oct-2019 13:45:28.238 INFO [main] org.apache.catalina.core.ApplicationContext.log SessionListener: contextDestroyed()
26-Oct-2019 13:45:28.242 INFO [main] org.apache.catalina.core.ApplicationContext.log ContextListener: contextDestroyed()
26-Oct-2019 13:45:35.653 INFO [main] org.apache.catalina.core.ApplicationContext.log ContextListener: contextInitialized()
26-Oct-2019 13:45:35.665 INFO [main] org.apache.catalina.core.ApplicationContext.log SessionListener: contextInitialized()
26-Oct-2019 13:45:35.693 INFO [main] org.apache.catalina.core.ApplicationContext.log ContextListener: attributeAdded('StockTicker', 'async.Stockticker@2a5c8d3f')
26-Oct-2019 13:46:27.936 INFO [main] org.apache.catalina.core.ApplicationContext.log SessionListener: contextDestroyed()
26-Oct-2019 13:46:27.944 INFO [main] org.apache.catalina.core.ApplicationContext.log ContextListener: contextDestroyed()
26-Oct-2019 13:46:35.192 INFO [main] org.apache.catalina.core.ApplicationContext.log ContextListener: contextInitialized()
26-Oct-2019 13:46:35.195 INFO [main] org.apache.catalina.core.ApplicationContext.log SessionListener: contextInitialized()
26-Oct-2019 13:46:35.199 INFO [main] org.apache.catalina.core.ApplicationContext.log ContextListener: attributeAdded('StockTicker', 'async.Stockticker@2a5c8d3f')
26-Oct-2019 13:49:06.082 INFO [main] org.apache.catalina.core.ApplicationContext.log SessionListener: contextDestroyed()
26-Oct-2019 13:49:06.089 INFO [main] org.apache.catalina.core.ApplicationContext.log ContextListener: contextDestroyed()
26-Oct-2019 13:49:12.847 INFO [main] org.apache.catalina.core.ApplicationContext.log ContextListener: contextInitialized()
26-Oct-2019 13:49:12.851 INFO [main] org.apache.catalina.core.ApplicationContext.log SessionListener: contextInitialized()
26-Oct-2019 13:49:12.855 INFO [main] org.apache.catalina.core.ApplicationContext.log ContextListener: attributeAdded('StockTicker', 'async.Stockticker@2a5c8d3f')
26-Oct-2019 13:51:01.916 INFO [main] org.apache.catalina.core.ApplicationContext.log SessionListener: contextDestroyed()
26-Oct-2019 13:51:01.920 INFO [main] org.apache.catalina.core.ApplicationContext.log ContextListener: contextDestroyed()
26-Oct-2019 13:51:09.137 INFO [main] org.apache.catalina.core.ApplicationContext.log ContextListener: contextInitialized()
26-Oct-2019 13:51:09.140 INFO [main] org.apache.catalina.core.ApplicationContext.log SessionListener: contextInitialized()
26-Oct-2019 13:51:09.143 INFO [main] org.apache.catalina.core.ApplicationContext.log ContextListener: attributeAdded('StockTicker', 'async.Stockticker@2a5c8d3f')
26-Oct-2019 13:53:17.174 INFO [main] org.apache.catalina.core.ApplicationContext.log SessionListener: contextDestroyed()
26-Oct-2019 13:53:17.175 INFO [main] org.apache.catalina.core.ApplicationContext.log ContextListener: contextDestroyed()
26-Oct-2019 13:53:24.389 INFO [main] org.apache.catalina.core.ApplicationContext.log ContextListener: contextInitialized()
26-Oct-2019 13:53:24.395 INFO [main] org.apache.catalina.core.ApplicationContext.log SessionListener: contextInitialized()
26-Oct-2019 13:53:24.405 INFO [main] org.apache.catalina.core.ApplicationContext.log ContextListener: attributeAdded('StockTicker', 'async.Stockticker@2a5c8d3f')
26-Oct-2019 14:16:15.982 INFO [main] org.apache.catalina.core.ApplicationContext.log SessionListener: contextDestroyed()
26-Oct-2019 14:16:15.984 INFO [main] org.apache.catalina.core.ApplicationContext.log ContextListener: contextDestroyed()
26-Oct-2019 14:16:22.969 INFO [main] org.apache.catalina.core.ApplicationContext.log ContextListener: contextInitialized()
26-Oct-2019 14:16:22.972 INFO [main] org.apache.catalina.core.ApplicationContext.log SessionListener: contextInitialized()
26-Oct-2019 14:16:22.981 INFO [main] org.apache.catalina.core.ApplicationContext.log ContextListener: attributeAdded('StockTicker', 'async.Stockticker@2a5c8d3f')
26-Oct-2019 15:30:25.866 INFO [main] org.apache.catalina.core.ApplicationContext.log SessionListener: contextDestroyed()
26-Oct-2019 15:30:25.866 INFO [main] org.apache.catalina.core.ApplicationContext.log ContextListener: contextDestroyed()
26-Oct-2019 15:30:33.765 INFO [main] org.apache.catalina.core.ApplicationContext.log ContextListener: contextInitialized()
26-Oct-2019 15:30:33.772 INFO [main] org.apache.catalina.core.ApplicationContext.log SessionListener: contextInitialized()
26-Oct-2019 15:30:33.776 INFO [main] org.apache.catalina.core.ApplicationContext.log ContextListener: attributeAdded('StockTicker', 'async.Stockticker@2a5c8d3f')
